This is pdfTeX, Version 3.14159265-2.6-1.40.15 (TeX Live 2015/dev/Debian) (preloaded format=pdflatex 2017.5.25)  2 JUN 2018 22:29
entering extended mode
 restricted \write18 enabled.
 %&-line parsing enabled.
**binveb.tex
(./binveb.tex
LaTeX2e <2014/05/01>
Babel <3.9l> and hyphenation patterns for 2 languages loaded.
(/usr/share/texlive/texmf-dist/tex/latex/base/article.cls
Document Class: article 2014/09/29 v1.4h Standard LaTeX document class
(/usr/share/texlive/texmf-dist/tex/latex/base/size10.clo
File: size10.clo 2014/09/29 v1.4h Standard LaTeX file (size option)
)
\c@part=\count79
\c@section=\count80
\c@subsection=\count81
\c@subsubsection=\count82
\c@paragraph=\count83
\c@subparagraph=\count84
\c@figure=\count85
\c@table=\count86
\abovecaptionskip=\skip41
\belowcaptionskip=\skip42
\bibindent=\dimen102
) (./binveb.aux)
\openout1 = `binveb.aux'.

LaTeX Font Info:    Checking defaults for OML/cmm/m/it on input line 2.
LaTeX Font Info:    ... okay on input line 2.
LaTeX Font Info:    Checking defaults for T1/cmr/m/n on input line 2.
LaTeX Font Info:    ... okay on input line 2.
LaTeX Font Info:    Checking defaults for OT1/cmr/m/n on input line 2.
LaTeX Font Info:    ... okay on input line 2.
LaTeX Font Info:    Checking defaults for OMS/cmsy/m/n on input line 2.
LaTeX Font Info:    ... okay on input line 2.
LaTeX Font Info:    Checking defaults for OMX/cmex/m/n on input line 2.
LaTeX Font Info:    ... okay on input line 2.
LaTeX Font Info:    Checking defaults for U/cmr/m/n on input line 2.
LaTeX Font Info:    ... okay on input line 2.
LaTeX Font Info:    External font `cmex10' loaded for size
(Font)              <7> on input line 10.
LaTeX Font Info:    External font `cmex10' loaded for size
(Font)              <5> on input line 10.

Overfull \hbox (2.94565pt too wide) in paragraph at lines 75--76
\OT1/cmr/m/n/10 (\OML/cmm/m/it/10 '[]\OT1/cmr/m/n/10 (\OML/cmm/m/it/10 ^^M[]\OT
1/cmr/m/n/10 )[\OML/cmm/m/it/10 n\OT1/cmr/m/n/10 ])$, where $\OML/cmm/m/it/10 '
[]\OT1/cmr/m/n/10 (\OML/cmm/m/it/10 ^^M[]\OT1/cmr/m/n/10 ) \OMS/cmsy/m/n/10 ^^U
 \OML/cmm/m/it/10 '[]\OT1/cmr/m/n/10 (\OML/cmm/m/it/10 ^^M[]\OT1/cmr/m/n/10 ) \
OMS/cmsy/m/n/10 ^^U [] ^^U \OML/cmm/m/it/10 '[]\OT1/cmr/m/n/10 (\OML/cmm/m/it/1
0 ^^M[]\OT1/cmr/m/n/10 )$ and $\OML/cmm/m/it/10 ^^M[] < '[]\OT1/cmr/m/n/10 (\OM
L/cmm/m/it/10 ^^M[]\OT1/cmr/m/n/10 )$
 []

[1

{/var/lib/texmf/fonts/map/pdftex/updmap/pdftex.map}] [2] (./binveb.aux) ) 
Here is how much of TeX's memory you used:
 204 strings out of 495020
 2199 string characters out of 6181324
 53949 words of memory out of 5000000
 3505 multiletter control sequences out of 15000+600000
 3640 words of font info for 14 fonts, out of 8000000 for 9000
 14 hyphenation exceptions out of 8191
 23i,4n,19p,434b,174s stack positions out of 5000i,500n,10000p,200000b,80000s
</usr/
share/texlive/texmf-dist/fonts/type1/public/amsfonts/cm/cmmi10.pfb></usr/share/
texlive/texmf-dist/fonts/type1/public/amsfonts/cm/cmmi5.pfb></usr/share/texlive
/texmf-dist/fonts/type1/public/amsfonts/cm/cmmi7.pfb></usr/share/texlive/texmf-
dist/fonts/type1/public/amsfonts/cm/cmr10.pfb></usr/share/texlive/texmf-dist/fo
nts/type1/public/amsfonts/cm/cmr5.pfb></usr/share/texlive/texmf-dist/fonts/type
1/public/amsfonts/cm/cmr7.pfb></usr/share/texlive/texmf-dist/fonts/type1/public
/amsfonts/cm/cmsy10.pfb></usr/share/texlive/texmf-dist/fonts/type1/public/amsfo
nts/cm/cmsy5.pfb></usr/share/texlive/texmf-dist/fonts/type1/public/amsfonts/cm/
cmsy7.pfb>
Output written on binveb.pdf (2 pages, 88619 bytes).
PDF statistics:
 47 PDF objects out of 1000 (max. 8388607)
 33 compressed objects within 1 object stream
 0 named destinations out of 1000 (max. 500000)
 1 words of extra memory for PDF output out of 10000 (max. 10000000)

