This is pdfTeX, Version 3.14159265-2.6-1.40.15 (TeX Live 2015/dev/Debian) (preloaded format=pdflatex 2017.5.25)  15 JUN 2018 21:38
entering extended mode
 restricted \write18 enabled.
 %&-line parsing enabled.
**ordinal_notations_new.tex
(./ordinal_notations_new.tex
LaTeX2e <2014/05/01>
Babel <3.9l> and hyphenation patterns for 2 languages loaded.
(/usr/share/texlive/texmf-dist/tex/latex/base/article.cls
Document Class: article 2014/09/29 v1.4h Standard LaTeX document class
(/usr/share/texlive/texmf-dist/tex/latex/base/size10.clo
File: size10.clo 2014/09/29 v1.4h Standard LaTeX file (size option)
)
\c@part=\count79
\c@section=\count80
\c@subsection=\count81
\c@subsubsection=\count82
\c@paragraph=\count83
\c@subparagraph=\count84
\c@figure=\count85
\c@table=\count86
\abovecaptionskip=\skip41
\belowcaptionskip=\skip42
\bibindent=\dimen102
)
(/usr/share/texlive/texmf-dist/tex/latex/geometry/geometry.sty
Package: geometry 2010/09/12 v5.6 Page Geometry

(/usr/share/texlive/texmf-dist/tex/latex/graphics/keyval.sty
Package: keyval 2014/05/08 v1.15 key=value parser (DPC)
\KV@toks@=\toks14
)
(/usr/share/texlive/texmf-dist/tex/generic/oberdiek/ifpdf.sty
Package: ifpdf 2011/01/30 v2.3 Provides the ifpdf switch (HO)
Package ifpdf Info: pdfTeX in PDF mode is detected.
)
(/usr/share/texlive/texmf-dist/tex/generic/oberdiek/ifvtex.sty
Package: ifvtex 2010/03/01 v1.5 Detect VTeX and its facilities (HO)
Package ifvtex Info: VTeX not detected.
)
(/usr/share/texlive/texmf-dist/tex/generic/ifxetex/ifxetex.sty
Package: ifxetex 2010/09/12 v0.6 Provides ifxetex conditional
)
\Gm@cnth=\count87
\Gm@cntv=\count88
\c@Gm@tempcnt=\count89
\Gm@bindingoffset=\dimen103
\Gm@wd@mp=\dimen104
\Gm@odd@mp=\dimen105
\Gm@even@mp=\dimen106
\Gm@layoutwidth=\dimen107
\Gm@layoutheight=\dimen108
\Gm@layouthoffset=\dimen109
\Gm@layoutvoffset=\dimen110
\Gm@dimlist=\toks15
)
(/usr/share/texlive/texmf-dist/tex/latex/base/inputenc.sty
Package: inputenc 2014/04/30 v1.2b Input encoding file
\inpenc@prehook=\toks16
\inpenc@posthook=\toks17

(/usr/share/texlive/texmf-dist/tex/latex/base/utf8.def
File: utf8.def 2014/09/29 v1.1m UTF-8 support for inputenc
Now handling font encoding OML ...
... no UTF-8 mapping file for font encoding OML
Now handling font encoding T1 ...
... processing UTF-8 mapping file for font encoding T1

(/usr/share/texlive/texmf-dist/tex/latex/base/t1enc.dfu
File: t1enc.dfu 2014/09/29 v1.1m UTF-8 support for inputenc
   defining Unicode char U+00A1 (decimal 161)
   defining Unicode char U+00A3 (decimal 163)
   defining Unicode char U+00AB (decimal 171)
   defining Unicode char U+00BB (decimal 187)
   defining Unicode char U+00BF (decimal 191)
   defining Unicode char U+00C0 (decimal 192)
   defining Unicode char U+00C1 (decimal 193)
   defining Unicode char U+00C2 (decimal 194)
   defining Unicode char U+00C3 (decimal 195)
   defining Unicode char U+00C4 (decimal 196)
   defining Unicode char U+00C5 (decimal 197)
   defining Unicode char U+00C6 (decimal 198)
   defining Unicode char U+00C7 (decimal 199)
   defining Unicode char U+00C8 (decimal 200)
   defining Unicode char U+00C9 (decimal 201)
   defining Unicode char U+00CA (decimal 202)
   defining Unicode char U+00CB (decimal 203)
   defining Unicode char U+00CC (decimal 204)
   defining Unicode char U+00CD (decimal 205)
   defining Unicode char U+00CE (decimal 206)
   defining Unicode char U+00CF (decimal 207)
   defining Unicode char U+00D0 (decimal 208)
   defining Unicode char U+00D1 (decimal 209)
   defining Unicode char U+00D2 (decimal 210)
   defining Unicode char U+00D3 (decimal 211)
   defining Unicode char U+00D4 (decimal 212)
   defining Unicode char U+00D5 (decimal 213)
   defining Unicode char U+00D6 (decimal 214)
   defining Unicode char U+00D8 (decimal 216)
   defining Unicode char U+00D9 (decimal 217)
   defining Unicode char U+00DA (decimal 218)
   defining Unicode char U+00DB (decimal 219)
   defining Unicode char U+00DC (decimal 220)
   defining Unicode char U+00DD (decimal 221)
   defining Unicode char U+00DE (decimal 222)
   defining Unicode char U+00DF (decimal 223)
   defining Unicode char U+00E0 (decimal 224)
   defining Unicode char U+00E1 (decimal 225)
   defining Unicode char U+00E2 (decimal 226)
   defining Unicode char U+00E3 (decimal 227)
   defining Unicode char U+00E4 (decimal 228)
   defining Unicode char U+00E5 (decimal 229)
   defining Unicode char U+00E6 (decimal 230)
   defining Unicode char U+00E7 (decimal 231)
   defining Unicode char U+00E8 (decimal 232)
   defining Unicode char U+00E9 (decimal 233)
   defining Unicode char U+00EA (decimal 234)
   defining Unicode char U+00EB (decimal 235)
   defining Unicode char U+00EC (decimal 236)
   defining Unicode char U+00ED (decimal 237)
   defining Unicode char U+00EE (decimal 238)
   defining Unicode char U+00EF (decimal 239)
   defining Unicode char U+00F0 (decimal 240)
   defining Unicode char U+00F1 (decimal 241)
   defining Unicode char U+00F2 (decimal 242)
   defining Unicode char U+00F3 (decimal 243)
   defining Unicode char U+00F4 (decimal 244)
   defining Unicode char U+00F5 (decimal 245)
   defining Unicode char U+00F6 (decimal 246)
   defining Unicode char U+00F8 (decimal 248)
   defining Unicode char U+00F9 (decimal 249)
   defining Unicode char U+00FA (decimal 250)
   defining Unicode char U+00FB (decimal 251)
   defining Unicode char U+00FC (decimal 252)
   defining Unicode char U+00FD (decimal 253)
   defining Unicode char U+00FE (decimal 254)
   defining Unicode char U+00FF (decimal 255)
   defining Unicode char U+0102 (decimal 258)
   defining Unicode char U+0103 (decimal 259)
   defining Unicode char U+0104 (decimal 260)
   defining Unicode char U+0105 (decimal 261)
   defining Unicode char U+0106 (decimal 262)
   defining Unicode char U+0107 (decimal 263)
   defining Unicode char U+010C (decimal 268)
   defining Unicode char U+010D (decimal 269)
   defining Unicode char U+010E (decimal 270)
   defining Unicode char U+010F (decimal 271)
   defining Unicode char U+0110 (decimal 272)
   defining Unicode char U+0111 (decimal 273)
   defining Unicode char U+0118 (decimal 280)
   defining Unicode char U+0119 (decimal 281)
   defining Unicode char U+011A (decimal 282)
   defining Unicode char U+011B (decimal 283)
   defining Unicode char U+011E (decimal 286)
   defining Unicode char U+011F (decimal 287)
   defining Unicode char U+0130 (decimal 304)
   defining Unicode char U+0131 (decimal 305)
   defining Unicode char U+0132 (decimal 306)
   defining Unicode char U+0133 (decimal 307)
   defining Unicode char U+0139 (decimal 313)
   defining Unicode char U+013A (decimal 314)
   defining Unicode char U+013D (decimal 317)
   defining Unicode char U+013E (decimal 318)
   defining Unicode char U+0141 (decimal 321)
   defining Unicode char U+0142 (decimal 322)
   defining Unicode char U+0143 (decimal 323)
   defining Unicode char U+0144 (decimal 324)
   defining Unicode char U+0147 (decimal 327)
   defining Unicode char U+0148 (decimal 328)
   defining Unicode char U+014A (decimal 330)
   defining Unicode char U+014B (decimal 331)
   defining Unicode char U+0150 (decimal 336)
   defining Unicode char U+0151 (decimal 337)
   defining Unicode char U+0152 (decimal 338)
   defining Unicode char U+0153 (decimal 339)
   defining Unicode char U+0154 (decimal 340)
   defining Unicode char U+0155 (decimal 341)
   defining Unicode char U+0158 (decimal 344)
   defining Unicode char U+0159 (decimal 345)
   defining Unicode char U+015A (decimal 346)
   defining Unicode char U+015B (decimal 347)
   defining Unicode char U+015E (decimal 350)
   defining Unicode char U+015F (decimal 351)
   defining Unicode char U+0160 (decimal 352)
   defining Unicode char U+0161 (decimal 353)
   defining Unicode char U+0162 (decimal 354)
   defining Unicode char U+0163 (decimal 355)
   defining Unicode char U+0164 (decimal 356)
   defining Unicode char U+0165 (decimal 357)
   defining Unicode char U+016E (decimal 366)
   defining Unicode char U+016F (decimal 367)
   defining Unicode char U+0170 (decimal 368)
   defining Unicode char U+0171 (decimal 369)
   defining Unicode char U+0178 (decimal 376)
   defining Unicode char U+0179 (decimal 377)
   defining Unicode char U+017A (decimal 378)
   defining Unicode char U+017B (decimal 379)
   defining Unicode char U+017C (decimal 380)
   defining Unicode char U+017D (decimal 381)
   defining Unicode char U+017E (decimal 382)
   defining Unicode char U+200C (decimal 8204)
   defining Unicode char U+2013 (decimal 8211)
   defining Unicode char U+2014 (decimal 8212)
   defining Unicode char U+2018 (decimal 8216)
   defining Unicode char U+2019 (decimal 8217)
   defining Unicode char U+201A (decimal 8218)
   defining Unicode char U+201C (decimal 8220)
   defining Unicode char U+201D (decimal 8221)
   defining Unicode char U+201E (decimal 8222)
   defining Unicode char U+2030 (decimal 8240)
   defining Unicode char U+2031 (decimal 8241)
   defining Unicode char U+2039 (decimal 8249)
   defining Unicode char U+203A (decimal 8250)
   defining Unicode char U+2423 (decimal 9251)
)
Now handling font encoding OT1 ...
... processing UTF-8 mapping file for font encoding OT1

(/usr/share/texlive/texmf-dist/tex/latex/base/ot1enc.dfu
File: ot1enc.dfu 2014/09/29 v1.1m UTF-8 support for inputenc
   defining Unicode char U+00A1 (decimal 161)
   defining Unicode char U+00A3 (decimal 163)
   defining Unicode char U+00B8 (decimal 184)
   defining Unicode char U+00BF (decimal 191)
   defining Unicode char U+00C5 (decimal 197)
   defining Unicode char U+00C6 (decimal 198)
   defining Unicode char U+00D8 (decimal 216)
   defining Unicode char U+00DF (decimal 223)
   defining Unicode char U+00E6 (decimal 230)
   defining Unicode char U+00EC (decimal 236)
   defining Unicode char U+00ED (decimal 237)
   defining Unicode char U+00EE (decimal 238)
   defining Unicode char U+00EF (decimal 239)
   defining Unicode char U+00F8 (decimal 248)
   defining Unicode char U+0131 (decimal 305)
   defining Unicode char U+0141 (decimal 321)
   defining Unicode char U+0142 (decimal 322)
   defining Unicode char U+0152 (decimal 338)
   defining Unicode char U+0153 (decimal 339)
   defining Unicode char U+2013 (decimal 8211)
   defining Unicode char U+2014 (decimal 8212)
   defining Unicode char U+2018 (decimal 8216)
   defining Unicode char U+2019 (decimal 8217)
   defining Unicode char U+201C (decimal 8220)
   defining Unicode char U+201D (decimal 8221)
)
Now handling font encoding OMS ...
... processing UTF-8 mapping file for font encoding OMS

(/usr/share/texlive/texmf-dist/tex/latex/base/omsenc.dfu
File: omsenc.dfu 2014/09/29 v1.1m UTF-8 support for inputenc
   defining Unicode char U+00A7 (decimal 167)
   defining Unicode char U+00B6 (decimal 182)
   defining Unicode char U+00B7 (decimal 183)
   defining Unicode char U+2020 (decimal 8224)
   defining Unicode char U+2021 (decimal 8225)
   defining Unicode char U+2022 (decimal 8226)
)
Now handling font encoding OMX ...
... no UTF-8 mapping file for font encoding OMX
Now handling font encoding U ...
... no UTF-8 mapping file for font encoding U
   defining Unicode char U+00A9 (decimal 169)
   defining Unicode char U+00AA (decimal 170)
   defining Unicode char U+00AE (decimal 174)
   defining Unicode char U+00BA (decimal 186)
   defining Unicode char U+02C6 (decimal 710)
   defining Unicode char U+02DC (decimal 732)
   defining Unicode char U+200C (decimal 8204)
   defining Unicode char U+2026 (decimal 8230)
   defining Unicode char U+2122 (decimal 8482)
   defining Unicode char U+2423 (decimal 9251)
))
(/usr/share/texlive/texmf-dist/tex/latex/amsfonts/amsfonts.sty
Package: amsfonts 2013/01/14 v3.01 Basic AMSFonts support
\@emptytoks=\toks18
\symAMSa=\mathgroup4
\symAMSb=\mathgroup5
LaTeX Font Info:    Overwriting math alphabet `\mathfrak' in version `bold'
(Font)                  U/euf/m/n --> U/euf/b/n on input line 106.
)
(/usr/share/texlive/texmf-dist/tex/latex/amsfonts/amssymb.sty
Package: amssymb 2013/01/14 v3.01 AMS font symbols
)
(/usr/share/texlive/texmf-dist/tex/latex/amsmath/amsmath.sty
Package: amsmath 2013/01/14 v2.14 AMS math features
\@mathmargin=\skip43

For additional information on amsmath, use the `?' option.
(/usr/share/texlive/texmf-dist/tex/latex/amsmath/amstext.sty
Package: amstext 2000/06/29 v2.01

(/usr/share/texlive/texmf-dist/tex/latex/amsmath/amsgen.sty
File: amsgen.sty 1999/11/30 v2.0
\@emptytoks=\toks19
\ex@=\dimen111
))
(/usr/share/texlive/texmf-dist/tex/latex/amsmath/amsbsy.sty
Package: amsbsy 1999/11/29 v1.2d
\pmbraise@=\dimen112
)
(/usr/share/texlive/texmf-dist/tex/latex/amsmath/amsopn.sty
Package: amsopn 1999/12/14 v2.01 operator names
)
\inf@bad=\count90
LaTeX Info: Redefining \frac on input line 210.
\uproot@=\count91
\leftroot@=\count92
LaTeX Info: Redefining \overline on input line 306.
\classnum@=\count93
\DOTSCASE@=\count94
LaTeX Info: Redefining \ldots on input line 378.
LaTeX Info: Redefining \dots on input line 381.
LaTeX Info: Redefining \cdots on input line 466.
\Mathstrutbox@=\box26
\strutbox@=\box27
\big@size=\dimen113
LaTeX Font Info:    Redeclaring font encoding OML on input line 566.
LaTeX Font Info:    Redeclaring font encoding OMS on input line 567.
\macc@depth=\count95
\c@MaxMatrixCols=\count96
\dotsspace@=\muskip10
\c@parentequation=\count97
\dspbrk@lvl=\count98
\tag@help=\toks20
\row@=\count99
\column@=\count100
\maxfields@=\count101
\andhelp@=\toks21
\eqnshift@=\dimen114
\alignsep@=\dimen115
\tagshift@=\dimen116
\tagwidth@=\dimen117
\totwidth@=\dimen118
\lineht@=\dimen119
\@envbody=\toks22
\multlinegap=\skip44
\multlinetaggap=\skip45
\mathdisplay@stack=\toks23
LaTeX Info: Redefining \[ on input line 2665.
LaTeX Info: Redefining \] on input line 2666.
)
(/usr/share/texlive/texmf-dist/tex/latex/comment/comment.sty
\CommentStream=\write3

Excluding comment 'comment') (./ordinal_notations_new.aux)
\openout1 = `ordinal_notations_new.aux'.

LaTeX Font Info:    Checking defaults for OML/cmm/m/it on input line 11.
LaTeX Font Info:    ... okay on input line 11.
LaTeX Font Info:    Checking defaults for T1/cmr/m/n on input line 11.
LaTeX Font Info:    ... okay on input line 11.
LaTeX Font Info:    Checking defaults for OT1/cmr/m/n on input line 11.
LaTeX Font Info:    ... okay on input line 11.
LaTeX Font Info:    Checking defaults for OMS/cmsy/m/n on input line 11.
LaTeX Font Info:    ... okay on input line 11.
LaTeX Font Info:    Checking defaults for OMX/cmex/m/n on input line 11.
LaTeX Font Info:    ... okay on input line 11.
LaTeX Font Info:    Checking defaults for U/cmr/m/n on input line 11.
LaTeX Font Info:    ... okay on input line 11.

*geometry* driver: auto-detecting
*geometry* detected driver: pdftex
*geometry* verbose mode - [ preamble ] result:
* driver: pdftex
* paper: <default>
* layout: <same size as paper>
* layoutoffset:(h,v)=(0.0pt,0.0pt)
* modes: 
* h-part:(L,W,R)=(28.45274pt, 557.38951pt, 28.45274pt)
* v-part:(T,H,B)=(56.9055pt, 681.15898pt, 56.9055pt)
* \paperwidth=614.295pt
* \paperheight=794.96999pt
* \textwidth=557.38951pt
* \textheight=681.15898pt
* \oddsidemargin=-43.81725pt
* \evensidemargin=-43.81725pt
* \topmargin=-52.36449pt
* \headheight=12.0pt
* \headsep=25.0pt
* \topskip=10.0pt
* \footskip=30.0pt
* \marginparwidth=65.0pt
* \marginparsep=11.0pt
* \columnsep=10.0pt
* \skip\footins=9.0pt plus 4.0pt minus 2.0pt
* \hoffset=0.0pt
* \voffset=0.0pt
* \mag=1000
* \@twocolumnfalse
* \@twosidefalse
* \@mparswitchfalse
* \@reversemarginfalse
* (1in=72.27pt=25.4mm, 1cm=28.453pt)

LaTeX Font Info:    Try loading font information for U+msa on input line 16.
(/usr/share/texlive/texmf-dist/tex/latex/amsfonts/umsa.fd
File: umsa.fd 2013/01/14 v3.01 AMS symbols A
)
LaTeX Font Info:    Try loading font information for U+msb on input line 16.

(/usr/share/texlive/texmf-dist/tex/latex/amsfonts/umsb.fd
File: umsb.fd 2013/01/14 v3.01 AMS symbols B
)
LaTeX Font Info:    Try loading font information for OMS+cmr on input line 62.

(/usr/share/texlive/texmf-dist/tex/latex/base/omscmr.fd
File: omscmr.fd 2014/09/29 v2.5h Standard LaTeX font definitions
)
LaTeX Font Info:    Font shape `OMS/cmr/m/n' in size <10> not available
(Font)              Font shape `OMS/cmsy/m/n' tried instead on input line 62.
 [1

{/var/lib/texmf/fonts/map/pdftex/updmap/pdftex.map}]
Overfull \hbox (0.22276pt too wide) in paragraph at lines 128--129
[]\OT1/cmr/m/n/10 See also https://ryanflannery.net/research/logic-notes/Church
-CalculiOfLambdaConversion.pdf for more in-for-ma-tion about com-
 []

[2] [3] [4] [5]
Overfull \hbox (13.11186pt too wide) in paragraph at lines 449--450
[]\OT1/cmr/m/n/10 https://sites.google.com/site/pointlesslargenumberstuff/home/
l/pglin?tmpl=%2Fsystem%2Fapp%2Ftemplates%2Fprint%2F 
 []

[6] [7] [8]
Overfull \hbox (2.2227pt too wide) in paragraph at lines 630--631
[]\OT1/cmr/m/n/10 The re-quired con-di-tions are de-scribed for ex-am-ple in ht
tp://www.cs.man.ac.uk/ hsimmons/ORDINAL-NOTATIONS/Fruitful.pdf
 []

[9] [10] [11] [12]
Overfull \hbox (12.9727pt too wide) in paragraph at lines 1009--1010
[]\OT1/cmr/m/n/10 See Ve-blen's ar-ti-cle "Con-tin-u-ous In-creas-ing Func-tion
s of Fi-nite and Trans-fi-nite Or-di-nals" ( http://www.ams.org/journals/tran/1
908-
 []

[13]
Overfull \hbox (4.35559pt too wide) in paragraph at lines 1139--1139
[]    \OT1/cmtt/m/n/10 (3) for a>0, c->phi(an,...,ai+1,a,0,...,0,c) is the func
tion enumerating the common fixed points of the[] 
 []


Overfull \hbox (35.85532pt too wide) in paragraph at lines 1139--1139
[]    \OT1/cmtt/m/n/10 (4) Let a be a transfinite sequence of ordinals (i.e., a
n ordinal function with finite support) which ends in[] 
 []


Overfull \hbox (41.10527pt too wide) in paragraph at lines 1139--1139
[]        \OT1/cmtt/m/n/10 zero  (i.e., such that a0=0), and let a[0->c] denote
 the same function where the final 0 has been replaced[] 
 []


Overfull \hbox (9.60555pt too wide) in paragraph at lines 1139--1139
[]        \OT1/cmtt/m/n/10 Then c->phi(a[0->c]) is defined as the function enum
erating the common fixed points of all functions[] 
 []


Overfull \hbox (35.85532pt too wide) in paragraph at lines 1139--1139
[]        \OT1/cmtt/m/n/10 x->phi(b) where b ranges over all sequences which ar
e obtained by decreasing the smallest-indexed nonzero[] 
 []


Overfull \hbox (9.60555pt too wide) in paragraph at lines 1139--1139
[]        \OT1/cmtt/m/n/10 value of a  and replacing some smaller-indexed value
 with the indeterminate x (i.e., b=a[i0->z,i->x][] 
 []


Overfull \hbox (41.10527pt too wide) in paragraph at lines 1139--1139
[]        \OT1/cmtt/m/n/10 meaning that for the smallest index i0 such that ai0
 is nonzero the latter has been replaced by some value[] 
 []

[14]
Overfull \hbox (9.60555pt too wide) in paragraph at lines 1139--1139
[] \OT1/cmtt/m/n/10 -- Usage : phi al, where al is the associative list of coup
les index => value ordered by increasing values,[] 
 []


Overfull \hbox (9.60555pt too wide) in paragraph at lines 1139--1139
[] \OT1/cmtt/m/n/10 phi (Zero => a & Zero => b & al) = phi (Zero => a & al) -- 
should not appear but necessary for completeness[] 
 []


Overfull \hbox (20.10545pt too wide) in paragraph at lines 1139--1139
[] \OT1/cmtt/m/n/10 phi (Zero => Suc a & Suc k => Suc b & al) = fix (\x -> phi 
(k => x & Suc k => b & al)) (Suc (phi (Zero => a &[] 
 []


Overfull \hbox (25.35541pt too wide) in paragraph at lines 1139--1139
[] \OT1/cmtt/m/n/10 phi (Zero => Suc a & Suc k => Lim f & al) = Lim (\n -> phi 
(k => Suc (phi (Zero => a & Suc k => Lim f & al)) &[] 
 []


Overfull \hbox (25.35541pt too wide) in paragraph at lines 1139--1139
[] \OT1/cmtt/m/n/10 phi (Zero => Suc a & Lim f => Suc b & al) = Lim (\n -> phi 
(f n => phi (Zero => a & Lim f => Suc b & al) & Lim[] 
 []


Overfull \hbox (25.35541pt too wide) in paragraph at lines 1139--1139
[] \OT1/cmtt/m/n/10 phi (Zero => Suc a & Lim f => Lim g & al) = Lim (\n -> phi 
(f n => phi (Zero => a & Lim f => Lim g & al) & Lim[] 
 []


Overfull \hbox (109.35468pt too wide) in paragraph at lines 1139--1139
[]\OT1/cmtt/m/n/10 Normally it should terminate because the parameter of phi le
xicographically decreases, but Agda is not clever enough to see it,[] 
 []

[15] [16] [17] [18] [19]
Overfull \hbox (7.41852pt too wide) in paragraph at lines 1448--1449
[]$\OML/cmm/m/it/10 '\OT1/cmr/m/n/10 (1\OML/cmm/m/it/10 ; \OT1/cmr/m/n/10 2\OML
/cmm/m/it/10 ; \OT1/cmr/m/n/10 0)$ is the least fixed point (greater than 0) of
 the func-tion $\OML/cmm/m/it/10  \OMS/cmsy/m/n/10 7! \OML/cmm/m/it/10 '\OT1/c
mr/m/n/10 (1\OML/cmm/m/it/10 ; \OT1/cmr/m/n/10 1\OML/cmm/m/it/10 ; \OT1/cmr/m/
n/10 )\OML/cmm/m/it/10 ; Fix\OT1/cmr/m/n/10 (\OML/cmm/m/it/10  \OMS/cmsy/m/n/1
0 7! \OML/cmm/m/it/10 '\OT1/cmr/m/n/10 (1\OML/cmm/m/it/10 ; \OT1/cmr/m/n/10 1\O
ML/cmm/m/it/10 ; \OT1/cmr/m/n/10 ))0 = \OML/cmm/m/it/10 Fix\OT1/cmr/m/n/10 ([0
]([1][0]\OML/cmm/m/it/10 Next\OT1/cmr/m/n/10 )[]0)0 =
 []


Overfull \hbox (41.32146pt too wide) in paragraph at lines 1476--1477
[]\OT1/cmr/m/n/10 All of these com-pu-ta-tions could be done with $\OML/cmm/m/i
t/10 !$ \OT1/cmr/m/n/10 in-stead of 0 at the end of the for-mu-las so we also h
ave $\OML/cmm/m/it/10 '\OT1/cmr/m/n/10 (\OML/cmm/m/it/10 ^^M; ^^L; \OT1/cmr/m/
n/10 ) = ([0][](([1][0])[]\OML/cmm/m/it/10 Next\OT1/cmr/m/n/10 ))[]\OML/cmm/m/i
t/10 !$\OT1/cmr/m/n/10 . 
 []


Overfull \hbox (6.02142pt too wide) in paragraph at lines 1498--1499
[]$\OML/cmm/m/it/10 '\OT1/cmr/m/n/10 (1\OML/cmm/m/it/10 ; \OT1/cmr/m/n/10 2\OML
/cmm/m/it/10 ; \OT1/cmr/m/n/10 0\OML/cmm/m/it/10 ; \OT1/cmr/m/n/10 0) = \OML/cm
m/m/it/10 Fix\OT1/cmr/m/n/10 (\OML/cmm/m/it/10  \OMS/cmsy/m/n/10 7! \OML/cmm/m
/it/10 '\OT1/cmr/m/n/10 (1\OML/cmm/m/it/10 ; \OT1/cmr/m/n/10 1\OML/cmm/m/it/10 
; ; \OT1/cmr/m/n/10 0))0 = \OML/cmm/m/it/10 Fix\OT1/cmr/m/n/10 (\OML/cmm/m/it/
10  \OMS/cmsy/m/n/10 7! \OT1/cmr/m/n/10 [0][]([1][0]([1][][0]\OML/cmm/m/it/10 
next\OT1/cmr/m/n/10 ))0)0 = [1][0]([1][0]([1][][0]\OML/cmm/m/it/10 Next\OT1/cmr
/m/n/10 ))0 = ([1][0])[]([1][][0]\OML/cmm/m/it/10 Next\OT1/cmr/m/n/10 )0$ 
 []

[20]
Overfull \hbox (142.05629pt too wide) in paragraph at lines 1540--1541
[]\OT1/cmr/m/n/10 The con-ver-sion rule from Sch^^?utte Klam-mer-sym-bol to Sim
-mons no-ta-tion are de-scribed by Sim-mons in his pa-per : http://www.cs.man.a
c.uk/ hsimmons/ORDINAL-
 []

[21]
Overfull \hbox (19.63939pt too wide) in paragraph at lines 1674--1675
[]\OT1/cmr/m/n/10 because [0] is ab-sorbed by the fol-low-ing op-er-a-tor (see 
http://www.cs.man.ac.uk/ hsimmons/ORDINAL-NOTATIONS/FromBelow.pdf
 []

[22] [23] [24] [25] [26] [27] [28] [29] [30]
Overfull \hbox (5.45197pt too wide) in paragraph at lines 2452--2453
\OT1/cmr/m/n/10 The Bachmann-Howard or-di-nal (BHO) is the limit of $\OML/cmm/m
/it/10 R[]Hsuc \OT1/cmr/m/n/10 0\OML/cmm/m/it/10 ; R[]R[]Hsuc \OT1/cmr/m/n/10 0
\OML/cmm/m/it/10 ; R[]R[]R[]Hsuc \OT1/cmr/m/n/10 0\OML/cmm/m/it/10 ; []$ \OT1/c
mr/m/n/10 which we will write $\OML/cmm/m/it/10 R[]Hsuc \OT1/cmr/m/n/10 0$. 
 []

[31] [32] Excluding 'comment' comment.
Overfull \hbox (1.05156pt too wide) in paragraph at lines 2639--2640
\OT1/cmr/m/n/10 ([0][](([0][])[](([0][])[]\OML/cmm/m/it/10 Next\OT1/cmr/m/n/10 
)))[]0 = ([0][](([1][0])[](([1][][0])[]\OML/cmm/m/it/10 Next\OT1/cmr/m/n/10 )))
[]0$ with $[0][] = [1][0]$ and $[0][] = ([0][])[] = ([1][0])[] =
 []

Excluding 'comment' comment. [33] Excluding 'comment' comment.
Excluding 'comment' comment. Excluding 'comment' comment.
Excluding 'comment' comment. Excluding 'comment' comment. [34]
Excluding 'comment' comment. Excluding 'comment' comment.
Excluding 'comment' comment. Excluding 'comment' comment.
Excluding 'comment' comment. Excluding 'comment' comment.
Excluding 'comment' comment. [35] Excluding 'comment' comment.
Excluding 'comment' comment. [36] [37] [38] [39] [40]
Excluding 'comment' comment. [41] [42] Excluding 'comment' comment. [43]
Overfull \hbox (48.55913pt too wide) in paragraph at lines 4045--4046
[]\OT1/cmr/m/n/10 For case $\OML/cmm/m/it/10  \OT1/cmr/m/n/10 (
[])$ the set $\OML/cmm/m/it/10 C[]\OT1/cmr/m/n/10 (
[])$ in-cludes func-tions $\OML/cmm/m/it/10  []$ \OT1/cmr/m/n/10 with all ar-gu
-ments less than $
[]$ i.e. such ar-gu-ments as $0\OML/cmm/m/it/10 ;  []\OT1/cmr/m/n/10 (0)\OML/cm
m/m/it/10 ;  []\OT1/cmr/m/n/10 (\OML/cmm/m/it/10  []\OT1/cmr/m/n/10 (0))\OML/cm
m/m/it/10 ;  []\OT1/cmr/m/n/10 (0)\OML/cmm/m/it/10 ; :::;  []\OT1/cmr/m/n/10 (0
)$ 
 []

[44] [45] [46]
Overfull \hbox (35.79108pt too wide) in paragraph at lines 4293--4294
[]$\OML/cmm/m/it/10  \OT1/cmr/m/n/10 (
) = \OML/cmm/m/it/10  \OT1/cmr/m/n/10 (\OML/cmm/m/it/10 H[]suc \OT1/cmr/m/n/10 
0) = \OML/cmm/m/it/10 sup\OMS/cmsy/m/n/10 f\OT1/cmr/m/n/10 0\OML/cmm/m/it/10 ; 
"[]; "[]; []\OMS/cmsy/m/n/10 g \OT1/cmr/m/n/10 = \OML/cmm/m/it/10 ^^P[] \OT1/cm
r/m/n/10 = \OML/cmm/m/it/10 H\OT1/cmr/m/n/10 [[\OML/cmm/m/it/10 suc \OMS/cmsy/m
/n/10 ! \OML/cmm/m/it/10 R[]; \OT1/cmr/m/n/10 0 \OMS/cmsy/m/n/10 ! \OML/cmm/m/i
t/10 H\OT1/cmr/m/n/10 ] \OMS/cmsy/m/n/10 ^^O \OML/cmm/m/it/10 suc \OT1/cmr/m/n/
10 0](\OML/cmm/m/it/10 suc \OT1/cmr/m/n/10 0) = \OML/cmm/m/it/10 sup\OMS/cmsy/m
/n/10 f\OML/cmm/m/it/10 suc \OT1/cmr/m/n/10 0\OML/cmm/m/it/10 ; R[]Hsuc \OT1/cm
r/m/n/10 0\OML/cmm/m/it/10 ; R[]HR[]Hsuc \OT1/cmr/m/n/10 0\OML/cmm/m/it/10 ; []
\OMS/cmsy/m/n/10 g \OT1/cmr/m/n/10 =
 []

[47]
Overfull \hbox (5.15721pt too wide) in paragraph at lines 4364--4365
[]$\OML/cmm/m/it/10  \OT1/cmr/m/n/10 (\OML/cmm/m/it/10 "[] \OMS/cmsy/m/n/10 ^^A
 \OT1/cmr/m/n/10 
 + 
 + 
) = \OML/cmm/m/it/10  \OT1/cmr/m/n/10 (\OML/cmm/m/it/10 "[] \OMS/cmsy/m/n/10 ^^
A \OT1/cmr/m/n/10 
 + 
 \OMS/cmsy/m/n/10 ^^A \OT1/cmr/m/n/10 2) = \OML/cmm/m/it/10 H\OT1/cmr/m/n/10 [[
\OML/cmm/m/it/10 suc \OMS/cmsy/m/n/10 ! \OML/cmm/m/it/10 R[]; \OT1/cmr/m/n/10 0
 \OMS/cmsy/m/n/10 ! \OML/cmm/m/it/10 R[]R[]\OT1/cmr/m/n/10 (\OML/cmm/m/it/10 R[
]R[]H\OT1/cmr/m/n/10 )] \OMS/cmsy/m/n/10 ^^O \OML/cmm/m/it/10 suc \OT1/cmr/m/n/
10 0](\OML/cmm/m/it/10 suc \OT1/cmr/m/n/10 0) = \OML/cmm/m/it/10 R[]R[]\OT1/cmr
/m/n/10 (\OML/cmm/m/it/10 R[]R[]\OT1/cmr/m/n/10 (\OML/cmm/m/it/10 R[]R[]H\OT1/c
mr/m/n/10 ))\OML/cmm/m/it/10 suc \OT1/cmr/m/n/10 0$ 
 []

[48] [49] Excluding 'comment' comment. [50] [51] [52] [53] [54] [55] [56]
[57] [58]
Overfull \hbox (20.10545pt too wide) in paragraph at lines 5415--5415
[]    \OT1/cmtt/m/n/10 //return limit (psi2(level+1,first(a)), psi2(level+1,fir
st(next(a))), psi2(level+1,first(next(next(a)))));[] 
 []

[59] [60] [61] [62] [63] [64] [65] [66] [67] [68] [69] [70]
Excluding 'comment' comment. [71] [72]
Overfull \hbox (5.4781pt too wide) in paragraph at lines 6370--6371
[]\OT1/cmr/m/n/10 Then, $\OML/cmm/m/it/10 ^^T$ \OT1/cmr/m/n/10 is 1-hyper-weakl
y in-ac-ces-si-ble if $\OML/cmm/m/it/10 ^^T$ \OT1/cmr/m/n/10 is the $\OML/cmm/m
/it/10 ^^T$\OT1/cmr/m/n/10 -th hyper-weakly in-ac-ces-si-ble car-di-nal, which 
can be writ-ten $\OML/cmm/m/it/10 ^^T \OT1/cmr/m/n/10 = ([1][0] [])[]0$.
 []

Excluding 'comment' comment. [73] Excluding 'comment' comment. [74] [75]
Overfull \hbox (31.5562pt too wide) in paragraph at lines 6669--6670
[]\OT1/cmr/m/n/10 https://sites.google.com/site/travelingtotheinfinity/the-coll
apsing-functions-using-math-alpha-beta-math--weakly-inaccessible-cardinals 
 []

[76] [77] Excluding 'comment' comment. Excluding 'comment' comment. [78]
[79]
Overfull \hbox (24.16928pt too wide) in paragraph at lines 7119--7120
[]\OT1/cmr/m/n/10 5. http://cantorsattic.info/index.php?title=User[]blog:Denis[
]Maksudov/Ordinal[]functions[]collapsing[]the[]least[]weakly[]Mahlo[]cardinal 
 []

[80] [81]
Overfull \hbox (12.3174pt too wide) in paragraph at lines 7259--7260
[]\OT1/cmr/m/n/10 http://cantorsattic.info/index.php?title=User[]blog:Denis[]Ma
ksudov/Ordinal[]functions[]collapsing[]the[]least[]weakly[]Mahlo[]cardinal 
 []

[82] [83]
Overfull \hbox (4.74495pt too wide) in paragraph at lines 7446--7482
[] 
 []

[84]
Overfull \hbox (5.80617pt too wide) in paragraph at lines 7490--7492
[]\OT1/cmr/m/n/10 http://www.madore.org/%7Edavid/weblog/2011-09-18-nombres-ordi
naux-intro.html : Tu-to-rial in-tro-duc-tion to or-di-nal num-
 []


Overfull \hbox (13.11186pt too wide) in paragraph at lines 7493--7495
[]\OT1/cmr/m/n/10 https://sites.google.com/site/pointlesslargenumberstuff/home/
l/pglin?tmpl=%2Fsystem%2Fapp%2Ftemplates%2Fprint%2F
 []


Overfull \hbox (8.12819pt too wide) in paragraph at lines 7526--7528
[]\OT1/cmr/m/n/10 https://cage.ugent.be/ jvdm/Site/Research[]files/Dissertation
JeroenVanderMeerenPrinted.pdf : Con-nect-ing the Two Worlds:
 []

[85]
Overfull \hbox (0.63962pt too wide) in paragraph at lines 7532--7535
[]\OT1/cmr/m/n/10 http://www.ams.org/journals/tran/1908-009-03/S0002-9947-1908-
1500814-9/S0002-9947-1908-1500814-9.pdf : Con-tin-u-ous
 []


Overfull \hbox (2.27832pt too wide) in paragraph at lines 7549--7550
[]\OT1/cmr/m/n/10 https://medium.com/@joshkerr/mind-blown-the-fast-growing-hier
archy-for-laymen-aka-enormous-numbers-d9a865c6443b :
 []


Overfull \hbox (6.33281pt too wide) in paragraph at lines 7554--7556
[]\OT1/cmr/m/n/10 https://www.youtube.com/playlist?list=PLUZ0A4xAf7nkaYHtnqVDbH
nrXzVAOxYYC : Ex-tremely large num-bers (videos) 
 []

[86] (./ordinal_notations_new.aux) ) 
Here is how much of TeX's memory you used:
 1923 strings out of 495020
 23223 string characters out of 6181324
 99897 words of memory out of 5000000
 5131 multiletter control sequences out of 15000+600000
 12290 words of font info for 48 fonts, out of 8000000 for 9000
 14 hyphenation exceptions out of 8191
 27i,10n,24p,1509b,246s stack positions out of 5000i,500n,10000p,200000b,80000s
</usr/share/texlive/texmf-dist/fonts/type1/
public/amsfonts/cm/cmbx10.pfb></usr/share/texlive/texmf-dist/fonts/type1/public
/amsfonts/cm/cmbx12.pfb></usr/share/texlive/texmf-dist/fonts/type1/public/amsfo
nts/cm/cmex10.pfb></usr/share/texlive/texmf-dist/fonts/type1/public/amsfonts/cm
/cmmi10.pfb></usr/share/texlive/texmf-dist/fonts/type1/public/amsfonts/cm/cmmi1
2.pfb></usr/share/texlive/texmf-dist/fonts/type1/public/amsfonts/cm/cmmi5.pfb><
/usr/share/texlive/texmf-dist/fonts/type1/public/amsfonts/cm/cmmi7.pfb></usr/sh
are/texlive/texmf-dist/fonts/type1/public/amsfonts/cm/cmmi8.pfb></usr/share/tex
live/texmf-dist/fonts/type1/public/amsfonts/cm/cmr10.pfb></usr/share/texlive/te
xmf-dist/fonts/type1/public/amsfonts/cm/cmr12.pfb></usr/share/texlive/texmf-dis
t/fonts/type1/public/amsfonts/cm/cmr17.pfb></usr/share/texlive/texmf-dist/fonts
/type1/public/amsfonts/cm/cmr5.pfb></usr/share/texlive/texmf-dist/fonts/type1/p
ublic/amsfonts/cm/cmr7.pfb></usr/share/texlive/texmf-dist/fonts/type1/public/am
sfonts/cm/cmr8.pfb></usr/share/texlive/texmf-dist/fonts/type1/public/amsfonts/c
m/cmsy10.pfb></usr/share/texlive/texmf-dist/fonts/type1/public/amsfonts/cm/cmsy
5.pfb></usr/share/texlive/texmf-dist/fonts/type1/public/amsfonts/cm/cmsy7.pfb><
/usr/share/texlive/texmf-dist/fonts/type1/public/amsfonts/cm/cmtt10.pfb></usr/s
hare/texlive/texmf-dist/fonts/type1/public/amsfonts/symbols/msbm10.pfb></usr/sh
are/texlive/texmf-dist/fonts/type1/public/amsfonts/symbols/msbm7.pfb>
Output written on ordinal_notations_new.pdf (86 pages, 512842 bytes).
PDF statistics:
 363 PDF objects out of 1000 (max. 8388607)
 252 compressed objects within 3 object streams
 0 named destinations out of 1000 (max. 500000)
 1 words of extra memory for PDF output out of 10000 (max. 10000000)

