Turbo Assembler	 Version 3.0	    09/17/10 08:49:57	    Page 1
CVMRTLA.ASM



      1	0000			     .model tiny
      2	0000			     .stack 100h
      3	0000			     .code
      4
      5	0000			     cvmind:
      6	0000  3A 20 50 4C 55 53	20+   db ': PLUS + ; ',	0
      7	      2B 20 3B 20 00
      8
      9	000C			     cvminp:
     10	000C  0000r		      dw cvmind
     11
     12	000E			     crd:
     13	000E  0000		      dw 0
     14
     15				     public _mygetchar
     16	0010			     _mygetchar	proc
     17	0010  53		      push bx
     18				      ;	push cx
     19	0011  52		      push dx
     20				      ;	jmp zero1
     21	0012  8B 1E 000Cr	      mov bx,[word ptr cvminp]
     22	0016  83 FB 00		      cmp bx,0
     23	0019  74 19		      jz zero1
     24	001B  8A 07		      mov al,[bx]
     25	001D  3C 00		      cmp al,0
     26	001F  74 0D		      jz zero2
     27	0021  B4 00		      mov ah,0
     28	0023  43		      inc bx
     29	0024  89 1E 000Cr	      mov [word	ptr cvminp],bx
     30	0028  A3 000Er		      mov [word	ptr crd],ax
     31				      ;	mov cx,ax
     32				      ;	mov dx,ax
     33				      ;	mov ah,2
     34				      ;	int 21h
     35				      ;	mov ah,1
     36				      ;	int 21h
     37				      ;	mov dx,[word ptr crd]
     38				      ;	mov ah,2
     39				      ;	int 21h
     40				      ;	jmp zero1
     41				      ;	mov ax,[word ptr crd]
     42				      ;	mov ax,cx
     43				      ;	mov ax,20h
     44	002B  EB 0D 90		      jmp endmgc
     45	002E			     zero2:
     46	002E  B8 0000		      mov ax,0
     47	0031  A3 000Cr		      mov [word	ptr cvminp],ax
     48	0034			     zero1:
     49	0034  B4 01		      mov ah, 1
     50	0036  CD 21		      int 21h
     51	0038  B4 00		      mov ah, 0
     52	003A			     endmgc:
     53	003A  5A		      pop dx
     54				      ;	pop cx
     55	003B  5B		      pop bx
     56	003C  C3		      ret
     57	003D			      _mygetchar endp
Turbo Assembler	 Version 3.0	    09/17/10 08:49:57	    Page 2
CVMRTLA.ASM



     58
     59				     public _my1getchar
     60	003D			     _my1getchar proc
     61	003D  B4 01		      mov ah, 1
     62	003F  CD 21		      int 21h
     63	0041  B4 00		      mov ah, 0
     64	0043  C3		      ret
     65	0044			      _my1getchar endp
     66
     67				     public _myputchar
     68	0044			     _myputchar	proc
     69	0044  55		      push bp
     70	0045  8B EC		      mov bp,sp
     71	0047  8B 56 04		      mov dx,[bp+4]
     72	004A  B4 02		      mov ah,2
     73	004C  CD 21		      int 21h
     74	004E  5D		      pop bp
     75	004F  C3		      ret
     76	0050			      _myputchar endp
     77
     78				     public _myexit
     79	0050			     _myexit proc
     80	0050  B4 00		      mov ah,0
     81	0052  CD 21		      int 21h
     82	0054  C3		      ret
     83	0055			      _myexit endp
     84
     85				     public _fillmem
     86	0055			     _fillmem proc
     87	0055  53		      push bx
     88	0056  51		      push cx
     89	0057  56		      push si
     90	0058  8B DC		      mov bx,sp
     91	005A  8B 77 06		      mov si,[bx+6]
     92	005D  8A 0C		      mov cl,[si]
     93	005F  B5 00		      mov ch,0
     94	0061  46		      inc si
     95	0062  FC		      cld
     96	0063  F3> A4		      rep movsb
     97	0065  89 77 06		      mov [bx+6],si
     98	0068  5E		      pop si
     99	0069  59		      pop cx
    100	006A  5B		      pop bx
    101	006B  C3		      ret
    102	006C			      _fillmem endp
    103
    104				     public _f_fopen
    105	006C			     _f_fopen proc
    106	006C  B4 3D		      mov ah,3Dh
    107	006E  CD 21		      int 21h
    108	0070  C3		      ret
    109	0071			      _f_fopen endp
    110
    111				     public _f_fclose
    112	0071			     _f_fclose proc
    113	0071  8B D8		      mov bx,ax
    114	0073  B4 3E		      mov ah,3Eh
Turbo Assembler	 Version 3.0	    09/17/10 08:49:57	    Page 3
CVMRTLA.ASM



    115	0075  CD 21		      int 21h
    116	0077  C3		      ret
    117	0078			      _f_fclose	endp
    118
    119	0078  00		     filebuf: db 0
    120
    121				     public _f_fgetc
    122	0079			     _f_fgetc proc
    123	0079  8B D8		      mov bx,ax
    124	007B  B4 3F		      mov ah,3Fh
    125	007D  B9 0001		      mov cx,1
    126	0080  BA 0078r		      lea dx,filebuf
    127	0083  CD 21		      int 21h
    128	0085  A0 0078r		      mov al,[byte ptr filebuf]
    129	0088  B4 00		      mov ah,0
    130	008A  C3		      ret
    131	008B			      _f_fgetc endp
    132
    133				     public _f_fputc
    134	008B			     _f_fputc proc
    135	008B  88 16 0078r	      mov [byte	ptr filebuf],dl
    136	008F  8B D8		      mov bx,ax
    137	0091  B4 40		      mov ah,40h
    138	0093  B9 0001		      mov cx,1
    139	0096  BA 0078r		      lea dx,filebuf
    140	0099  CD 21		      int 21h
    141	009B  C3		      ret
    142	009C			      _f_fputc endp
    143
    144				     end
Turbo Assembler	 Version 3.0	    09/17/10 08:49:57	    Page 4
Symbol Table




Symbol Name			  Type	 Value

??DATE				  Text	 "09/17/10"
??FILENAME			  Text	 "CVMRTLA "
??TIME				  Text	 "08:49:57"
??VERSION			  Number 0300
@32BIT				  Text	 0
@CODE				  Text	 DGROUP
@CODESIZE			  Text	 0
@CPU				  Text	 0101H
@CURSEG				  Text	 _TEXT
@DATA				  Text	 DGROUP
@DATASIZE			  Text	 0
@FILENAME			  Text	 CVMRTLA
@INTERFACE			  Text	 00H
@MODEL				  Text	 1
@STACK				  Text	 DGROUP
@WORDSIZE			  Text	 2
CRD				  Near	 DGROUP:000E
CVMIND				  Near	 DGROUP:0000
CVMINP				  Near	 DGROUP:000C
ENDMGC				  Near	 DGROUP:003A
FILEBUF				  Near	 DGROUP:0078
ZERO1				  Near	 DGROUP:0034
ZERO2				  Near	 DGROUP:002E
_FILLMEM			  Near	 DGROUP:0055
_F_FCLOSE			  Near	 DGROUP:0071
_F_FGETC			  Near	 DGROUP:0079
_F_FOPEN			  Near	 DGROUP:006C
_F_FPUTC			  Near	 DGROUP:008B
_MY1GETCHAR			  Near	 DGROUP:003D
_MYEXIT				  Near	 DGROUP:0050
_MYGETCHAR			  Near	 DGROUP:0010
_MYPUTCHAR			  Near	 DGROUP:0044

Groups & Segments		  Bit Size Align  Combine Class

DGROUP				  Group
  STACK				  16  0100 Para	  Stack	  STACK
  _DATA				  16  0000 Word	  Public  DATA
  _TEXT				  16  009C Word	  Public  CODE
