file mpl.cvm
First pass
compile file mpl.cvm
cod=FC8 cp=1EFE
Program size: 214 = 0x0 instructions
Second pass
compile file mpl.cvm
cod=FC8 cp=1EFE
Done

r0=00000001
r1=00000000
r2=00000000
rA=1EFE0FC8 [rA]=00210A0F
rB=1EFE0FC8 [rB]=00210A0F
rC=00000000
1EFE0FC8: 00210A0F rA= 1EFE12D8
debug> 
r0=00000001
r1=00000000
r2=00000000
rA=1EFE12D8 [rA]=204C504D
rB=1EFE0FC8 [rB]=00210A0F
rC=00000000
1EFE0FD0: 000D2FFF call 00000095
debug> 
r0=00000001
r1=00000000
r2=00000000
rA=1EFE12D8 [rA]=204C504D
rB=1EFE0FC8 [rB]=00210A0F
rC=00000000
1EFE122C: 000E0001 beginf 0001002A
debug> 
r0=00000001
r1=00000000
r2=00000000
rA=1EFE12D8 [rA]=204C504D
rB=1EFE0FC8 [rB]=00210A0F
rC=00000000
1EFE1230: 0001002A r0=byte[rA] 000C3FFF
debug> 
r0=0000004D
r1=00000000
r2=00000000
rA=1EFE12D8 [rA]=204C504D
rB=1EFE0FC8 [rB]=00210A0F
rC=00000000
1EFE1234: 000C3FFF bz 0000000A
debug> 
r0=0000004D
r1=00000000
r2=00000000
rA=1EFE12D8 [rA]=204C504D
rB=1EFE0FC8 [rB]=00210A0F
rC=00000000
1EFE123C: 0011FF00 putchar 0021000F
debug> M
r0=0000004D
r1=00000000
r2=00000000
rA=1EFE12D8 [rA]=204C504D
rB=1EFE0FC8 [rB]=00210A0F
rC=00000000
1EFE1240: 0021000F r0= 00000001
debug> 
r0=00000001
r1=00000000
r2=00000000
rA=1EFE12D8 [rA]=204C504D
rB=1EFE0FC8 [rB]=00210A0F
rC=00000000
1EFE1248: 0001010A r1=r0 00020001
debug> 
r0=00000001
r1=1EFE12D8
r2=00000000
rA=1EFE12D8 [rA]=204C504D
rB=1EFE0FC8 [rB]=00210A0F
rC=00000000
1EFE124C: 00020001 r0=r0+r1 00010A00
debug> 
r0=1EFE12D9
r1=1EFE12D8
r2=00000000
rA=1EFE12D8 [rA]=204C504D
rB=1EFE0FC8 [rB]=00210A0F
rC=00000000
1EFE1250: 00010A00 rA=r0 0021000F
debug> 
r0=1EFE12D9
r1=1EFE12D8
r2=00000000
rA=1EFE12D9 [rA]=6F204C50
rB=1EFE0FC8 [rB]=00210A0F
rC=00000000
1EFE1254: 0021000F r0= 00000000
debug> 
r0=00000000
r1=1EFE12D8
r2=00000000
rA=1EFE12D9 [rA]=6F204C50
rB=1EFE0FC8 [rB]=00210A0F
rC=00000000
1EFE125C: 000C3FFF bz FFFFFFF3
debug> 
r0=00000000
r1=1EFE12D8
r2=00000000
rA=1EFE12D9 [rA]=6F204C50
rB=1EFE0FC8 [rB]=00210A0F
rC=00000000
1EFE1230: 0001002A r0=byte[rA] 000C3FFF
debug> 
r0=00000050
r1=1EFE12D8
r2=00000000
rA=1EFE12D9 [rA]=6F204C50
rB=1EFE0FC8 [rB]=00210A0F
rC=00000000
1EFE1234: 000C3FFF bz 0000000A
debug> 
r0=00000050
r1=1EFE12D8
r2=00000000
rA=1EFE12D9 [rA]=6F204C50
rB=1EFE0FC8 [rB]=00210A0F
rC=00000000
1EFE123C: 0011FF00 putchar 0021000F
debug> P
r0=00000050
r1=1EFE12D8
r2=00000000
rA=1EFE12D9 [rA]=6F204C50
rB=1EFE0FC8 [rB]=00210A0F
rC=00000000
1EFE1240: 0021000F r0= 00000001
debug> 
r0=00000001
r1=1EFE12D8
r2=00000000
rA=1EFE12D9 [rA]=6F204C50
rB=1EFE0FC8 [rB]=00210A0F
rC=00000000
1EFE1248: 0001010A r1=r0 00020001
debug> 
r0=00000001
r1=1EFE12D9
r2=00000000
rA=1EFE12D9 [rA]=6F204C50
rB=1EFE0FC8 [rB]=00210A0F
rC=00000000
1EFE124C: 00020001 r0=r0+r1 00010A00
debug> 
r0=1EFE12DA
r1=1EFE12D9
r2=00000000
rA=1EFE12D9 [rA]=6F204C50
rB=1EFE0FC8 [rB]=00210A0F
rC=00000000
1EFE1250: 00010A00 rA=r0 0021000F
debug> 
r0=1EFE12DA
r1=1EFE12D9
r2=00000000
rA=1EFE12DA [rA]=626F204C
rB=1EFE0FC8 [rB]=00210A0F
rC=00000000
1EFE1254: 0021000F r0= 00000000
debug> 
r0=00000000
r1=1EFE12D9
r2=00000000
rA=1EFE12DA [rA]=626F204C
rB=1EFE0FC8 [rB]=00210A0F
rC=00000000
1EFE125C: 000C3FFF bz FFFFFFF3
debug> 
r0=00000000
r1=1EFE12D9
r2=00000000
rA=1EFE12DA [rA]=626F204C
rB=1EFE0FC8 [rB]=00210A0F
rC=00000000
1EFE1230: 0001002A r0=byte[rA] 000C3FFF
debug> 
r0=0000004C
r1=1EFE12D9
r2=00000000
rA=1EFE12DA [rA]=626F204C
rB=1EFE0FC8 [rB]=00210A0F
rC=00000000
1EFE1234: 000C3FFF bz 0000000A
debug> 
r0=0000004C
r1=1EFE12D9
r2=00000000
rA=1EFE12DA [rA]=626F204C
rB=1EFE0FC8 [rB]=00210A0F
rC=00000000
1EFE123C: 0011FF00 putchar 0021000F
debug> L
r0=0000004C
r1=1EFE12D9
r2=00000000
rA=1EFE12DA [rA]=626F204C
rB=1EFE0FC8 [rB]=00210A0F
rC=00000000
1EFE1240: 0021000F r0= 00000001
debug> 
r0=00000001
r1=1EFE12D9
r2=00000000
rA=1EFE12DA [rA]=626F204C
rB=1EFE0FC8 [rB]=00210A0F
rC=00000000
1EFE1248: 0001010A r1=r0 00020001
debug> 
r0=00000001
r1=1EFE12DA
r2=00000000
rA=1EFE12DA [rA]=626F204C
rB=1EFE0FC8 [rB]=00210A0F
rC=00000000
1EFE124C: 00020001 r0=r0+r1 00010A00
debug> 
r0=1EFE12DB
r1=1EFE12DA
r2=00000000
rA=1EFE12DA [rA]=626F204C
rB=1EFE0FC8 [rB]=00210A0F
rC=00000000
1EFE1250: 00010A00 rA=r0 0021000F
debug> 
r0=1EFE12DB
r1=1EFE12DA
r2=00000000
rA=1EFE12DB [rA]=6A626F20
rB=1EFE0FC8 [rB]=00210A0F
rC=00000000
1EFE1254: 0021000F r0= 00000000
debug> 
r0=00000000
r1=1EFE12DA
r2=00000000
rA=1EFE12DB [rA]=6A626F20
rB=1EFE0FC8 [rB]=00210A0F
rC=00000000
1EFE125C: 000C3FFF bz FFFFFFF3
debug> 
r0=00000000
r1=1EFE12DA
r2=00000000
rA=1EFE12DB [rA]=6A626F20
rB=1EFE0FC8 [rB]=00210A0F
rC=00000000
1EFE1230: 0001002A r0=byte[rA] 000C3FFF
debug> 
r0=00000020
r1=1EFE12DA
r2=00000000
rA=1EFE12DB [rA]=6A626F20
rB=1EFE0FC8 [rB]=00210A0F
rC=00000000
1EFE1234: 000C3FFF bz 0000000A
debug> 
r0=00000020
r1=1EFE12DA
r2=00000000
rA=1EFE12DB [rA]=6A626F20
rB=1EFE0FC8 [rB]=00210A0F
rC=00000000
1EFE123C: 0011FF00 putchar 0021000F
debug>  
r0=00000020
r1=1EFE12DA
r2=00000000
rA=1EFE12DB [rA]=6A626F20
rB=1EFE0FC8 [rB]=00210A0F
rC=00000000
1EFE1240: 0021000F r0= 00000001
debug> 
r0=00000001
r1=1EFE12DA
r2=00000000
rA=1EFE12DB [rA]=6A626F20
rB=1EFE0FC8 [rB]=00210A0F
rC=00000000
1EFE1248: 0001010A r1=r0 00020001
debug> 
r0=00000001
r1=1EFE12DB
r2=00000000
rA=1EFE12DB [rA]=6A626F20
rB=1EFE0FC8 [rB]=00210A0F
rC=00000000
1EFE124C: 00020001 r0=r0+r1 00010A00
debug> 
r0=1EFE12DC
r1=1EFE12DB
r2=00000000
rA=1EFE12DB [rA]=6A626F20
rB=1EFE0FC8 [rB]=00210A0F
rC=00000000
1EFE1250: 00010A00 rA=r0 0021000F
debug> 
r0=1EFE12DC
r1=1EFE12DB
r2=00000000
rA=1EFE12DC [rA]=656A626F
rB=1EFE0FC8 [rB]=00210A0F
rC=00000000
1EFE1254: 0021000F r0= 00000000
debug> 
r0=00000000
r1=1EFE12DB
r2=00000000
rA=1EFE12DC [rA]=656A626F
rB=1EFE0FC8 [rB]=00210A0F
rC=00000000
1EFE125C: 000C3FFF bz FFFFFFF3
debug> 
r0=00000000
r1=1EFE12DB
r2=00000000
rA=1EFE12DC [rA]=656A626F
rB=1EFE0FC8 [rB]=00210A0F
rC=00000000
1EFE1230: 0001002A r0=byte[rA] 000C3FFF
debug> 
r0=0000006F
r1=1EFE12DB
r2=00000000
rA=1EFE12DC [rA]=656A626F
rB=1EFE0FC8 [rB]=00210A0F
rC=00000000
1EFE1234: 000C3FFF bz 0000000A
debug> 
r0=0000006F
r1=1EFE12DB
r2=00000000
rA=1EFE12DC [rA]=656A626F
rB=1EFE0FC8 [rB]=00210A0F
rC=00000000
1EFE123C: 0011FF00 putchar 0021000F
debug> o
r0=0000006F
r1=1EFE12DB
r2=00000000
rA=1EFE12DC [rA]=656A626F
rB=1EFE0FC8 [rB]=00210A0F
rC=00000000
1EFE1240: 0021000F r0= 00000001
debug> 
r0=00000001
r1=1EFE12DB
r2=00000000
rA=1EFE12DC [rA]=656A626F
rB=1EFE0FC8 [rB]=00210A0F
rC=00000000
1EFE1248: 0001010A r1=r0 00020001
debug> 
r0=00000001
r1=1EFE12DC
r2=00000000
rA=1EFE12DC [rA]=656A626F
rB=1EFE0FC8 [rB]=00210A0F
rC=00000000
1EFE124C: 00020001 r0=r0+r1 00010A00
debug> 
r0=1EFE12DD
r1=1EFE12DC
r2=00000000
rA=1EFE12DC [rA]=656A626F
rB=1EFE0FC8 [rB]=00210A0F
rC=00000000
1EFE1250: 00010A00 rA=r0 0021000F
debug> 
r0=1EFE12DD
r1=1EFE12DC
r2=00000000
rA=1EFE12DD [rA]=63656A62
rB=1EFE0FC8 [rB]=00210A0F
rC=00000000
1EFE1254: 0021000F r0= 00000000
debug> 
r0=00000000
r1=1EFE12DC
r2=00000000
rA=1EFE12DD [rA]=63656A62
rB=1EFE0FC8 [rB]=00210A0F
rC=00000000
1EFE125C: 000C3FFF bz FFFFFFF3
debug> 
r0=00000000
r1=1EFE12DC
r2=00000000
rA=1EFE12DD [rA]=63656A62
rB=1EFE0FC8 [rB]=00210A0F
rC=00000000
1EFE1230: 0001002A r0=byte[rA] 000C3FFF
debug> 
r0=00000062
r1=1EFE12DC
r2=00000000
rA=1EFE12DD [rA]=63656A62
rB=1EFE0FC8 [rB]=00210A0F
rC=00000000
1EFE1234: 000C3FFF bz 0000000A
debug> 
r0=00000062
r1=1EFE12DC
r2=00000000
rA=1EFE12DD [rA]=63656A62
rB=1EFE0FC8 [rB]=00210A0F
rC=00000000
1EFE123C: 0011FF00 putchar 0021000F
debug> b
r0=00000062
r1=1EFE12DC
r2=00000000
rA=1EFE12DD [rA]=63656A62
rB=1EFE0FC8 [rB]=00210A0F
rC=00000000
1EFE1240: 0021000F r0= 00000001
debug> 
r0=00000001
r1=1EFE12DC
r2=00000000
rA=1EFE12DD [rA]=63656A62
rB=1EFE0FC8 [rB]=00210A0F
rC=00000000
1EFE1248: 0001010A r1=r0 00020001
debug> 
r0=00000001
r1=1EFE12DD
r2=00000000
rA=1EFE12DD [rA]=63656A62
rB=1EFE0FC8 [rB]=00210A0F
rC=00000000
1EFE124C: 00020001 r0=r0+r1 00010A00
debug> 
r0=1EFE12DE
r1=1EFE12DD
r2=00000000
rA=1EFE12DD [rA]=63656A62
rB=1EFE0FC8 [rB]=00210A0F
rC=00000000
1EFE1250: 00010A00 rA=r0 0021000F
debug> 
r0=1EFE12DE
r1=1EFE12DD
r2=00000000
rA=1EFE12DE [rA]=7463656A
rB=1EFE0FC8 [rB]=00210A0F
rC=00000000
1EFE1254: 0021000F r0= 00000000
debug> 
r0=00000000
r1=1EFE12DD
r2=00000000
rA=1EFE12DE [rA]=7463656A
rB=1EFE0FC8 [rB]=00210A0F
rC=00000000
1EFE125C: 000C3FFF bz FFFFFFF3
debug> 
r0=00000000
r1=1EFE12DD
r2=00000000
rA=1EFE12DE [rA]=7463656A
rB=1EFE0FC8 [rB]=00210A0F
rC=00000000
1EFE1230: 0001002A r0=byte[rA] 000C3FFF
debug> 
r0=0000006A
r1=1EFE12DD
r2=00000000
rA=1EFE12DE [rA]=7463656A
rB=1EFE0FC8 [rB]=00210A0F
rC=00000000
1EFE1234: 000C3FFF bz 0000000A
debug> 
r0=0000006A
r1=1EFE12DD
r2=00000000
rA=1EFE12DE [rA]=7463656A
rB=1EFE0FC8 [rB]=00210A0F
rC=00000000
1EFE123C: 0011FF00 putchar 0021000F
debug> j
r0=0000006A
r1=1EFE12DD
r2=00000000
rA=1EFE12DE [rA]=7463656A
rB=1EFE0FC8 [rB]=00210A0F
rC=00000000
1EFE1240: 0021000F r0= 00000001
debug> 
r0=00000001
r1=1EFE12DD
r2=00000000
rA=1EFE12DE [rA]=7463656A
rB=1EFE0FC8 [rB]=00210A0F
rC=00000000
1EFE1248: 0001010A r1=r0 00020001
debug> 
r0=00000001
r1=1EFE12DE
r2=00000000
rA=1EFE12DE [rA]=7463656A
rB=1EFE0FC8 [rB]=00210A0F
rC=00000000
1EFE124C: 00020001 r0=r0+r1 00010A00
debug> 
r0=1EFE12DF
r1=1EFE12DE
r2=00000000
rA=1EFE12DE [rA]=7463656A
rB=1EFE0FC8 [rB]=00210A0F
rC=00000000
1EFE1250: 00010A00 rA=r0 0021000F
debug> 
r0=1EFE12DF
r1=1EFE12DE
r2=00000000
rA=1EFE12DF [rA]=20746365
rB=1EFE0FC8 [rB]=00210A0F
rC=00000000
1EFE1254: 0021000F r0= 00000000
debug> 
r0=00000000
r1=1EFE12DE
r2=00000000
rA=1EFE12DF [rA]=20746365
rB=1EFE0FC8 [rB]=00210A0F
rC=00000000
1EFE125C: 000C3FFF bz FFFFFFF3
debug> 
r0=00000000
r1=1EFE12DE
r2=00000000
rA=1EFE12DF [rA]=20746365
rB=1EFE0FC8 [rB]=00210A0F
rC=00000000
1EFE1230: 0001002A r0=byte[rA] 000C3FFF
debug> 
r0=00000065
r1=1EFE12DE
r2=00000000
rA=1EFE12DF [rA]=20746365
rB=1EFE0FC8 [rB]=00210A0F
rC=00000000
1EFE1234: 000C3FFF bz 0000000A
debug> 
r0=00000065
r1=1EFE12DE
r2=00000000
rA=1EFE12DF [rA]=20746365
rB=1EFE0FC8 [rB]=00210A0F
rC=00000000
1EFE123C: 0011FF00 putchar 0021000F
debug> e
r0=00000065
r1=1EFE12DE
r2=00000000
rA=1EFE12DF [rA]=20746365
rB=1EFE0FC8 [rB]=00210A0F
rC=00000000
1EFE1240: 0021000F r0= 00000001
debug> 
r0=00000001
r1=1EFE12DE
r2=00000000
rA=1EFE12DF [rA]=20746365
rB=1EFE0FC8 [rB]=00210A0F
rC=00000000
1EFE1248: 0001010A r1=r0 00020001
debug> 
r0=00000001
r1=1EFE12DF
r2=00000000
rA=1EFE12DF [rA]=20746365
rB=1EFE0FC8 [rB]=00210A0F
rC=00000000
1EFE124C: 00020001 r0=r0+r1 00010A00
debug> 
r0=1EFE12E0
r1=1EFE12DF
r2=00000000
rA=1EFE12DF [rA]=20746365
rB=1EFE0FC8 [rB]=00210A0F
rC=00000000
1EFE1250: 00010A00 rA=r0 0021000F
debug> 
r0=1EFE12E0
r1=1EFE12DF
r2=00000000
rA=1EFE12E0 [rA]=66207463
rB=1EFE0FC8 [rB]=00210A0F
rC=00000000
1EFE1254: 0021000F r0= 00000000
debug> 
r0=00000000
r1=1EFE12DF
r2=00000000
rA=1EFE12E0 [rA]=66207463
rB=1EFE0FC8 [rB]=00210A0F
rC=00000000
1EFE125C: 000C3FFF bz FFFFFFF3
debug> 
r0=00000000
r1=1EFE12DF
r2=00000000
rA=1EFE12E0 [rA]=66207463
rB=1EFE0FC8 [rB]=00210A0F
rC=00000000
1EFE1230: 0001002A r0=byte[rA] 000C3FFF
debug> 
r0=00000063
r1=1EFE12DF
r2=00000000
rA=1EFE12E0 [rA]=66207463
rB=1EFE0FC8 [rB]=00210A0F
rC=00000000
1EFE1234: 000C3FFF bz 0000000A
debug> 
r0=00000063
r1=1EFE12DF
r2=00000000
rA=1EFE12E0 [rA]=66207463
rB=1EFE0FC8 [rB]=00210A0F
rC=00000000
1EFE123C: 0011FF00 putchar 0021000F
debug> c
r0=00000063
r1=1EFE12DF
r2=00000000
rA=1EFE12E0 [rA]=66207463
rB=1EFE0FC8 [rB]=00210A0F
rC=00000000
1EFE1240: 0021000F r0= 00000001
debug> 
r0=00000001
r1=1EFE12DF
r2=00000000
rA=1EFE12E0 [rA]=66207463
rB=1EFE0FC8 [rB]=00210A0F
rC=00000000
1EFE1248: 0001010A r1=r0 00020001
debug> 
r0=00000001
r1=1EFE12E0
r2=00000000
rA=1EFE12E0 [rA]=66207463
rB=1EFE0FC8 [rB]=00210A0F
rC=00000000
1EFE124C: 00020001 r0=r0+r1 00010A00
debug> 
r0=1EFE12E1
r1=1EFE12E0
r2=00000000
rA=1EFE12E0 [rA]=66207463
rB=1EFE0FC8 [rB]=00210A0F
rC=00000000
1EFE1250: 00010A00 rA=r0 0021000F
debug> 
r0=1EFE12E1
r1=1EFE12E0
r2=00000000
rA=1EFE12E1 [rA]=69662074
rB=1EFE0FC8 [rB]=00210A0F
rC=00000000
1EFE1254: 0021000F r0= 00000000
debug> 
r0=00000000
r1=1EFE12E0
r2=00000000
rA=1EFE12E1 [rA]=69662074
rB=1EFE0FC8 [rB]=00210A0F
rC=00000000
1EFE125C: 000C3FFF bz FFFFFFF3
debug> 
r0=00000000
r1=1EFE12E0
r2=00000000
rA=1EFE12E1 [rA]=69662074
rB=1EFE0FC8 [rB]=00210A0F
rC=00000000
1EFE1230: 0001002A r0=byte[rA] 000C3FFF
debug> 
r0=00000074
r1=1EFE12E0
r2=00000000
rA=1EFE12E1 [rA]=69662074
rB=1EFE0FC8 [rB]=00210A0F
rC=00000000
1EFE1234: 000C3FFF bz 0000000A
debug> 
r0=00000074
r1=1EFE12E0
r2=00000000
rA=1EFE12E1 [rA]=69662074
rB=1EFE0FC8 [rB]=00210A0F
rC=00000000
1EFE123C: 0011FF00 putchar 0021000F
debug> t
r0=00000074
r1=1EFE12E0
r2=00000000
rA=1EFE12E1 [rA]=69662074
rB=1EFE0FC8 [rB]=00210A0F
rC=00000000
1EFE1240: 0021000F r0= 00000001
debug> 
r0=00000001
r1=1EFE12E0
r2=00000000
rA=1EFE12E1 [rA]=69662074
rB=1EFE0FC8 [rB]=00210A0F
rC=00000000
1EFE1248: 0001010A r1=r0 00020001
debug> 
r0=00000001
r1=1EFE12E1
r2=00000000
rA=1EFE12E1 [rA]=69662074
rB=1EFE0FC8 [rB]=00210A0F
rC=00000000
1EFE124C: 00020001 r0=r0+r1 00010A00
debug> 
r0=1EFE12E2
r1=1EFE12E1
r2=00000000
rA=1EFE12E1 [rA]=69662074
rB=1EFE0FC8 [rB]=00210A0F
rC=00000000
1EFE1250: 00010A00 rA=r0 0021000F
debug> 
r0=1EFE12E2
r1=1EFE12E1
r2=00000000
rA=1EFE12E2 [rA]=6C696620
rB=1EFE0FC8 [rB]=00210A0F
rC=00000000
1EFE1254: 0021000F r0= 00000000
debug> 
r0=00000000
r1=1EFE12E1
r2=00000000
rA=1EFE12E2 [rA]=6C696620
rB=1EFE0FC8 [rB]=00210A0F
rC=00000000
1EFE125C: 000C3FFF bz FFFFFFF3
debug> 
r0=00000000
r1=1EFE12E1
r2=00000000
rA=1EFE12E2 [rA]=6C696620
rB=1EFE0FC8 [rB]=00210A0F
rC=00000000
1EFE1230: 0001002A r0=byte[rA] 000C3FFF
debug> 
r0=00000020
r1=1EFE12E1
r2=00000000
rA=1EFE12E2 [rA]=6C696620
rB=1EFE0FC8 [rB]=00210A0F
rC=00000000
1EFE1234: 000C3FFF bz 0000000A
debug> 
r0=00000020
r1=1EFE12E1
r2=00000000
rA=1EFE12E2 [rA]=6C696620
rB=1EFE0FC8 [rB]=00210A0F
rC=00000000
1EFE123C: 0011FF00 putchar 0021000F
debug>  
r0=00000020
r1=1EFE12E1
r2=00000000
rA=1EFE12E2 [rA]=6C696620
rB=1EFE0FC8 [rB]=00210A0F
rC=00000000
1EFE1240: 0021000F r0= 00000001
debug> 
r0=00000001
r1=1EFE12E1
r2=00000000
rA=1EFE12E2 [rA]=6C696620
rB=1EFE0FC8 [rB]=00210A0F
rC=00000000
1EFE1248: 0001010A r1=r0 00020001
debug> 
r0=00000001
r1=1EFE12E2
r2=00000000
rA=1EFE12E2 [rA]=6C696620
rB=1EFE0FC8 [rB]=00210A0F
rC=00000000
1EFE124C: 00020001 r0=r0+r1 00010A00
debug> 
r0=1EFE12E3
r1=1EFE12E2
r2=00000000
rA=1EFE12E2 [rA]=6C696620
rB=1EFE0FC8 [rB]=00210A0F
rC=00000000
1EFE1250: 00010A00 rA=r0 0021000F
debug> 
r0=1EFE12E3
r1=1EFE12E2
r2=00000000
rA=1EFE12E3 [rA]=656C6966
rB=1EFE0FC8 [rB]=00210A0F
rC=00000000
1EFE1254: 0021000F r0= 00000000
debug> 
r0=00000000
r1=1EFE12E2
r2=00000000
rA=1EFE12E3 [rA]=656C6966
rB=1EFE0FC8 [rB]=00210A0F
rC=00000000
1EFE125C: 000C3FFF bz FFFFFFF3
debug> 
r0=00000000
r1=1EFE12E2
r2=00000000
rA=1EFE12E3 [rA]=656C6966
rB=1EFE0FC8 [rB]=00210A0F
rC=00000000
1EFE1230: 0001002A r0=byte[rA] 000C3FFF
debug> 
r0=00000066
r1=1EFE12E2
r2=00000000
rA=1EFE12E3 [rA]=656C6966
rB=1EFE0FC8 [rB]=00210A0F
rC=00000000
1EFE1234: 000C3FFF bz 0000000A
debug> 
r0=00000066
r1=1EFE12E2
r2=00000000
rA=1EFE12E3 [rA]=656C6966
rB=1EFE0FC8 [rB]=00210A0F
rC=00000000
1EFE123C: 0011FF00 putchar 0021000F
debug> f
r0=00000066
r1=1EFE12E2
r2=00000000
rA=1EFE12E3 [rA]=656C6966
rB=1EFE0FC8 [rB]=00210A0F
rC=00000000
1EFE1240: 0021000F r0= 00000001
debug> 
r0=00000001
r1=1EFE12E2
r2=00000000
rA=1EFE12E3 [rA]=656C6966
rB=1EFE0FC8 [rB]=00210A0F
rC=00000000
1EFE1248: 0001010A r1=r0 00020001
debug> 
r0=00000001
r1=1EFE12E3
r2=00000000
rA=1EFE12E3 [rA]=656C6966
rB=1EFE0FC8 [rB]=00210A0F
rC=00000000
1EFE124C: 00020001 r0=r0+r1 00010A00
debug> 
r0=1EFE12E4
r1=1EFE12E3
r2=00000000
rA=1EFE12E3 [rA]=656C6966
rB=1EFE0FC8 [rB]=00210A0F
rC=00000000
1EFE1250: 00010A00 rA=r0 0021000F
debug> 
r0=1EFE12E4
r1=1EFE12E3
r2=00000000
rA=1EFE12E4 [rA]=6E656C69
rB=1EFE0FC8 [rB]=00210A0F
rC=00000000
1EFE1254: 0021000F r0= 00000000
debug> 
r0=00000000
r1=1EFE12E3
r2=00000000
rA=1EFE12E4 [rA]=6E656C69
rB=1EFE0FC8 [rB]=00210A0F
rC=00000000
1EFE125C: 000C3FFF bz FFFFFFF3
debug> 
r0=00000000
r1=1EFE12E3
r2=00000000
rA=1EFE12E4 [rA]=6E656C69
rB=1EFE0FC8 [rB]=00210A0F
rC=00000000
1EFE1230: 0001002A r0=byte[rA] 000C3FFF
debug> 
r0=00000069
r1=1EFE12E3
r2=00000000
rA=1EFE12E4 [rA]=6E656C69
rB=1EFE0FC8 [rB]=00210A0F
rC=00000000
1EFE1234: 000C3FFF bz 0000000A
debug> 
r0=00000069
r1=1EFE12E3
r2=00000000
rA=1EFE12E4 [rA]=6E656C69
rB=1EFE0FC8 [rB]=00210A0F
rC=00000000
1EFE123C: 0011FF00 putchar 0021000F
debug> i
r0=00000069
r1=1EFE12E3
r2=00000000
rA=1EFE12E4 [rA]=6E656C69
rB=1EFE0FC8 [rB]=00210A0F
rC=00000000
1EFE1240: 0021000F r0= 00000001
debug> 
r0=00000001
r1=1EFE12E3
r2=00000000
rA=1EFE12E4 [rA]=6E656C69
rB=1EFE0FC8 [rB]=00210A0F
rC=00000000
1EFE1248: 0001010A r1=r0 00020001
debug> 
r0=00000001
r1=1EFE12E4
r2=00000000
rA=1EFE12E4 [rA]=6E656C69
rB=1EFE0FC8 [rB]=00210A0F
rC=00000000
1EFE124C: 00020001 r0=r0+r1 00010A00
debug> 
r0=1EFE12E5
r1=1EFE12E4
r2=00000000
rA=1EFE12E4 [rA]=6E656C69
rB=1EFE0FC8 [rB]=00210A0F
rC=00000000
1EFE1250: 00010A00 rA=r0 0021000F
debug> 
r0=1EFE12E5
r1=1EFE12E4
r2=00000000
rA=1EFE12E5 [rA]=616E656C
rB=1EFE0FC8 [rB]=00210A0F
rC=00000000
1EFE1254: 0021000F r0= 00000000
debug> 
r0=00000000
r1=1EFE12E4
r2=00000000
rA=1EFE12E5 [rA]=616E656C
rB=1EFE0FC8 [rB]=00210A0F
rC=00000000
1EFE125C: 000C3FFF bz FFFFFFF3
debug> 
r0=00000000
r1=1EFE12E4
r2=00000000
rA=1EFE12E5 [rA]=616E656C
rB=1EFE0FC8 [rB]=00210A0F
rC=00000000
1EFE1230: 0001002A r0=byte[rA] 000C3FFF
debug> 
r0=0000006C
r1=1EFE12E4
r2=00000000
rA=1EFE12E5 [rA]=616E656C
rB=1EFE0FC8 [rB]=00210A0F
rC=00000000
1EFE1234: 000C3FFF bz 0000000A
debug> 
r0=0000006C
r1=1EFE12E4
r2=00000000
rA=1EFE12E5 [rA]=616E656C
rB=1EFE0FC8 [rB]=00210A0F
rC=00000000
1EFE123C: 0011FF00 putchar 0021000F
debug> l
r0=0000006C
r1=1EFE12E4
r2=00000000
rA=1EFE12E5 [rA]=616E656C
rB=1EFE0FC8 [rB]=00210A0F
rC=00000000
1EFE1240: 0021000F r0= 00000001
debug> 
r0=00000001
r1=1EFE12E4
r2=00000000
rA=1EFE12E5 [rA]=616E656C
rB=1EFE0FC8 [rB]=00210A0F
rC=00000000
1EFE1248: 0001010A r1=r0 00020001
debug> 
r0=00000001
r1=1EFE12E5
r2=00000000
rA=1EFE12E5 [rA]=616E656C
rB=1EFE0FC8 [rB]=00210A0F
rC=00000000
1EFE124C: 00020001 r0=r0+r1 00010A00
debug> 
r0=1EFE12E6
r1=1EFE12E5
r2=00000000
rA=1EFE12E5 [rA]=616E656C
rB=1EFE0FC8 [rB]=00210A0F
rC=00000000
1EFE1250: 00010A00 rA=r0 0021000F
debug> 
r0=1EFE12E6
r1=1EFE12E5
r2=00000000
rA=1EFE12E6 [rA]=6D616E65
rB=1EFE0FC8 [rB]=00210A0F
rC=00000000
1EFE1254: 0021000F r0= 00000000
debug> 
r0=00000000
r1=1EFE12E5
r2=00000000
rA=1EFE12E6 [rA]=6D616E65
rB=1EFE0FC8 [rB]=00210A0F
rC=00000000
1EFE125C: 000C3FFF bz FFFFFFF3
debug> 
r0=00000000
r1=1EFE12E5
r2=00000000
rA=1EFE12E6 [rA]=6D616E65
rB=1EFE0FC8 [rB]=00210A0F
rC=00000000
1EFE1230: 0001002A r0=byte[rA] 000C3FFF
debug> 
r0=00000065
r1=1EFE12E5
r2=00000000
rA=1EFE12E6 [rA]=6D616E65
rB=1EFE0FC8 [rB]=00210A0F
rC=00000000
1EFE1234: 000C3FFF bz 0000000A
debug> 
r0=00000065
r1=1EFE12E5
r2=00000000
rA=1EFE12E6 [rA]=6D616E65
rB=1EFE0FC8 [rB]=00210A0F
rC=00000000
1EFE123C: 0011FF00 putchar 0021000F
debug> e
r0=00000065
r1=1EFE12E5
r2=00000000
rA=1EFE12E6 [rA]=6D616E65
rB=1EFE0FC8 [rB]=00210A0F
rC=00000000
1EFE1240: 0021000F r0= 00000001
debug> 
r0=00000001
r1=1EFE12E5
r2=00000000
rA=1EFE12E6 [rA]=6D616E65
rB=1EFE0FC8 [rB]=00210A0F
rC=00000000
1EFE1248: 0001010A r1=r0 00020001
debug> 
r0=00000001
r1=1EFE12E6
r2=00000000
rA=1EFE12E6 [rA]=6D616E65
rB=1EFE0FC8 [rB]=00210A0F
rC=00000000
1EFE124C: 00020001 r0=r0+r1 00010A00
debug> 
r0=1EFE12E7
r1=1EFE12E6
r2=00000000
rA=1EFE12E6 [rA]=6D616E65
rB=1EFE0FC8 [rB]=00210A0F
rC=00000000
1EFE1250: 00010A00 rA=r0 0021000F
debug> 
r0=1EFE12E7
r1=1EFE12E6
r2=00000000
rA=1EFE12E7 [rA]=656D616E
rB=1EFE0FC8 [rB]=00210A0F
rC=00000000
1EFE1254: 0021000F r0= 00000000
debug> 
r0=00000000
r1=1EFE12E6
r2=00000000
rA=1EFE12E7 [rA]=656D616E
rB=1EFE0FC8 [rB]=00210A0F
rC=00000000
1EFE125C: 000C3FFF bz FFFFFFF3
debug> 
r0=00000000
r1=1EFE12E6
r2=00000000
rA=1EFE12E7 [rA]=656D616E
rB=1EFE0FC8 [rB]=00210A0F
rC=00000000
1EFE1230: 0001002A r0=byte[rA] 000C3FFF
debug> 
r0=0000006E
r1=1EFE12E6
r2=00000000
rA=1EFE12E7 [rA]=656D616E
rB=1EFE0FC8 [rB]=00210A0F
rC=00000000
1EFE1234: 000C3FFF bz 0000000A
debug> 
r0=0000006E
r1=1EFE12E6
r2=00000000
rA=1EFE12E7 [rA]=656D616E
rB=1EFE0FC8 [rB]=00210A0F
rC=00000000
1EFE123C: 0011FF00 putchar 0021000F
debug> n
r0=0000006E
r1=1EFE12E6
r2=00000000
rA=1EFE12E7 [rA]=656D616E
rB=1EFE0FC8 [rB]=00210A0F
rC=00000000
1EFE1240: 0021000F r0= 00000001
debug> 
r0=00000001
r1=1EFE12E6
r2=00000000
rA=1EFE12E7 [rA]=656D616E
rB=1EFE0FC8 [rB]=00210A0F
rC=00000000
1EFE1248: 0001010A r1=r0 00020001
debug> 
r0=00000001
r1=1EFE12E7
r2=00000000
rA=1EFE12E7 [rA]=656D616E
rB=1EFE0FC8 [rB]=00210A0F
rC=00000000
1EFE124C: 00020001 r0=r0+r1 00010A00
debug> 
r0=1EFE12E8
r1=1EFE12E7
r2=00000000
rA=1EFE12E7 [rA]=656D616E
rB=1EFE0FC8 [rB]=00210A0F
rC=00000000
1EFE1250: 00010A00 rA=r0 0021000F
debug> 
r0=1EFE12E8
r1=1EFE12E7
r2=00000000
rA=1EFE12E8 [rA]=20656D61
rB=1EFE0FC8 [rB]=00210A0F
rC=00000000
1EFE1254: 0021000F r0= 00000000
debug> 
r0=00000000
r1=1EFE12E7
r2=00000000
rA=1EFE12E8 [rA]=20656D61
rB=1EFE0FC8 [rB]=00210A0F
rC=00000000
1EFE125C: 000C3FFF bz FFFFFFF3
debug> 
r0=00000000
r1=1EFE12E7
r2=00000000
rA=1EFE12E8 [rA]=20656D61
rB=1EFE0FC8 [rB]=00210A0F
rC=00000000
1EFE1230: 0001002A r0=byte[rA] 000C3FFF
debug> 
r0=00000061
r1=1EFE12E7
r2=00000000
rA=1EFE12E8 [rA]=20656D61
rB=1EFE0FC8 [rB]=00210A0F
rC=00000000
1EFE1234: 000C3FFF bz 0000000A
debug> 
r0=00000061
r1=1EFE12E7
r2=00000000
rA=1EFE12E8 [rA]=20656D61
rB=1EFE0FC8 [rB]=00210A0F
rC=00000000
1EFE123C: 0011FF00 putchar 0021000F
debug> a
r0=00000061
r1=1EFE12E7
r2=00000000
rA=1EFE12E8 [rA]=20656D61
rB=1EFE0FC8 [rB]=00210A0F
rC=00000000
1EFE1240: 0021000F r0= 00000001
debug> 
r0=00000001
r1=1EFE12E7
r2=00000000
rA=1EFE12E8 [rA]=20656D61
rB=1EFE0FC8 [rB]=00210A0F
rC=00000000
1EFE1248: 0001010A r1=r0 00020001
debug> 
r0=00000001
r1=1EFE12E8
r2=00000000
rA=1EFE12E8 [rA]=20656D61
rB=1EFE0FC8 [rB]=00210A0F
rC=00000000
1EFE124C: 00020001 r0=r0+r1 00010A00
debug> 
r0=1EFE12E9
r1=1EFE12E8
r2=00000000
rA=1EFE12E8 [rA]=20656D61
rB=1EFE0FC8 [rB]=00210A0F
rC=00000000
1EFE1250: 00010A00 rA=r0 0021000F
debug> 
r0=1EFE12E9
r1=1EFE12E8
r2=00000000
rA=1EFE12E9 [rA]=3F20656D
rB=1EFE0FC8 [rB]=00210A0F
rC=00000000
1EFE1254: 0021000F r0= 00000000
debug> 
r0=00000000
r1=1EFE12E8
r2=00000000
rA=1EFE12E9 [rA]=3F20656D
rB=1EFE0FC8 [rB]=00210A0F
rC=00000000
1EFE125C: 000C3FFF bz FFFFFFF3
debug> 
r0=00000000
r1=1EFE12E8
r2=00000000
rA=1EFE12E9 [rA]=3F20656D
rB=1EFE0FC8 [rB]=00210A0F
rC=00000000
1EFE1230: 0001002A r0=byte[rA] 000C3FFF
debug> 
r0=0000006D
r1=1EFE12E8
r2=00000000
rA=1EFE12E9 [rA]=3F20656D
rB=1EFE0FC8 [rB]=00210A0F
rC=00000000
1EFE1234: 000C3FFF bz 0000000A
debug> 
r0=0000006D
r1=1EFE12E8
r2=00000000
rA=1EFE12E9 [rA]=3F20656D
rB=1EFE0FC8 [rB]=00210A0F
rC=00000000
1EFE123C: 0011FF00 putchar 0021000F
debug> m
r0=0000006D
r1=1EFE12E8
r2=00000000
rA=1EFE12E9 [rA]=3F20656D
rB=1EFE0FC8 [rB]=00210A0F
rC=00000000
1EFE1240: 0021000F r0= 00000001
debug> 
r0=00000001
r1=1EFE12E8
r2=00000000
rA=1EFE12E9 [rA]=3F20656D
rB=1EFE0FC8 [rB]=00210A0F
rC=00000000
1EFE1248: 0001010A r1=r0 00020001
debug> 
r0=00000001
r1=1EFE12E9
r2=00000000
rA=1EFE12E9 [rA]=3F20656D
rB=1EFE0FC8 [rB]=00210A0F
rC=00000000
1EFE124C: 00020001 r0=r0+r1 00010A00
debug> 
r0=1EFE12EA
r1=1EFE12E9
r2=00000000
rA=1EFE12E9 [rA]=3F20656D
rB=1EFE0FC8 [rB]=00210A0F
rC=00000000
1EFE1250: 00010A00 rA=r0 0021000F
debug> 
r0=1EFE12EA
r1=1EFE12E9
r2=00000000
rA=1EFE12EA [rA]=203F2065
rB=1EFE0FC8 [rB]=00210A0F
rC=00000000
1EFE1254: 0021000F r0= 00000000
debug> 
r0=00000000
r1=1EFE12E9
r2=00000000
rA=1EFE12EA [rA]=203F2065
rB=1EFE0FC8 [rB]=00210A0F
rC=00000000
1EFE125C: 000C3FFF bz FFFFFFF3
debug> 
r0=00000000
r1=1EFE12E9
r2=00000000
rA=1EFE12EA [rA]=203F2065
rB=1EFE0FC8 [rB]=00210A0F
rC=00000000
1EFE1230: 0001002A r0=byte[rA] 000C3FFF
debug> 
r0=00000065
r1=1EFE12E9
r2=00000000
rA=1EFE12EA [rA]=203F2065
rB=1EFE0FC8 [rB]=00210A0F
rC=00000000
1EFE1234: 000C3FFF bz 0000000A
debug> 
r0=00000065
r1=1EFE12E9
r2=00000000
rA=1EFE12EA [rA]=203F2065
rB=1EFE0FC8 [rB]=00210A0F
rC=00000000
1EFE123C: 0011FF00 putchar 0021000F
debug> e
r0=00000065
r1=1EFE12E9
r2=00000000
rA=1EFE12EA [rA]=203F2065
rB=1EFE0FC8 [rB]=00210A0F
rC=00000000
1EFE1240: 0021000F r0= 00000001
debug> 
r0=00000001
r1=1EFE12E9
r2=00000000
rA=1EFE12EA [rA]=203F2065
rB=1EFE0FC8 [rB]=00210A0F
rC=00000000
1EFE1248: 0001010A r1=r0 00020001
debug> 
r0=00000001
r1=1EFE12EA
r2=00000000
rA=1EFE12EA [rA]=203F2065
rB=1EFE0FC8 [rB]=00210A0F
rC=00000000
1EFE124C: 00020001 r0=r0+r1 00010A00
debug> 
r0=1EFE12EB
r1=1EFE12EA
r2=00000000
rA=1EFE12EA [rA]=203F2065
rB=1EFE0FC8 [rB]=00210A0F
rC=00000000
1EFE1250: 00010A00 rA=r0 0021000F
debug> 
r0=1EFE12EB
r1=1EFE12EA
r2=00000000
rA=1EFE12EB [rA]=00203F20
rB=1EFE0FC8 [rB]=00210A0F
rC=00000000
1EFE1254: 0021000F r0= 00000000
debug> 
r0=00000000
r1=1EFE12EA
r2=00000000
rA=1EFE12EB [rA]=00203F20
rB=1EFE0FC8 [rB]=00210A0F
rC=00000000
1EFE125C: 000C3FFF bz FFFFFFF3
debug> 
r0=00000000
r1=1EFE12EA
r2=00000000
rA=1EFE12EB [rA]=00203F20
rB=1EFE0FC8 [rB]=00210A0F
rC=00000000
1EFE1230: 0001002A r0=byte[rA] 000C3FFF
debug> 
r0=00000020
r1=1EFE12EA
r2=00000000
rA=1EFE12EB [rA]=00203F20
rB=1EFE0FC8 [rB]=00210A0F
rC=00000000
1EFE1234: 000C3FFF bz 0000000A
debug> 
r0=00000020
r1=1EFE12EA
r2=00000000
rA=1EFE12EB [rA]=00203F20
rB=1EFE0FC8 [rB]=00210A0F
rC=00000000
1EFE123C: 0011FF00 putchar 0021000F
debug>  
r0=00000020
r1=1EFE12EA
r2=00000000
rA=1EFE12EB [rA]=00203F20
rB=1EFE0FC8 [rB]=00210A0F
rC=00000000
1EFE1240: 0021000F r0= 00000001
debug> 
r0=00000001
r1=1EFE12EA
r2=00000000
rA=1EFE12EB [rA]=00203F20
rB=1EFE0FC8 [rB]=00210A0F
rC=00000000
1EFE1248: 0001010A r1=r0 00020001
debug> 
r0=00000001
r1=1EFE12EB
r2=00000000
rA=1EFE12EB [rA]=00203F20
rB=1EFE0FC8 [rB]=00210A0F
rC=00000000
1EFE124C: 00020001 r0=r0+r1 00010A00
debug> 
r0=1EFE12EC
r1=1EFE12EB
r2=00000000
rA=1EFE12EB [rA]=00203F20
rB=1EFE0FC8 [rB]=00210A0F
rC=00000000
1EFE1250: 00010A00 rA=r0 0021000F
debug> 
r0=1EFE12EC
r1=1EFE12EB
r2=00000000
rA=1EFE12EC [rA]=7200203F
rB=1EFE0FC8 [rB]=00210A0F
rC=00000000
1EFE1254: 0021000F r0= 00000000
debug> 
r0=00000000
r1=1EFE12EB
r2=00000000
rA=1EFE12EC [rA]=7200203F
rB=1EFE0FC8 [rB]=00210A0F
rC=00000000
1EFE125C: 000C3FFF bz FFFFFFF3
debug> 
r0=00000000
r1=1EFE12EB
r2=00000000
rA=1EFE12EC [rA]=7200203F
rB=1EFE0FC8 [rB]=00210A0F
rC=00000000
1EFE1230: 0001002A r0=byte[rA] 000C3FFF
debug> 
r0=0000003F
r1=1EFE12EB
r2=00000000
rA=1EFE12EC [rA]=7200203F
rB=1EFE0FC8 [rB]=00210A0F
rC=00000000
1EFE1234: 000C3FFF bz 0000000A
debug> 
r0=0000003F
r1=1EFE12EB
r2=00000000
rA=1EFE12EC [rA]=7200203F
rB=1EFE0FC8 [rB]=00210A0F
rC=00000000
1EFE123C: 0011FF00 putchar 0021000F
debug> ?
r0=0000003F
r1=1EFE12EB
r2=00000000
rA=1EFE12EC [rA]=7200203F
rB=1EFE0FC8 [rB]=00210A0F
rC=00000000
1EFE1240: 0021000F r0= 00000001
debug> 
r0=00000001
r1=1EFE12EB
r2=00000000
rA=1EFE12EC [rA]=7200203F
rB=1EFE0FC8 [rB]=00210A0F
rC=00000000
1EFE1248: 0001010A r1=r0 00020001
debug> 
r0=00000001
r1=1EFE12EC
r2=00000000
rA=1EFE12EC [rA]=7200203F
rB=1EFE0FC8 [rB]=00210A0F
rC=00000000
1EFE124C: 00020001 r0=r0+r1 00010A00
debug> 
r0=1EFE12ED
r1=1EFE12EC
r2=00000000
rA=1EFE12EC [rA]=7200203F
rB=1EFE0FC8 [rB]=00210A0F
rC=00000000
1EFE1250: 00010A00 rA=r0 0021000F
debug> 
r0=1EFE12ED
r1=1EFE12EC
r2=00000000
rA=1EFE12ED [rA]=00720020
rB=1EFE0FC8 [rB]=00210A0F
rC=00000000
1EFE1254: 0021000F r0= 00000000
debug> 
r0=00000000
r1=1EFE12EC
r2=00000000
rA=1EFE12ED [rA]=00720020
rB=1EFE0FC8 [rB]=00210A0F
rC=00000000
1EFE125C: 000C3FFF bz FFFFFFF3
debug> 
r0=00000000
r1=1EFE12EC
r2=00000000
rA=1EFE12ED [rA]=00720020
rB=1EFE0FC8 [rB]=00210A0F
rC=00000000
1EFE1230: 0001002A r0=byte[rA] 000C3FFF
debug> 
r0=00000020
r1=1EFE12EC
r2=00000000
rA=1EFE12ED [rA]=00720020
rB=1EFE0FC8 [rB]=00210A0F
rC=00000000
1EFE1234: 000C3FFF bz 0000000A
debug> 
r0=00000020
r1=1EFE12EC
r2=00000000
rA=1EFE12ED [rA]=00720020
rB=1EFE0FC8 [rB]=00210A0F
rC=00000000
1EFE123C: 0011FF00 putchar 0021000F
debug>  
r0=00000020
r1=1EFE12EC
r2=00000000
rA=1EFE12ED [rA]=00720020
rB=1EFE0FC8 [rB]=00210A0F
rC=00000000
1EFE1240: 0021000F r0= 00000001
debug> 
r0=00000001
r1=1EFE12EC
r2=00000000
rA=1EFE12ED [rA]=00720020
rB=1EFE0FC8 [rB]=00210A0F
rC=00000000
1EFE1248: 0001010A r1=r0 00020001
debug> 
r0=00000001
r1=1EFE12ED
r2=00000000
rA=1EFE12ED [rA]=00720020
rB=1EFE0FC8 [rB]=00210A0F
rC=00000000
1EFE124C: 00020001 r0=r0+r1 00010A00
debug> 
r0=1EFE12EE
r1=1EFE12ED
r2=00000000
rA=1EFE12ED [rA]=00720020
rB=1EFE0FC8 [rB]=00210A0F
rC=00000000
1EFE1250: 00010A00 rA=r0 0021000F
debug> 
r0=1EFE12EE
r1=1EFE12ED
r2=00000000
rA=1EFE12EE [rA]=00007200
rB=1EFE0FC8 [rB]=00210A0F
rC=00000000
1EFE1254: 0021000F r0= 00000000
debug> 
r0=00000000
r1=1EFE12ED
r2=00000000
rA=1EFE12EE [rA]=00007200
rB=1EFE0FC8 [rB]=00210A0F
rC=00000000
1EFE125C: 000C3FFF bz FFFFFFF3
debug> 
r0=00000000
r1=1EFE12ED
r2=00000000
rA=1EFE12EE [rA]=00007200
rB=1EFE0FC8 [rB]=00210A0F
rC=00000000
1EFE1230: 0001002A r0=byte[rA] 000C3FFF
debug> 
r0=00000000
r1=1EFE12ED
r2=00000000
rA=1EFE12EE [rA]=00007200
rB=1EFE0FC8 [rB]=00210A0F
rC=00000000
1EFE1234: 000C3FFF bz 0000000A
debug> 
r0=00000000
r1=1EFE12ED
r2=00000000
rA=1EFE12EE [rA]=00007200
rB=1EFE0FC8 [rB]=00210A0F
rC=00000000
1EFE1264: 000E0002 endf 000E0001
debug> 
r0=00000000
r1=1EFE12ED
r2=00000000
rA=1EFE12EE [rA]=00007200
rB=1EFE0FC8 [rB]=00210A0F
rC=00000000
1EFE0FD8: 00210A0F rA= 1EFE12EF
debug> 
r0=00000000
r1=1EFE12ED
r2=00000000
rA=1EFE12EF [rA]=00000072
rB=1EFE0FC8 [rB]=00210A0F
rC=00000000
1EFE0FE0: 000D2FFF call 000000A0
debug> 
r0=00000000
r1=1EFE12ED
r2=00000000
rA=1EFE12EF [rA]=00000072
rB=1EFE0FC8 [rB]=00210A0F
rC=00000000
1EFE1268: 000E0001 beginf 001000FF
debug> 
r0=00000000
r1=1EFE12ED
r2=00000000
rA=1EFE12EF [rA]=00000072
rB=1EFE0FC8 [rB]=00210A0F
rC=00000000
1EFE126C: 001000FF getchar 00010100
debug> 
r0=00000074
r1=1EFE12ED
r2=00000000
rA=1EFE12EF [rA]=00000072
rB=1EFE0FC8 [rB]=00210A0F
rC=00000000
1EFE1270: 00010100 r1=r0 0021000F
debug> 
r0=00000074
r1=00000074
r2=00000000
rA=1EFE12EF [rA]=00000072
rB=1EFE0FC8 [rB]=00210A0F
rC=00000000
1EFE1274: 0021000F r0= 0000000A
debug> 
r0=0000000A
r1=00000074
r2=00000000
rA=1EFE12EF [rA]=00000072
rB=1EFE0FC8 [rB]=00210A0F
rC=00000000
1EFE127C: 00030001 r0=r0-r1 000C3FFF
debug> 
r0=FFFFFF96
r1=00000074
r2=00000000
rA=1EFE12EF [rA]=00000072
rB=1EFE0FC8 [rB]=00210A0F
rC=00000000
1EFE1280: 000C3FFF bz 00000010
debug> 
r0=FFFFFF96
r1=00000074
r2=00000000
rA=1EFE12EF [rA]=00000072
rB=1EFE0FC8 [rB]=00210A0F
rC=00000000
1EFE1288: 0021000F r0= 0000000D
debug> 
r0=0000000D
r1=00000074
r2=00000000
rA=1EFE12EF [rA]=00000072
rB=1EFE0FC8 [rB]=00210A0F
rC=00000000
1EFE1290: 00030001 r0=r0-r1 000C3FFF
debug> 
r0=FFFFFF99
r1=00000074
r2=00000000
rA=1EFE12EF [rA]=00000072
rB=1EFE0FC8 [rB]=00210A0F
rC=00000000
1EFE1294: 000C3FFF bz 0000000B
debug> 
r0=FFFFFF99
r1=00000074
r2=00000000
rA=1EFE12EF [rA]=00000072
rB=1EFE0FC8 [rB]=00210A0F
rC=00000000
1EFE129C: 00010001 r0=r0 00012A00
debug> 
r0=00000074
r1=00000074
r2=00000000
rA=1EFE12EF [rA]=00000072
rB=1EFE0FC8 [rB]=00210A0F
rC=00000000
1EFE12A0: 00012A00 byte[rA]=r0 0021000F
debug> 
r0=00000074
r1=00000074
r2=00000000
rA=1EFE12EF [rA]=00000074
rB=1EFE0FC8 [rB]=00210A0F
rC=00000000
1EFE12A4: 0021000F r0= 00000001
debug> 
r0=00000001
r1=00000074
r2=00000000
rA=1EFE12EF [rA]=00000074
rB=1EFE0FC8 [rB]=00210A0F
rC=00000000
1EFE12AC: 0001010A r1=r0 00020001
debug> 
r0=00000001
r1=1EFE12EF
r2=00000000
rA=1EFE12EF [rA]=00000074
rB=1EFE0FC8 [rB]=00210A0F
rC=00000000
1EFE12B0: 00020001 r0=r0+r1 00010A00
debug> 
r0=1EFE12F0
r1=1EFE12EF
r2=00000000
rA=1EFE12EF [rA]=00000074
rB=1EFE0FC8 [rB]=00210A0F
rC=00000000
1EFE12B4: 00010A00 rA=r0 0021000F
debug> 
r0=1EFE12F0
r1=1EFE12EF
r2=00000000
rA=1EFE12F0 [rA]=00000000
rB=1EFE0FC8 [rB]=00210A0F
rC=00000000
1EFE12B8: 0021000F r0= 00000000
debug> 
r0=00000000
r1=1EFE12EF
r2=00000000
rA=1EFE12F0 [rA]=00000000
rB=1EFE0FC8 [rB]=00210A0F
rC=00000000
1EFE12C0: 000C3FFF bz FFFFFFE9
debug> 
r0=00000000
r1=1EFE12EF
r2=00000000
rA=1EFE12F0 [rA]=00000000
rB=1EFE0FC8 [rB]=00210A0F
rC=00000000
1EFE126C: 001000FF getchar 00010100
debug> 
r0=00000065
r1=1EFE12EF
r2=00000000
rA=1EFE12F0 [rA]=00000000
rB=1EFE0FC8 [rB]=00210A0F
rC=00000000
1EFE1270: 00010100 r1=r0 0021000F
debug> 
r0=00000065
r1=00000065
r2=00000000
rA=1EFE12F0 [rA]=00000000
rB=1EFE0FC8 [rB]=00210A0F
rC=00000000
1EFE1274: 0021000F r0= 0000000A
debug> 
r0=0000000A
r1=00000065
r2=00000000
rA=1EFE12F0 [rA]=00000000
rB=1EFE0FC8 [rB]=00210A0F
rC=00000000
1EFE127C: 00030001 r0=r0-r1 000C3FFF
debug> 
r0=FFFFFFA5
r1=00000065
r2=00000000
rA=1EFE12F0 [rA]=00000000
rB=1EFE0FC8 [rB]=00210A0F
rC=00000000
1EFE1280: 000C3FFF bz 00000010
debug> 
r0=FFFFFFA5
r1=00000065
r2=00000000
rA=1EFE12F0 [rA]=00000000
rB=1EFE0FC8 [rB]=00210A0F
rC=00000000
1EFE1288: 0021000F r0= 0000000D
debug> 
r0=0000000D
r1=00000065
r2=00000000
rA=1EFE12F0 [rA]=00000000
rB=1EFE0FC8 [rB]=00210A0F
rC=00000000
1EFE1290: 00030001 r0=r0-r1 000C3FFF
debug> 
r0=FFFFFFA8
r1=00000065
r2=00000000
rA=1EFE12F0 [rA]=00000000
rB=1EFE0FC8 [rB]=00210A0F
rC=00000000
1EFE1294: 000C3FFF bz 0000000B
debug> 
r0=FFFFFFA8
r1=00000065
r2=00000000
rA=1EFE12F0 [rA]=00000000
rB=1EFE0FC8 [rB]=00210A0F
rC=00000000
1EFE129C: 00010001 r0=r0 00012A00
debug> 
r0=00000065
r1=00000065
r2=00000000
rA=1EFE12F0 [rA]=00000000
rB=1EFE0FC8 [rB]=00210A0F
rC=00000000
1EFE12A0: 00012A00 byte[rA]=r0 0021000F
debug> 
r0=00000065
r1=00000065
r2=00000000
rA=1EFE12F0 [rA]=00000065
rB=1EFE0FC8 [rB]=00210A0F
rC=00000000
1EFE12A4: 0021000F r0= 00000001
debug> 
r0=00000001
r1=00000065
r2=00000000
rA=1EFE12F0 [rA]=00000065
rB=1EFE0FC8 [rB]=00210A0F
rC=00000000
1EFE12AC: 0001010A r1=r0 00020001
debug> 
r0=00000001
r1=1EFE12F0
r2=00000000
rA=1EFE12F0 [rA]=00000065
rB=1EFE0FC8 [rB]=00210A0F
rC=00000000
1EFE12B0: 00020001 r0=r0+r1 00010A00
debug> 
r0=1EFE12F1
r1=1EFE12F0
r2=00000000
rA=1EFE12F0 [rA]=00000065
rB=1EFE0FC8 [rB]=00210A0F
rC=00000000
1EFE12B4: 00010A00 rA=r0 0021000F
debug> 
r0=1EFE12F1
r1=1EFE12F0
r2=00000000
rA=1EFE12F1 [rA]=00000000
rB=1EFE0FC8 [rB]=00210A0F
rC=00000000
1EFE12B8: 0021000F r0= 00000000
debug> 
r0=00000000
r1=1EFE12F0
r2=00000000
rA=1EFE12F1 [rA]=00000000
rB=1EFE0FC8 [rB]=00210A0F
rC=00000000
1EFE12C0: 000C3FFF bz FFFFFFE9
debug> 
r0=00000000
r1=1EFE12F0
r2=00000000
rA=1EFE12F1 [rA]=00000000
rB=1EFE0FC8 [rB]=00210A0F
rC=00000000
1EFE126C: 001000FF getchar 00010100
debug> 
r0=00000073
r1=1EFE12F0
r2=00000000
rA=1EFE12F1 [rA]=00000000
rB=1EFE0FC8 [rB]=00210A0F
rC=00000000
1EFE1270: 00010100 r1=r0 0021000F
debug> 
r0=00000073
r1=00000073
r2=00000000
rA=1EFE12F1 [rA]=00000000
rB=1EFE0FC8 [rB]=00210A0F
rC=00000000
1EFE1274: 0021000F r0= 0000000A
debug> 
r0=0000000A
r1=00000073
r2=00000000
rA=1EFE12F1 [rA]=00000000
rB=1EFE0FC8 [rB]=00210A0F
rC=00000000
1EFE127C: 00030001 r0=r0-r1 000C3FFF
debug> 
r0=FFFFFF97
r1=00000073
r2=00000000
rA=1EFE12F1 [rA]=00000000
rB=1EFE0FC8 [rB]=00210A0F
rC=00000000
1EFE1280: 000C3FFF bz 00000010
debug> 
r0=FFFFFF97
r1=00000073
r2=00000000
rA=1EFE12F1 [rA]=00000000
rB=1EFE0FC8 [rB]=00210A0F
rC=00000000
1EFE1288: 0021000F r0= 0000000D
debug> 
r0=0000000D
r1=00000073
r2=00000000
rA=1EFE12F1 [rA]=00000000
rB=1EFE0FC8 [rB]=00210A0F
rC=00000000
1EFE1290: 00030001 r0=r0-r1 000C3FFF
debug> 
r0=FFFFFF9A
r1=00000073
r2=00000000
rA=1EFE12F1 [rA]=00000000
rB=1EFE0FC8 [rB]=00210A0F
rC=00000000
1EFE1294: 000C3FFF bz 0000000B
debug> 
r0=FFFFFF9A
r1=00000073
r2=00000000
rA=1EFE12F1 [rA]=00000000
rB=1EFE0FC8 [rB]=00210A0F
rC=00000000
1EFE129C: 00010001 r0=r0 00012A00
debug> 
r0=00000073
r1=00000073
r2=00000000
rA=1EFE12F1 [rA]=00000000
rB=1EFE0FC8 [rB]=00210A0F
rC=00000000
1EFE12A0: 00012A00 byte[rA]=r0 0021000F
debug> 
r0=00000073
r1=00000073
r2=00000000
rA=1EFE12F1 [rA]=00000073
rB=1EFE0FC8 [rB]=00210A0F
rC=00000000
1EFE12A4: 0021000F r0= 00000001
debug> 
r0=00000001
r1=00000073
r2=00000000
rA=1EFE12F1 [rA]=00000073
rB=1EFE0FC8 [rB]=00210A0F
rC=00000000
1EFE12AC: 0001010A r1=r0 00020001
debug> 
r0=00000001
r1=1EFE12F1
r2=00000000
rA=1EFE12F1 [rA]=00000073
rB=1EFE0FC8 [rB]=00210A0F
rC=00000000
1EFE12B0: 00020001 r0=r0+r1 00010A00
debug> 
r0=1EFE12F2
r1=1EFE12F1
r2=00000000
rA=1EFE12F1 [rA]=00000073
rB=1EFE0FC8 [rB]=00210A0F
rC=00000000
1EFE12B4: 00010A00 rA=r0 0021000F
debug> 
r0=1EFE12F2
r1=1EFE12F1
r2=00000000
rA=1EFE12F2 [rA]=00000000
rB=1EFE0FC8 [rB]=00210A0F
rC=00000000
1EFE12B8: 0021000F r0= 00000000
debug> 
r0=00000000
r1=1EFE12F1
r2=00000000
rA=1EFE12F2 [rA]=00000000
rB=1EFE0FC8 [rB]=00210A0F
rC=00000000
1EFE12C0: 000C3FFF bz FFFFFFE9
debug> 
r0=00000000
r1=1EFE12F1
r2=00000000
rA=1EFE12F2 [rA]=00000000
rB=1EFE0FC8 [rB]=00210A0F
rC=00000000
1EFE126C: 001000FF getchar 00010100
debug> 
r0=00000074
r1=1EFE12F1
r2=00000000
rA=1EFE12F2 [rA]=00000000
rB=1EFE0FC8 [rB]=00210A0F
rC=00000000
1EFE1270: 00010100 r1=r0 0021000F
debug> 
r0=00000074
r1=00000074
r2=00000000
rA=1EFE12F2 [rA]=00000000
rB=1EFE0FC8 [rB]=00210A0F
rC=00000000
1EFE1274: 0021000F r0= 0000000A
debug> 
r0=0000000A
r1=00000074
r2=00000000
rA=1EFE12F2 [rA]=00000000
rB=1EFE0FC8 [rB]=00210A0F
rC=00000000
1EFE127C: 00030001 r0=r0-r1 000C3FFF
debug> 
r0=FFFFFF96
r1=00000074
r2=00000000
rA=1EFE12F2 [rA]=00000000
rB=1EFE0FC8 [rB]=00210A0F
rC=00000000
1EFE1280: 000C3FFF bz 00000010
debug> 
r0=FFFFFF96
r1=00000074
r2=00000000
rA=1EFE12F2 [rA]=00000000
rB=1EFE0FC8 [rB]=00210A0F
rC=00000000
1EFE1288: 0021000F r0= 0000000D
debug> 
r0=0000000D
r1=00000074
r2=00000000
rA=1EFE12F2 [rA]=00000000
rB=1EFE0FC8 [rB]=00210A0F
rC=00000000
1EFE1290: 00030001 r0=r0-r1 000C3FFF
debug> 
r0=FFFFFF99
r1=00000074
r2=00000000
rA=1EFE12F2 [rA]=00000000
rB=1EFE0FC8 [rB]=00210A0F
rC=00000000
1EFE1294: 000C3FFF bz 0000000B
debug> 
r0=FFFFFF99
r1=00000074
r2=00000000
rA=1EFE12F2 [rA]=00000000
rB=1EFE0FC8 [rB]=00210A0F
rC=00000000
1EFE129C: 00010001 r0=r0 00012A00
debug> 
r0=00000074
r1=00000074
r2=00000000
rA=1EFE12F2 [rA]=00000000
rB=1EFE0FC8 [rB]=00210A0F
rC=00000000
1EFE12A0: 00012A00 byte[rA]=r0 0021000F
debug> 
r0=00000074
r1=00000074
r2=00000000
rA=1EFE12F2 [rA]=00000074
rB=1EFE0FC8 [rB]=00210A0F
rC=00000000
1EFE12A4: 0021000F r0= 00000001
debug> 
r0=00000001
r1=00000074
r2=00000000
rA=1EFE12F2 [rA]=00000074
rB=1EFE0FC8 [rB]=00210A0F
rC=00000000
1EFE12AC: 0001010A r1=r0 00020001
debug> 
r0=00000001
r1=1EFE12F2
r2=00000000
rA=1EFE12F2 [rA]=00000074
rB=1EFE0FC8 [rB]=00210A0F
rC=00000000
1EFE12B0: 00020001 r0=r0+r1 00010A00
debug> 
r0=1EFE12F3
r1=1EFE12F2
r2=00000000
rA=1EFE12F2 [rA]=00000074
rB=1EFE0FC8 [rB]=00210A0F
rC=00000000
1EFE12B4: 00010A00 rA=r0 0021000F
debug> 
r0=1EFE12F3
r1=1EFE12F2
r2=00000000
rA=1EFE12F3 [rA]=00000000
rB=1EFE0FC8 [rB]=00210A0F
rC=00000000
1EFE12B8: 0021000F r0= 00000000
debug> 
r0=00000000
r1=1EFE12F2
r2=00000000
rA=1EFE12F3 [rA]=00000000
rB=1EFE0FC8 [rB]=00210A0F
rC=00000000
1EFE12C0: 000C3FFF bz FFFFFFE9
debug> 
r0=00000000
r1=1EFE12F2
r2=00000000
rA=1EFE12F3 [rA]=00000000
rB=1EFE0FC8 [rB]=00210A0F
rC=00000000
1EFE126C: 001000FF getchar 00010100
debug> 
r0=0000002E
r1=1EFE12F2
r2=00000000
rA=1EFE12F3 [rA]=00000000
rB=1EFE0FC8 [rB]=00210A0F
rC=00000000
1EFE1270: 00010100 r1=r0 0021000F
debug> 
r0=0000002E
r1=0000002E
r2=00000000
rA=1EFE12F3 [rA]=00000000
rB=1EFE0FC8 [rB]=00210A0F
rC=00000000
1EFE1274: 0021000F r0= 0000000A
debug> 
r0=0000000A
r1=0000002E
r2=00000000
rA=1EFE12F3 [rA]=00000000
rB=1EFE0FC8 [rB]=00210A0F
rC=00000000
1EFE127C: 00030001 r0=r0-r1 000C3FFF
debug> 
r0=FFFFFFDC
r1=0000002E
r2=00000000
rA=1EFE12F3 [rA]=00000000
rB=1EFE0FC8 [rB]=00210A0F
rC=00000000
1EFE1280: 000C3FFF bz 00000010
debug> 
r0=FFFFFFDC
r1=0000002E
r2=00000000
rA=1EFE12F3 [rA]=00000000
rB=1EFE0FC8 [rB]=00210A0F
rC=00000000
1EFE1288: 0021000F r0= 0000000D
debug> 
r0=0000000D
r1=0000002E
r2=00000000
rA=1EFE12F3 [rA]=00000000
rB=1EFE0FC8 [rB]=00210A0F
rC=00000000
1EFE1290: 00030001 r0=r0-r1 000C3FFF
debug> 
r0=FFFFFFDF
r1=0000002E
r2=00000000
rA=1EFE12F3 [rA]=00000000
rB=1EFE0FC8 [rB]=00210A0F
rC=00000000
1EFE1294: 000C3FFF bz 0000000B
debug> 
r0=FFFFFFDF
r1=0000002E
r2=00000000
rA=1EFE12F3 [rA]=00000000
rB=1EFE0FC8 [rB]=00210A0F
rC=00000000
1EFE129C: 00010001 r0=r0 00012A00
debug> 
r0=0000002E
r1=0000002E
r2=00000000
rA=1EFE12F3 [rA]=00000000
rB=1EFE0FC8 [rB]=00210A0F
rC=00000000
1EFE12A0: 00012A00 byte[rA]=r0 0021000F
debug> 
r0=0000002E
r1=0000002E
r2=00000000
rA=1EFE12F3 [rA]=0000002E
rB=1EFE0FC8 [rB]=00210A0F
rC=00000000
1EFE12A4: 0021000F r0= 00000001
debug> 
r0=00000001
r1=0000002E
r2=00000000
rA=1EFE12F3 [rA]=0000002E
rB=1EFE0FC8 [rB]=00210A0F
rC=00000000
1EFE12AC: 0001010A r1=r0 00020001
debug> 
r0=00000001
r1=1EFE12F3
r2=00000000
rA=1EFE12F3 [rA]=0000002E
rB=1EFE0FC8 [rB]=00210A0F
rC=00000000
1EFE12B0: 00020001 r0=r0+r1 00010A00
debug> 
r0=1EFE12F4
r1=1EFE12F3
r2=00000000
rA=1EFE12F3 [rA]=0000002E
rB=1EFE0FC8 [rB]=00210A0F
rC=00000000
1EFE12B4: 00010A00 rA=r0 0021000F
debug> 
r0=1EFE12F4
r1=1EFE12F3
r2=00000000
rA=1EFE12F4 [rA]=00000000
rB=1EFE0FC8 [rB]=00210A0F
rC=00000000
1EFE12B8: 0021000F r0= 00000000
debug> 
r0=00000000
r1=1EFE12F3
r2=00000000
rA=1EFE12F4 [rA]=00000000
rB=1EFE0FC8 [rB]=00210A0F
rC=00000000
1EFE12C0: 000C3FFF bz FFFFFFE9
debug> 
r0=00000000
r1=1EFE12F3
r2=00000000
rA=1EFE12F4 [rA]=00000000
rB=1EFE0FC8 [rB]=00210A0F
rC=00000000
1EFE126C: 001000FF getchar 00010100
debug> 
r0=0000006D
r1=1EFE12F3
r2=00000000
rA=1EFE12F4 [rA]=00000000
rB=1EFE0FC8 [rB]=00210A0F
rC=00000000
1EFE1270: 00010100 r1=r0 0021000F
debug> 
r0=0000006D
r1=0000006D
r2=00000000
rA=1EFE12F4 [rA]=00000000
rB=1EFE0FC8 [rB]=00210A0F
rC=00000000
1EFE1274: 0021000F r0= 0000000A
debug> 
r0=0000000A
r1=0000006D
r2=00000000
rA=1EFE12F4 [rA]=00000000
rB=1EFE0FC8 [rB]=00210A0F
rC=00000000
1EFE127C: 00030001 r0=r0-r1 000C3FFF
debug> 
r0=FFFFFF9D
r1=0000006D
r2=00000000
rA=1EFE12F4 [rA]=00000000
rB=1EFE0FC8 [rB]=00210A0F
rC=00000000
1EFE1280: 000C3FFF bz 00000010
debug> 
r0=FFFFFF9D
r1=0000006D
r2=00000000
rA=1EFE12F4 [rA]=00000000
rB=1EFE0FC8 [rB]=00210A0F
rC=00000000
1EFE1288: 0021000F r0= 0000000D
debug> 
r0=0000000D
r1=0000006D
r2=00000000
rA=1EFE12F4 [rA]=00000000
rB=1EFE0FC8 [rB]=00210A0F
rC=00000000
1EFE1290: 00030001 r0=r0-r1 000C3FFF
debug> 
r0=FFFFFFA0
r1=0000006D
r2=00000000
rA=1EFE12F4 [rA]=00000000
rB=1EFE0FC8 [rB]=00210A0F
rC=00000000
1EFE1294: 000C3FFF bz 0000000B
debug> 
r0=FFFFFFA0
r1=0000006D
r2=00000000
rA=1EFE12F4 [rA]=00000000
rB=1EFE0FC8 [rB]=00210A0F
rC=00000000
1EFE129C: 00010001 r0=r0 00012A00
debug> 
r0=0000006D
r1=0000006D
r2=00000000
rA=1EFE12F4 [rA]=00000000
rB=1EFE0FC8 [rB]=00210A0F
rC=00000000
1EFE12A0: 00012A00 byte[rA]=r0 0021000F
debug> 
r0=0000006D
r1=0000006D
r2=00000000
rA=1EFE12F4 [rA]=0000006D
rB=1EFE0FC8 [rB]=00210A0F
rC=00000000
1EFE12A4: 0021000F r0= 00000001
debug> 
r0=00000001
r1=0000006D
r2=00000000
rA=1EFE12F4 [rA]=0000006D
rB=1EFE0FC8 [rB]=00210A0F
rC=00000000
1EFE12AC: 0001010A r1=r0 00020001
debug> 
r0=00000001
r1=1EFE12F4
r2=00000000
rA=1EFE12F4 [rA]=0000006D
rB=1EFE0FC8 [rB]=00210A0F
rC=00000000
1EFE12B0: 00020001 r0=r0+r1 00010A00
debug> 
r0=1EFE12F5
r1=1EFE12F4
r2=00000000
rA=1EFE12F4 [rA]=0000006D
rB=1EFE0FC8 [rB]=00210A0F
rC=00000000
1EFE12B4: 00010A00 rA=r0 0021000F
debug> 
r0=1EFE12F5
r1=1EFE12F4
r2=00000000
rA=1EFE12F5 [rA]=00000000
rB=1EFE0FC8 [rB]=00210A0F
rC=00000000
1EFE12B8: 0021000F r0= 00000000
debug> 
r0=00000000
r1=1EFE12F4
r2=00000000
rA=1EFE12F5 [rA]=00000000
rB=1EFE0FC8 [rB]=00210A0F
rC=00000000
1EFE12C0: 000C3FFF bz FFFFFFE9
debug> 
r0=00000000
r1=1EFE12F4
r2=00000000
rA=1EFE12F5 [rA]=00000000
rB=1EFE0FC8 [rB]=00210A0F
rC=00000000
1EFE126C: 001000FF getchar 00010100
debug> 
r0=00000070
r1=1EFE12F4
r2=00000000
rA=1EFE12F5 [rA]=00000000
rB=1EFE0FC8 [rB]=00210A0F
rC=00000000
1EFE1270: 00010100 r1=r0 0021000F
debug> 
r0=00000070
r1=00000070
r2=00000000
rA=1EFE12F5 [rA]=00000000
rB=1EFE0FC8 [rB]=00210A0F
rC=00000000
1EFE1274: 0021000F r0= 0000000A
debug> 
r0=0000000A
r1=00000070
r2=00000000
rA=1EFE12F5 [rA]=00000000
rB=1EFE0FC8 [rB]=00210A0F
rC=00000000
1EFE127C: 00030001 r0=r0-r1 000C3FFF
debug> 
r0=FFFFFF9A
r1=00000070
r2=00000000
rA=1EFE12F5 [rA]=00000000
rB=1EFE0FC8 [rB]=00210A0F
rC=00000000
1EFE1280: 000C3FFF bz 00000010
debug> 
r0=FFFFFF9A
r1=00000070
r2=00000000
rA=1EFE12F5 [rA]=00000000
rB=1EFE0FC8 [rB]=00210A0F
rC=00000000
1EFE1288: 0021000F r0= 0000000D
debug> 
r0=0000000D
r1=00000070
r2=00000000
rA=1EFE12F5 [rA]=00000000
rB=1EFE0FC8 [rB]=00210A0F
rC=00000000
1EFE1290: 00030001 r0=r0-r1 000C3FFF
debug> 
r0=FFFFFF9D
r1=00000070
r2=00000000
rA=1EFE12F5 [rA]=00000000
rB=1EFE0FC8 [rB]=00210A0F
rC=00000000
1EFE1294: 000C3FFF bz 0000000B
debug> 
r0=FFFFFF9D
r1=00000070
r2=00000000
rA=1EFE12F5 [rA]=00000000
rB=1EFE0FC8 [rB]=00210A0F
rC=00000000
1EFE129C: 00010001 r0=r0 00012A00
debug> 
r0=00000070
r1=00000070
r2=00000000
rA=1EFE12F5 [rA]=00000000
rB=1EFE0FC8 [rB]=00210A0F
rC=00000000
1EFE12A0: 00012A00 byte[rA]=r0 0021000F
debug> 
r0=00000070
r1=00000070
r2=00000000
rA=1EFE12F5 [rA]=00000070
rB=1EFE0FC8 [rB]=00210A0F
rC=00000000
1EFE12A4: 0021000F r0= 00000001
debug> 
r0=00000001
r1=00000070
r2=00000000
rA=1EFE12F5 [rA]=00000070
rB=1EFE0FC8 [rB]=00210A0F
rC=00000000
1EFE12AC: 0001010A r1=r0 00020001
debug> 
r0=00000001
r1=1EFE12F5
r2=00000000
rA=1EFE12F5 [rA]=00000070
rB=1EFE0FC8 [rB]=00210A0F
rC=00000000
1EFE12B0: 00020001 r0=r0+r1 00010A00
debug> 
r0=1EFE12F6
r1=1EFE12F5
r2=00000000
rA=1EFE12F5 [rA]=00000070
rB=1EFE0FC8 [rB]=00210A0F
rC=00000000
1EFE12B4: 00010A00 rA=r0 0021000F
debug> 
r0=1EFE12F6
r1=1EFE12F5
r2=00000000
rA=1EFE12F6 [rA]=00000000
rB=1EFE0FC8 [rB]=00210A0F
rC=00000000
1EFE12B8: 0021000F r0= 00000000
debug> 
r0=00000000
r1=1EFE12F5
r2=00000000
rA=1EFE12F6 [rA]=00000000
rB=1EFE0FC8 [rB]=00210A0F
rC=00000000
1EFE12C0: 000C3FFF bz FFFFFFE9
debug> 
r0=00000000
r1=1EFE12F5
r2=00000000
rA=1EFE12F6 [rA]=00000000
rB=1EFE0FC8 [rB]=00210A0F
rC=00000000
1EFE126C: 001000FF getchar 00010100
debug> 
r0=0000006F
r1=1EFE12F5
r2=00000000
rA=1EFE12F6 [rA]=00000000
rB=1EFE0FC8 [rB]=00210A0F
rC=00000000
1EFE1270: 00010100 r1=r0 0021000F
debug> 
r0=0000006F
r1=0000006F
r2=00000000
rA=1EFE12F6 [rA]=00000000
rB=1EFE0FC8 [rB]=00210A0F
rC=00000000
1EFE1274: 0021000F r0= 0000000A
debug> 
r0=0000000A
r1=0000006F
r2=00000000
rA=1EFE12F6 [rA]=00000000
rB=1EFE0FC8 [rB]=00210A0F
rC=00000000
1EFE127C: 00030001 r0=r0-r1 000C3FFF
debug> 
r0=FFFFFF9B
r1=0000006F
r2=00000000
rA=1EFE12F6 [rA]=00000000
rB=1EFE0FC8 [rB]=00210A0F
rC=00000000
1EFE1280: 000C3FFF bz 00000010
debug> 
r0=FFFFFF9B
r1=0000006F
r2=00000000
rA=1EFE12F6 [rA]=00000000
rB=1EFE0FC8 [rB]=00210A0F
rC=00000000
1EFE1288: 0021000F r0= 0000000D
debug> 
r0=0000000D
r1=0000006F
r2=00000000
rA=1EFE12F6 [rA]=00000000
rB=1EFE0FC8 [rB]=00210A0F
rC=00000000
1EFE1290: 00030001 r0=r0-r1 000C3FFF
debug> 
r0=FFFFFF9E
r1=0000006F
r2=00000000
rA=1EFE12F6 [rA]=00000000
rB=1EFE0FC8 [rB]=00210A0F
rC=00000000
1EFE1294: 000C3FFF bz 0000000B
debug> 
r0=FFFFFF9E
r1=0000006F
r2=00000000
rA=1EFE12F6 [rA]=00000000
rB=1EFE0FC8 [rB]=00210A0F
rC=00000000
1EFE129C: 00010001 r0=r0 00012A00
debug> 
r0=0000006F
r1=0000006F
r2=00000000
rA=1EFE12F6 [rA]=00000000
rB=1EFE0FC8 [rB]=00210A0F
rC=00000000
1EFE12A0: 00012A00 byte[rA]=r0 0021000F
debug> 
r0=0000006F
r1=0000006F
r2=00000000
rA=1EFE12F6 [rA]=0000006F
rB=1EFE0FC8 [rB]=00210A0F
rC=00000000
1EFE12A4: 0021000F r0= 00000001
debug> 
r0=00000001
r1=0000006F
r2=00000000
rA=1EFE12F6 [rA]=0000006F
rB=1EFE0FC8 [rB]=00210A0F
rC=00000000
1EFE12AC: 0001010A r1=r0 00020001
debug> 
r0=00000001
r1=1EFE12F6
r2=00000000
rA=1EFE12F6 [rA]=0000006F
rB=1EFE0FC8 [rB]=00210A0F
rC=00000000
1EFE12B0: 00020001 r0=r0+r1 00010A00
debug> 
r0=1EFE12F7
r1=1EFE12F6
r2=00000000
rA=1EFE12F6 [rA]=0000006F
rB=1EFE0FC8 [rB]=00210A0F
rC=00000000
1EFE12B4: 00010A00 rA=r0 0021000F
debug> 
r0=1EFE12F7
r1=1EFE12F6
r2=00000000
rA=1EFE12F7 [rA]=00000000
rB=1EFE0FC8 [rB]=00210A0F
rC=00000000
1EFE12B8: 0021000F r0= 00000000
debug> 
r0=00000000
r1=1EFE12F6
r2=00000000
rA=1EFE12F7 [rA]=00000000
rB=1EFE0FC8 [rB]=00210A0F
rC=00000000
1EFE12C0: 000C3FFF bz FFFFFFE9
debug> 
r0=00000000
r1=1EFE12F6
r2=00000000
rA=1EFE12F7 [rA]=00000000
rB=1EFE0FC8 [rB]=00210A0F
rC=00000000
1EFE126C: 001000FF getchar 00010100
debug> 
r0=0000000A
r1=1EFE12F6
r2=00000000
rA=1EFE12F7 [rA]=00000000
rB=1EFE0FC8 [rB]=00210A0F
rC=00000000
1EFE1270: 00010100 r1=r0 0021000F
debug> 
r0=0000000A
r1=0000000A
r2=00000000
rA=1EFE12F7 [rA]=00000000
rB=1EFE0FC8 [rB]=00210A0F
rC=00000000
1EFE1274: 0021000F r0= 0000000A
debug> 
r0=0000000A
r1=0000000A
r2=00000000
rA=1EFE12F7 [rA]=00000000
rB=1EFE0FC8 [rB]=00210A0F
rC=00000000
1EFE127C: 00030001 r0=r0-r1 000C3FFF
debug> 
r0=00000000
r1=0000000A
r2=00000000
rA=1EFE12F7 [rA]=00000000
rB=1EFE0FC8 [rB]=00210A0F
rC=00000000
1EFE1280: 000C3FFF bz 00000010
debug> 
r0=00000000
r1=0000000A
r2=00000000
rA=1EFE12F7 [rA]=00000000
rB=1EFE0FC8 [rB]=00210A0F
rC=00000000
1EFE12C8: 0021000F r0= 00000000
debug> 
r0=00000000
r1=0000000A
r2=00000000
rA=1EFE12F7 [rA]=00000000
rB=1EFE0FC8 [rB]=00210A0F
rC=00000000
1EFE12D0: 00012A00 byte[rA]=r0 000E0002
debug> 
r0=00000000
r1=0000000A
r2=00000000
rA=1EFE12F7 [rA]=00000000
rB=1EFE0FC8 [rB]=00210A0F
rC=00000000
1EFE12D4: 000E0002 endf 204C504D
debug> 
r0=00000000
r1=0000000A
r2=00000000
rA=1EFE12F7 [rA]=00000000
rB=1EFE0FC8 [rB]=00210A0F
rC=00000000
1EFE0FE8: 0021000F r0= 1EFE12D8
debug> 
r0=1EFE12D8
r1=0000000A
r2=00000000
rA=1EFE12F7 [rA]=00000000
rB=1EFE0FC8 [rB]=00210A0F
rC=00000000
1EFE0FF0: 0001010F r1=r0 1EFE12EF
debug> 
r0=1EFE12D8
r1=1EFE12EF
r2=00000000
rA=1EFE12F7 [rA]=00000000
rB=1EFE0FC8 [rB]=00210A0F
rC=00000000
1EFE0FF8: 00310001 fopen 00210A0F
debug> 
r0=32280096
r1=1EFE12EF
r2=00000000
rA=1EFE12F7 [rA]=00000000
rB=1EFE0FC8 [rB]=00210A0F
rC=00000000
1EFE0FFC: 00210A0F rA= 1EFE12F1
debug> 
r0=32280096
r1=1EFE12EF
r2=00000000
rA=1EFE12F1 [rA]=6D2E7473
rB=1EFE0FC8 [rB]=00210A0F
rC=00000000
1EFE1004: 00011A00 [rA]=r0 00210A0F
debug> 
r0=32280096
r1=1EFE12EF
r2=00000000
rA=1EFE12F1 [rA]=32280096
rB=1EFE0FC8 [rB]=00210A0F
rC=00000000
1EFE1008: 00210A0F rA= 1EFE12F9
debug> 
r0=32280096
r1=1EFE12EF
r2=00000000
rA=1EFE12F9 [rA]=00000000
rB=1EFE0FC8 [rB]=00210A0F
rC=00000000
1EFE1010: 0021000F r0= 1EFE1321
debug> 
r0=1EFE1321
r1=1EFE12EF
r2=00000000
rA=1EFE12F9 [rA]=00000000
rB=1EFE0FC8 [rB]=00210A0F
rC=00000000
1EFE1018: 00011A00 [rA]=r0 00210A0F
debug> 
r0=1EFE1321
r1=1EFE12EF
r2=00000000
rA=1EFE12F9 [rA]=1EFE1321
rB=1EFE0FC8 [rB]=00210A0F
rC=00000000
1EFE101C: 00210A0F rA= 1EFE12F1
debug> 
r0=1EFE1321
r1=1EFE12EF
r2=00000000
rA=1EFE12F1 [rA]=32280096
rB=1EFE0FC8 [rB]=00210A0F
rC=00000000
1EFE1024: 0001001A r0=[rA] 00330000
debug> 
r0=32280096
r1=1EFE12EF
r2=00000000
rA=1EFE12F1 [rA]=32280096
rB=1EFE0FC8 [rB]=00210A0F
rC=00000000
1EFE1028: 00330000 fgetc 00010100
debug> 
r0=00000023
r1=1EFE12EF
r2=00000000
rA=1EFE12F1 [rA]=32280096
rB=1EFE0FC8 [rB]=00210A0F
rC=00000000
1EFE102C: 00010100 r1=r0 0021000F
debug> 
r0=00000023
r1=00000023
r2=00000000
rA=1EFE12F1 [rA]=32280096
rB=1EFE0FC8 [rB]=00210A0F
rC=00000000
1EFE1030: 0021000F r0= 00000001
debug> 
r0=00000001
r1=00000023
r2=00000000
rA=1EFE12F1 [rA]=32280096
rB=1EFE0FC8 [rB]=00210A0F
rC=00000000
1EFE1038: 00020001 r0=r0+r1 000C3FFF
debug> 
r0=00000024
r1=00000023
r2=00000000
rA=1EFE12F1 [rA]=32280096
rB=1EFE0FC8 [rB]=00210A0F
rC=00000000
1EFE103C: 000C3FFF bz 00000011
debug> 
r0=00000024
r1=00000023
r2=00000000
rA=1EFE12F1 [rA]=32280096
rB=1EFE0FC8 [rB]=00210A0F
rC=00000000
1EFE1044: 00010001 r0=r0 0011FF00
debug> 
r0=00000023
r1=00000023
r2=00000000
rA=1EFE12F1 [rA]=32280096
rB=1EFE0FC8 [rB]=00210A0F
rC=00000000
1EFE1048: 0011FF00 putchar 00210A0F
debug> #
r0=00000023
r1=00000023
r2=00000000
rA=1EFE12F1 [rA]=32280096
rB=1EFE0FC8 [rB]=00210A0F
rC=00000000
1EFE104C: 00210A0F rA= 1EFE12F9
debug> 
r0=00000023
r1=00000023
r2=00000000
rA=1EFE12F9 [rA]=1EFE1321
rB=1EFE0FC8 [rB]=00210A0F
rC=00000000
1EFE1054: 00010A1A rA=[rA] 00012A00
debug> 
r0=00000023
r1=00000023
r2=00000000
rA=1EFE1321 [rA]=00000000
rB=1EFE0FC8 [rB]=00210A0F
rC=00000000
1EFE1058: 00012A00 byte[rA]=r0 0021000F
debug> 
r0=00000023
r1=00000023
r2=00000000
rA=1EFE1321 [rA]=00000023
rB=1EFE0FC8 [rB]=00210A0F
rC=00000000
1EFE105C: 0021000F r0= 00000001
debug> 
r0=00000001
r1=00000023
r2=00000000
rA=1EFE1321 [rA]=00000023
rB=1EFE0FC8 [rB]=00210A0F
rC=00000000
1EFE1064: 0001010A r1=r0 00020001
debug> 
r0=00000001
r1=1EFE1321
r2=00000000
rA=1EFE1321 [rA]=00000023
rB=1EFE0FC8 [rB]=00210A0F
rC=00000000
1EFE1068: 00020001 r0=r0+r1 00210A0F
debug> 
r0=1EFE1322
r1=1EFE1321
r2=00000000
rA=1EFE1321 [rA]=00000023
rB=1EFE0FC8 [rB]=00210A0F
rC=00000000
1EFE106C: 00210A0F rA= 1EFE12F9
debug> 
r0=1EFE1322
r1=1EFE1321
r2=00000000
rA=1EFE12F9 [rA]=1EFE1321
rB=1EFE0FC8 [rB]=00210A0F
rC=00000000
1EFE1074: 00011A00 [rA]=r0 0021000F
debug> 
r0=1EFE1322
r1=1EFE1321
r2=00000000
rA=1EFE12F9 [rA]=1EFE1322
rB=1EFE0FC8 [rB]=00210A0F
rC=00000000
1EFE1078: 0021000F r0= 00000000
debug> 
r0=00000000
r1=1EFE1321
r2=00000000
rA=1EFE12F9 [rA]=1EFE1322
rB=1EFE0FC8 [rB]=00210A0F
rC=00000000
1EFE1080: 000C3FFF bz FFFFFFE5
debug> 
r0=00000000
r1=1EFE1321
r2=00000000
rA=1EFE12F9 [rA]=1EFE1322
rB=1EFE0FC8 [rB]=00210A0F
rC=00000000
1EFE101C: 00210A0F rA= 1EFE12F1
debug> 
r0=00000000
r1=1EFE1321
r2=00000000
rA=1EFE12F1 [rA]=32280096
rB=1EFE0FC8 [rB]=00210A0F
rC=00000000
1EFE1024: 0001001A r0=[rA] 00330000
debug> 
r0=32280096
r1=1EFE1321
r2=00000000
rA=1EFE12F1 [rA]=32280096
rB=1EFE0FC8 [rB]=00210A0F
rC=00000000
1EFE1028: 00330000 fgetc 00010100
debug> 
r0=00000034
r1=1EFE1321
r2=00000000
rA=1EFE12F1 [rA]=32280096
rB=1EFE0FC8 [rB]=00210A0F
rC=00000000
1EFE102C: 00010100 r1=r0 0021000F
debug> 
r0=00000034
r1=00000034
r2=00000000
rA=1EFE12F1 [rA]=32280096
rB=1EFE0FC8 [rB]=00210A0F
rC=00000000
1EFE1030: 0021000F r0= 00000001
debug> 
r0=00000001
r1=00000034
r2=00000000
rA=1EFE12F1 [rA]=32280096
rB=1EFE0FC8 [rB]=00210A0F
rC=00000000
1EFE1038: 00020001 r0=r0+r1 000C3FFF
debug> 
r0=00000035
r1=00000034
r2=00000000
rA=1EFE12F1 [rA]=32280096
rB=1EFE0FC8 [rB]=00210A0F
rC=00000000
1EFE103C: 000C3FFF bz 00000011
debug> 
r0=00000035
r1=00000034
r2=00000000
rA=1EFE12F1 [rA]=32280096
rB=1EFE0FC8 [rB]=00210A0F
rC=00000000
1EFE1044: 00010001 r0=r0 0011FF00
debug> 
r0=00000034
r1=00000034
r2=00000000
rA=1EFE12F1 [rA]=32280096
rB=1EFE0FC8 [rB]=00210A0F
rC=00000000
1EFE1048: 0011FF00 putchar 00210A0F
debug> 4
r0=00000034
r1=00000034
r2=00000000
rA=1EFE12F1 [rA]=32280096
rB=1EFE0FC8 [rB]=00210A0F
rC=00000000
1EFE104C: 00210A0F rA= 1EFE12F9
debug> 
r0=00000034
r1=00000034
r2=00000000
rA=1EFE12F9 [rA]=1EFE1322
rB=1EFE0FC8 [rB]=00210A0F
rC=00000000
1EFE1054: 00010A1A rA=[rA] 00012A00
debug> 
r0=00000034
r1=00000034
r2=00000000
rA=1EFE1322 [rA]=00000000
rB=1EFE0FC8 [rB]=00210A0F
rC=00000000
1EFE1058: 00012A00 byte[rA]=r0 0021000F
debug> 
r0=00000034
r1=00000034
r2=00000000
rA=1EFE1322 [rA]=00000034
rB=1EFE0FC8 [rB]=00210A0F
rC=00000000
1EFE105C: 0021000F r0= 00000001
debug> 
r0=00000001
r1=00000034
r2=00000000
rA=1EFE1322 [rA]=00000034
rB=1EFE0FC8 [rB]=00210A0F
rC=00000000
1EFE1064: 0001010A r1=r0 00020001
debug> 
r0=00000001
r1=1EFE1322
r2=00000000
rA=1EFE1322 [rA]=00000034
rB=1EFE0FC8 [rB]=00210A0F
rC=00000000
1EFE1068: 00020001 r0=r0+r1 00210A0F
debug> 
r0=1EFE1323
r1=1EFE1322
r2=00000000
rA=1EFE1322 [rA]=00000034
rB=1EFE0FC8 [rB]=00210A0F
rC=00000000
1EFE106C: 00210A0F rA= 1EFE12F9
debug> 
r0=1EFE1323
r1=1EFE1322
r2=00000000
rA=1EFE12F9 [rA]=1EFE1322
rB=1EFE0FC8 [rB]=00210A0F
rC=00000000
1EFE1074: 00011A00 [rA]=r0 0021000F
debug> 
r0=1EFE1323
r1=1EFE1322
r2=00000000
rA=1EFE12F9 [rA]=1EFE1323
rB=1EFE0FC8 [rB]=00210A0F
rC=00000000
1EFE1078: 0021000F r0= 00000000
debug> 
r0=00000000
r1=1EFE1322
r2=00000000
rA=1EFE12F9 [rA]=1EFE1323
rB=1EFE0FC8 [rB]=00210A0F
rC=00000000
1EFE1080: 000C3FFF bz FFFFFFE5
debug> 
r0=00000000
r1=1EFE1322
r2=00000000
rA=1EFE12F9 [rA]=1EFE1323
rB=1EFE0FC8 [rB]=00210A0F
rC=00000000
1EFE101C: 00210A0F rA= 1EFE12F1
debug> 
r0=00000000
r1=1EFE1322
r2=00000000
rA=1EFE12F1 [rA]=32280096
rB=1EFE0FC8 [rB]=00210A0F
rC=00000000
1EFE1024: 0001001A r0=[rA] 00330000
debug> 
r0=32280096
r1=1EFE1322
r2=00000000
rA=1EFE12F1 [rA]=32280096
rB=1EFE0FC8 [rB]=00210A0F
rC=00000000
1EFE1028: 00330000 fgetc 00010100
debug> 
r0=00000031
r1=1EFE1322
r2=00000000
rA=1EFE12F1 [rA]=32280096
rB=1EFE0FC8 [rB]=00210A0F
rC=00000000
1EFE102C: 00010100 r1=r0 0021000F
debug> 
r0=00000031
r1=00000031
r2=00000000
rA=1EFE12F1 [rA]=32280096
rB=1EFE0FC8 [rB]=00210A0F
rC=00000000
1EFE1030: 0021000F r0= 00000001
debug> 
r0=00000001
r1=00000031
r2=00000000
rA=1EFE12F1 [rA]=32280096
rB=1EFE0FC8 [rB]=00210A0F
rC=00000000
1EFE1038: 00020001 r0=r0+r1 000C3FFF
debug> 
r0=00000032
r1=00000031
r2=00000000
rA=1EFE12F1 [rA]=32280096
rB=1EFE0FC8 [rB]=00210A0F
rC=00000000
1EFE103C: 000C3FFF bz 00000011
debug> 
r0=00000032
r1=00000031
r2=00000000
rA=1EFE12F1 [rA]=32280096
rB=1EFE0FC8 [rB]=00210A0F
rC=00000000
1EFE1044: 00010001 r0=r0 0011FF00
debug> 
r0=00000031
r1=00000031
r2=00000000
rA=1EFE12F1 [rA]=32280096
rB=1EFE0FC8 [rB]=00210A0F
rC=00000000
1EFE1048: 0011FF00 putchar 00210A0F
debug> 1
r0=00000031
r1=00000031
r2=00000000
rA=1EFE12F1 [rA]=32280096
rB=1EFE0FC8 [rB]=00210A0F
rC=00000000
1EFE104C: 00210A0F rA= 1EFE12F9
debug> 
r0=00000031
r1=00000031
r2=00000000
rA=1EFE12F9 [rA]=1EFE1323
rB=1EFE0FC8 [rB]=00210A0F
rC=00000000
1EFE1054: 00010A1A rA=[rA] 00012A00
debug> 
r0=00000031
r1=00000031
r2=00000000
rA=1EFE1323 [rA]=00000000
rB=1EFE0FC8 [rB]=00210A0F
rC=00000000
1EFE1058: 00012A00 byte[rA]=r0 0021000F
debug> 
r0=00000031
r1=00000031
r2=00000000
rA=1EFE1323 [rA]=00000031
rB=1EFE0FC8 [rB]=00210A0F
rC=00000000
1EFE105C: 0021000F r0= 00000001
debug> 
r0=00000001
r1=00000031
r2=00000000
rA=1EFE1323 [rA]=00000031
rB=1EFE0FC8 [rB]=00210A0F
rC=00000000
1EFE1064: 0001010A r1=r0 00020001
debug> 
r0=00000001
r1=1EFE1323
r2=00000000
rA=1EFE1323 [rA]=00000031
rB=1EFE0FC8 [rB]=00210A0F
rC=00000000
1EFE1068: 00020001 r0=r0+r1 00210A0F
debug> 
r0=1EFE1324
r1=1EFE1323
r2=00000000
rA=1EFE1323 [rA]=00000031
rB=1EFE0FC8 [rB]=00210A0F
rC=00000000
1EFE106C: 00210A0F rA= 1EFE12F9
debug> 
r0=1EFE1324
r1=1EFE1323
r2=00000000
rA=1EFE12F9 [rA]=1EFE1323
rB=1EFE0FC8 [rB]=00210A0F
rC=00000000
1EFE1074: 00011A00 [rA]=r0 0021000F
debug> 
r0=1EFE1324
r1=1EFE1323
r2=00000000
rA=1EFE12F9 [rA]=1EFE1324
rB=1EFE0FC8 [rB]=00210A0F
rC=00000000
1EFE1078: 0021000F r0= 00000000
debug> 
r0=00000000
r1=1EFE1323
r2=00000000
rA=1EFE12F9 [rA]=1EFE1324
rB=1EFE0FC8 [rB]=00210A0F
rC=00000000
1EFE1080: 000C3FFF bz FFFFFFE5
debug> 
r0=00000000
r1=1EFE1323
r2=00000000
rA=1EFE12F9 [rA]=1EFE1324
rB=1EFE0FC8 [rB]=00210A0F
rC=00000000
1EFE101C: 00210A0F rA= 1EFE12F1
debug> 
r0=00000000
r1=1EFE1323
r2=00000000
rA=1EFE12F1 [rA]=32280096
rB=1EFE0FC8 [rB]=00210A0F
rC=00000000
1EFE1024: 0001001A r0=[rA] 00330000
debug> 
r0=32280096
r1=1EFE1323
r2=00000000
rA=1EFE12F1 [rA]=32280096
rB=1EFE0FC8 [rB]=00210A0F
rC=00000000
1EFE1028: 00330000 fgetc 00010100
debug> 
r0=00000050
r1=1EFE1323
r2=00000000
rA=1EFE12F1 [rA]=32280096
rB=1EFE0FC8 [rB]=00210A0F
rC=00000000
1EFE102C: 00010100 r1=r0 0021000F
debug> 
r0=00000050
r1=00000050
r2=00000000
rA=1EFE12F1 [rA]=32280096
rB=1EFE0FC8 [rB]=00210A0F
rC=00000000
1EFE1030: 0021000F r0= 00000001
debug> 
r0=00000001
r1=00000050
r2=00000000
rA=1EFE12F1 [rA]=32280096
rB=1EFE0FC8 [rB]=00210A0F
rC=00000000
1EFE1038: 00020001 r0=r0+r1 000C3FFF
debug> 
r0=00000051
r1=00000050
r2=00000000
rA=1EFE12F1 [rA]=32280096
rB=1EFE0FC8 [rB]=00210A0F
rC=00000000
1EFE103C: 000C3FFF bz 00000011
debug> 
r0=00000051
r1=00000050
r2=00000000
rA=1EFE12F1 [rA]=32280096
rB=1EFE0FC8 [rB]=00210A0F
rC=00000000
1EFE1044: 00010001 r0=r0 0011FF00
debug> 
r0=00000050
r1=00000050
r2=00000000
rA=1EFE12F1 [rA]=32280096
rB=1EFE0FC8 [rB]=00210A0F
rC=00000000
1EFE1048: 0011FF00 putchar 00210A0F
debug> P
r0=00000050
r1=00000050
r2=00000000
rA=1EFE12F1 [rA]=32280096
rB=1EFE0FC8 [rB]=00210A0F
rC=00000000
1EFE104C: 00210A0F rA= 1EFE12F9
debug> 
r0=00000050
r1=00000050
r2=00000000
rA=1EFE12F9 [rA]=1EFE1324
rB=1EFE0FC8 [rB]=00210A0F
rC=00000000
1EFE1054: 00010A1A rA=[rA] 00012A00
debug> 
r0=00000050
r1=00000050
r2=00000000
rA=1EFE1324 [rA]=00000000
rB=1EFE0FC8 [rB]=00210A0F
rC=00000000
1EFE1058: 00012A00 byte[rA]=r0 0021000F
debug> 
r0=00000050
r1=00000050
r2=00000000
rA=1EFE1324 [rA]=00000050
rB=1EFE0FC8 [rB]=00210A0F
rC=00000000
1EFE105C: 0021000F r0= 00000001
debug> 
r0=00000001
r1=00000050
r2=00000000
rA=1EFE1324 [rA]=00000050
rB=1EFE0FC8 [rB]=00210A0F
rC=00000000
1EFE1064: 0001010A r1=r0 00020001
debug> 
r0=00000001
r1=1EFE1324
r2=00000000
rA=1EFE1324 [rA]=00000050
rB=1EFE0FC8 [rB]=00210A0F
rC=00000000
1EFE1068: 00020001 r0=r0+r1 00210A0F
debug> 
r0=1EFE1325
r1=1EFE1324
r2=00000000
rA=1EFE1324 [rA]=00000050
rB=1EFE0FC8 [rB]=00210A0F
rC=00000000
1EFE106C: 00210A0F rA= 1EFE12F9
debug> 
r0=1EFE1325
r1=1EFE1324
r2=00000000
rA=1EFE12F9 [rA]=1EFE1324
rB=1EFE0FC8 [rB]=00210A0F
rC=00000000
1EFE1074: 00011A00 [rA]=r0 0021000F
debug> 
r0=1EFE1325
r1=1EFE1324
r2=00000000
rA=1EFE12F9 [rA]=1EFE1325
rB=1EFE0FC8 [rB]=00210A0F
rC=00000000
1EFE1078: 0021000F r0= 00000000
debug> 
r0=00000000
r1=1EFE1324
r2=00000000
rA=1EFE12F9 [rA]=1EFE1325
rB=1EFE0FC8 [rB]=00210A0F
rC=00000000
1EFE1080: 000C3FFF bz FFFFFFE5
debug> 
r0=00000000
r1=1EFE1324
r2=00000000
rA=1EFE12F9 [rA]=1EFE1325
rB=1EFE0FC8 [rB]=00210A0F
rC=00000000
1EFE101C: 00210A0F rA= 1EFE12F1
debug> 
r0=00000000
r1=1EFE1324
r2=00000000
rA=1EFE12F1 [rA]=32280096
rB=1EFE0FC8 [rB]=00210A0F
rC=00000000
1EFE1024: 0001001A r0=[rA] 00330000
debug> 
r0=32280096
r1=1EFE1324
r2=00000000
rA=1EFE12F1 [rA]=32280096
rB=1EFE0FC8 [rB]=00210A0F
rC=00000000
1EFE1028: 00330000 fgetc 00010100
debug> 
r0=00000051
r1=1EFE1324
r2=00000000
rA=1EFE12F1 [rA]=32280096
rB=1EFE0FC8 [rB]=00210A0F
rC=00000000
1EFE102C: 00010100 r1=r0 0021000F
debug> 
r0=00000051
r1=00000051
r2=00000000
rA=1EFE12F1 [rA]=32280096
rB=1EFE0FC8 [rB]=00210A0F
rC=00000000
1EFE1030: 0021000F r0= 00000001
debug> 
r0=00000001
r1=00000051
r2=00000000
rA=1EFE12F1 [rA]=32280096
rB=1EFE0FC8 [rB]=00210A0F
rC=00000000
1EFE1038: 00020001 r0=r0+r1 000C3FFF
debug> 
r0=00000052
r1=00000051
r2=00000000
rA=1EFE12F1 [rA]=32280096
rB=1EFE0FC8 [rB]=00210A0F
rC=00000000
1EFE103C: 000C3FFF bz 00000011
debug> 
r0=00000052
r1=00000051
r2=00000000
rA=1EFE12F1 [rA]=32280096
rB=1EFE0FC8 [rB]=00210A0F
rC=00000000
1EFE1044: 00010001 r0=r0 0011FF00
debug> 
r0=00000051
r1=00000051
r2=00000000
rA=1EFE12F1 [rA]=32280096
rB=1EFE0FC8 [rB]=00210A0F
rC=00000000
1EFE1048: 0011FF00 putchar 00210A0F
debug> Q
r0=00000051
r1=00000051
r2=00000000
rA=1EFE12F1 [rA]=32280096
rB=1EFE0FC8 [rB]=00210A0F
rC=00000000
1EFE104C: 00210A0F rA= 1EFE12F9
debug> 
r0=00000051
r1=00000051
r2=00000000
rA=1EFE12F9 [rA]=1EFE1325
rB=1EFE0FC8 [rB]=00210A0F
rC=00000000
1EFE1054: 00010A1A rA=[rA] 00012A00
debug> 
r0=00000051
r1=00000051
r2=00000000
rA=1EFE1325 [rA]=00000000
rB=1EFE0FC8 [rB]=00210A0F
rC=00000000
1EFE1058: 00012A00 byte[rA]=r0 0021000F
debug> 
r0=00000051
r1=00000051
r2=00000000
rA=1EFE1325 [rA]=00000051
rB=1EFE0FC8 [rB]=00210A0F
rC=00000000
1EFE105C: 0021000F r0= 00000001
debug> 
r0=00000001
r1=00000051
r2=00000000
rA=1EFE1325 [rA]=00000051
rB=1EFE0FC8 [rB]=00210A0F
rC=00000000
1EFE1064: 0001010A r1=r0 00020001
debug> 
r0=00000001
r1=1EFE1325
r2=00000000
rA=1EFE1325 [rA]=00000051
rB=1EFE0FC8 [rB]=00210A0F
rC=00000000
1EFE1068: 00020001 r0=r0+r1 00210A0F
debug> 
r0=1EFE1326
r1=1EFE1325
r2=00000000
rA=1EFE1325 [rA]=00000051
rB=1EFE0FC8 [rB]=00210A0F
rC=00000000
1EFE106C: 00210A0F rA= 1EFE12F9
debug> 
r0=1EFE1326
r1=1EFE1325
r2=00000000
rA=1EFE12F9 [rA]=1EFE1325
rB=1EFE0FC8 [rB]=00210A0F
rC=00000000
1EFE1074: 00011A00 [rA]=r0 0021000F
debug> 
r0=1EFE1326
r1=1EFE1325
r2=00000000
rA=1EFE12F9 [rA]=1EFE1326
rB=1EFE0FC8 [rB]=00210A0F
rC=00000000
1EFE1078: 0021000F r0= 00000000
debug> 
r0=00000000
r1=1EFE1325
r2=00000000
rA=1EFE12F9 [rA]=1EFE1326
rB=1EFE0FC8 [rB]=00210A0F
rC=00000000
1EFE1080: 000C3FFF bz FFFFFFE5
debug> 
r0=00000000
r1=1EFE1325
r2=00000000
rA=1EFE12F9 [rA]=1EFE1326
rB=1EFE0FC8 [rB]=00210A0F
rC=00000000
1EFE101C: 00210A0F rA= 1EFE12F1
debug> 
r0=00000000
r1=1EFE1325
r2=00000000
rA=1EFE12F1 [rA]=32280096
rB=1EFE0FC8 [rB]=00210A0F
rC=00000000
1EFE1024: 0001001A r0=[rA] 00330000
debug> 
r0=32280096
r1=1EFE1325
r2=00000000
rA=1EFE12F1 [rA]=32280096
rB=1EFE0FC8 [rB]=00210A0F
rC=00000000
1EFE1028: 00330000 fgetc 00010100
debug> 
r0=0000000A
r1=1EFE1325
r2=00000000
rA=1EFE12F1 [rA]=32280096
rB=1EFE0FC8 [rB]=00210A0F
rC=00000000
1EFE102C: 00010100 r1=r0 0021000F
debug> 
r0=0000000A
r1=0000000A
r2=00000000
rA=1EFE12F1 [rA]=32280096
rB=1EFE0FC8 [rB]=00210A0F
rC=00000000
1EFE1030: 0021000F r0= 00000001
debug> 
r0=00000001
r1=0000000A
r2=00000000
rA=1EFE12F1 [rA]=32280096
rB=1EFE0FC8 [rB]=00210A0F
rC=00000000
1EFE1038: 00020001 r0=r0+r1 000C3FFF
debug> 
r0=0000000B
r1=0000000A
r2=00000000
rA=1EFE12F1 [rA]=32280096
rB=1EFE0FC8 [rB]=00210A0F
rC=00000000
1EFE103C: 000C3FFF bz 00000011
debug> 
r0=0000000B
r1=0000000A
r2=00000000
rA=1EFE12F1 [rA]=32280096
rB=1EFE0FC8 [rB]=00210A0F
rC=00000000
1EFE1044: 00010001 r0=r0 0011FF00
debug> 
r0=0000000A
r1=0000000A
r2=00000000
rA=1EFE12F1 [rA]=32280096
rB=1EFE0FC8 [rB]=00210A0F
rC=00000000
1EFE1048: 0011FF00 putchar 00210A0F
debug> 

r0=0000000A
r1=0000000A
r2=00000000
rA=1EFE12F1 [rA]=32280096
rB=1EFE0FC8 [rB]=00210A0F
rC=00000000
1EFE104C: 00210A0F rA= 1EFE12F9
debug> 
r0=0000000A
r1=0000000A
r2=00000000
rA=1EFE12F9 [rA]=1EFE1326
rB=1EFE0FC8 [rB]=00210A0F
rC=00000000
1EFE1054: 00010A1A rA=[rA] 00012A00
debug> 
r0=0000000A
r1=0000000A
r2=00000000
rA=1EFE1326 [rA]=00000000
rB=1EFE0FC8 [rB]=00210A0F
rC=00000000
1EFE1058: 00012A00 byte[rA]=r0 0021000F
debug> 
r0=0000000A
r1=0000000A
r2=00000000
rA=1EFE1326 [rA]=0000000A
rB=1EFE0FC8 [rB]=00210A0F
rC=00000000
1EFE105C: 0021000F r0= 00000001
debug> 
r0=00000001
r1=0000000A
r2=00000000
rA=1EFE1326 [rA]=0000000A
rB=1EFE0FC8 [rB]=00210A0F
rC=00000000
1EFE1064: 0001010A r1=r0 00020001
debug> 
r0=00000001
r1=1EFE1326
r2=00000000
rA=1EFE1326 [rA]=0000000A
rB=1EFE0FC8 [rB]=00210A0F
rC=00000000
1EFE1068: 00020001 r0=r0+r1 00210A0F
debug> 
r0=1EFE1327
r1=1EFE1326
r2=00000000
rA=1EFE1326 [rA]=0000000A
rB=1EFE0FC8 [rB]=00210A0F
rC=00000000
1EFE106C: 00210A0F rA= 1EFE12F9
debug> 
r0=1EFE1327
r1=1EFE1326
r2=00000000
rA=1EFE12F9 [rA]=1EFE1326
rB=1EFE0FC8 [rB]=00210A0F
rC=00000000
1EFE1074: 00011A00 [rA]=r0 0021000F
debug> 
r0=1EFE1327
r1=1EFE1326
r2=00000000
rA=1EFE12F9 [rA]=1EFE1327
rB=1EFE0FC8 [rB]=00210A0F
rC=00000000
1EFE1078: 0021000F r0= 00000000
debug> 
r0=00000000
r1=1EFE1326
r2=00000000
rA=1EFE12F9 [rA]=1EFE1327
rB=1EFE0FC8 [rB]=00210A0F
rC=00000000
1EFE1080: 000C3FFF bz FFFFFFE5
debug> 
r0=00000000
r1=1EFE1326
r2=00000000
rA=1EFE12F9 [rA]=1EFE1327
rB=1EFE0FC8 [rB]=00210A0F
rC=00000000
1EFE101C: 00210A0F rA= 1EFE12F1
debug> 
r0=00000000
r1=1EFE1326
r2=00000000
rA=1EFE12F1 [rA]=32280096
rB=1EFE0FC8 [rB]=00210A0F
rC=00000000
1EFE1024: 0001001A r0=[rA] 00330000
debug> 
r0=32280096
r1=1EFE1326
r2=00000000
rA=1EFE12F1 [rA]=32280096
rB=1EFE0FC8 [rB]=00210A0F
rC=00000000
1EFE1028: 00330000 fgetc 00010100
debug> 
r0=FFFFFFFF
r1=1EFE1326
r2=00000000
rA=1EFE12F1 [rA]=32280096
rB=1EFE0FC8 [rB]=00210A0F
rC=00000000
1EFE102C: 00010100 r1=r0 0021000F
debug> 
r0=FFFFFFFF
r1=FFFFFFFF
r2=00000000
rA=1EFE12F1 [rA]=32280096
rB=1EFE0FC8 [rB]=00210A0F
rC=00000000
1EFE1030: 0021000F r0= 00000001
debug> 
r0=00000001
r1=FFFFFFFF
r2=00000000
rA=1EFE12F1 [rA]=32280096
rB=1EFE0FC8 [rB]=00210A0F
rC=00000000
1EFE1038: 00020001 r0=r0+r1 000C3FFF
debug> 
r0=00000000
r1=FFFFFFFF
r2=00000000
rA=1EFE12F1 [rA]=32280096
rB=1EFE0FC8 [rB]=00210A0F
rC=00000000
1EFE103C: 000C3FFF bz 00000011
debug> 
r0=00000000
r1=FFFFFFFF
r2=00000000
rA=1EFE12F1 [rA]=32280096
rB=1EFE0FC8 [rB]=00210A0F
rC=00000000
1EFE1088: 00210A0F rA= 1EFE12F9
debug> 
r0=00000000
r1=FFFFFFFF
r2=00000000
rA=1EFE12F9 [rA]=1EFE1327
rB=1EFE0FC8 [rB]=00210A0F
rC=00000000
1EFE1090: 00010A1A rA=[rA] 0021000F
debug> 
r0=00000000
r1=FFFFFFFF
r2=00000000
rA=1EFE1327 [rA]=00000000
rB=1EFE0FC8 [rB]=00210A0F
rC=00000000
1EFE1094: 0021000F r0= 00000000
debug> 
r0=00000000
r1=FFFFFFFF
r2=00000000
rA=1EFE1327 [rA]=00000000
rB=1EFE0FC8 [rB]=00210A0F
rC=00000000
1EFE109C: 00012A00 byte[rA]=r0 0021000F
debug> 
r0=00000000
r1=FFFFFFFF
r2=00000000
rA=1EFE1327 [rA]=00000000
rB=1EFE0FC8 [rB]=00210A0F
rC=00000000
1EFE10A0: 0021000F r0= 1EFE1321
debug> 
r0=1EFE1321
r1=FFFFFFFF
r2=00000000
rA=1EFE1327 [rA]=00000000
rB=1EFE0FC8 [rB]=00210A0F
rC=00000000
1EFE10A8: 00210A0F rA= 1EFE1301
debug> 
r0=1EFE1321
r1=FFFFFFFF
r2=00000000
rA=1EFE1301 [rA]=00000000
rB=1EFE0FC8 [rB]=00210A0F
rC=00000000
1EFE10B0: 00011A00 [rA]=r0 00210A0F
debug> 
r0=1EFE1321
r1=FFFFFFFF
r2=00000000
rA=1EFE1301 [rA]=1EFE1321
rB=1EFE0FC8 [rB]=00210A0F
rC=00000000
1EFE10B4: 00210A0F rA= 1EFE1301
debug> 
r0=1EFE1321
r1=FFFFFFFF
r2=00000000
rA=1EFE1301 [rA]=1EFE1321
rB=1EFE0FC8 [rB]=00210A0F
rC=00000000
1EFE10BC: 00010A1A rA=[rA] 0001002A
debug> 
r0=1EFE1321
r1=FFFFFFFF
r2=00000000
rA=1EFE1321 [rA]=50313423
rB=1EFE0FC8 [rB]=00210A0F
rC=00000000
1EFE10C0: 0001002A r0=byte[rA] 00010200
debug> 
r0=00000023
r1=FFFFFFFF
r2=00000000
rA=1EFE1321 [rA]=50313423
rB=1EFE0FC8 [rB]=00210A0F
rC=00000000
1EFE10C4: 00010200 r2=r0 0021000F
debug> 
r0=00000023
r1=FFFFFFFF
r2=00000023
rA=1EFE1321 [rA]=50313423
rB=1EFE0FC8 [rB]=00210A0F
rC=00000000
1EFE10C8: 0021000F r0= 00000001
debug> 
r0=00000001
r1=FFFFFFFF
r2=00000023
rA=1EFE1321 [rA]=50313423
rB=1EFE0FC8 [rB]=00210A0F
rC=00000000
1EFE10D0: 0001010A r1=r0 00020001
debug> 
r0=00000001
r1=1EFE1321
r2=00000023
rA=1EFE1321 [rA]=50313423
rB=1EFE0FC8 [rB]=00210A0F
rC=00000000
1EFE10D4: 00020001 r0=r0+r1 00210A0F
debug> 
r0=1EFE1322
r1=1EFE1321
r2=00000023
rA=1EFE1321 [rA]=50313423
rB=1EFE0FC8 [rB]=00210A0F
rC=00000000
1EFE10D8: 00210A0F rA= 1EFE1301
debug> 
r0=1EFE1322
r1=1EFE1321
r2=00000023
rA=1EFE1301 [rA]=1EFE1321
rB=1EFE0FC8 [rB]=00210A0F
rC=00000000
1EFE10E0: 00011A00 [rA]=r0 00010102
debug> 
r0=1EFE1322
r1=1EFE1321
r2=00000023
rA=1EFE1301 [rA]=1EFE1322
rB=1EFE0FC8 [rB]=00210A0F
rC=00000000
1EFE10E4: 00010102 r1=r0 0021000F
debug> 
r0=1EFE1322
r1=00000023
r2=00000023
rA=1EFE1301 [rA]=1EFE1322
rB=1EFE0FC8 [rB]=00210A0F
rC=00000000
1EFE10E8: 0021000F r0= 00000023
debug> 
r0=00000023
r1=00000023
r2=00000023
rA=1EFE1301 [rA]=1EFE1322
rB=1EFE0FC8 [rB]=00210A0F
rC=00000000
1EFE10F0: 00030001 r0=r0-r1 000C3FFF
debug> 
r0=00000000
r1=00000023
r2=00000023
rA=1EFE1301 [rA]=1EFE1322
rB=1EFE0FC8 [rB]=00210A0F
rC=00000000
1EFE10F4: 000C3FFF bz 00000014
debug> 
r0=00000000
r1=00000023
r2=00000023
rA=1EFE1301 [rA]=1EFE1322
rB=1EFE0FC8 [rB]=00210A0F
rC=00000000
1EFE114C: 0021000F r0= 00000000
debug> 
r0=00000000
r1=00000023
r2=00000023
rA=1EFE1301 [rA]=1EFE1322
rB=1EFE0FC8 [rB]=00210A0F
rC=00000000
1EFE1154: 00210A0F rA= 1EFE1309
debug> 
r0=00000000
r1=00000023
r2=00000023
rA=1EFE1309 [rA]=00000000
rB=1EFE0FC8 [rB]=00210A0F
rC=00000000
1EFE115C: 00011A00 [rA]=r0 0021000F
debug> 
r0=00000000
r1=00000023
r2=00000023
rA=1EFE1309 [rA]=00000000
rB=1EFE0FC8 [rB]=00210A0F
rC=00000000
1EFE1160: 0021000F r0= 00000000
debug> 
r0=00000000
r1=00000023
r2=00000023
rA=1EFE1309 [rA]=00000000
rB=1EFE0FC8 [rB]=00210A0F
rC=00000000
1EFE1168: 000C3FFF bz FFFFFFD1
debug> 
r0=00000000
r1=00000023
r2=00000023
rA=1EFE1309 [rA]=00000000
rB=1EFE0FC8 [rB]=00210A0F
rC=00000000
1EFE10B4: 00210A0F rA= 1EFE1301
debug> 
r0=00000000
r1=00000023
r2=00000023
rA=1EFE1301 [rA]=1EFE1322
rB=1EFE0FC8 [rB]=00210A0F
rC=00000000
1EFE10BC: 00010A1A rA=[rA] 0001002A
debug> 
r0=00000000
r1=00000023
r2=00000023
rA=1EFE1322 [rA]=51503134
rB=1EFE0FC8 [rB]=00210A0F
rC=00000000
1EFE10C0: 0001002A r0=byte[rA] 00010200
debug> 
r0=00000034
r1=00000023
r2=00000023
rA=1EFE1322 [rA]=51503134
rB=1EFE0FC8 [rB]=00210A0F
rC=00000000
1EFE10C4: 00010200 r2=r0 0021000F
debug> 
r0=00000034
r1=00000023
r2=00000034
rA=1EFE1322 [rA]=51503134
rB=1EFE0FC8 [rB]=00210A0F
rC=00000000
1EFE10C8: 0021000F r0= 00000001
debug> 
r0=00000001
r1=00000023
r2=00000034
rA=1EFE1322 [rA]=51503134
rB=1EFE0FC8 [rB]=00210A0F
rC=00000000
1EFE10D0: 0001010A r1=r0 00020001
debug> 
r0=00000001
r1=1EFE1322
r2=00000034
rA=1EFE1322 [rA]=51503134
rB=1EFE0FC8 [rB]=00210A0F
rC=00000000
1EFE10D4: 00020001 r0=r0+r1 00210A0F
debug> 
r0=1EFE1323
r1=1EFE1322
r2=00000034
rA=1EFE1322 [rA]=51503134
rB=1EFE0FC8 [rB]=00210A0F
rC=00000000
1EFE10D8: 00210A0F rA= 1EFE1301
debug> 
r0=1EFE1323
r1=1EFE1322
r2=00000034
rA=1EFE1301 [rA]=1EFE1322
rB=1EFE0FC8 [rB]=00210A0F
rC=00000000
1EFE10E0: 00011A00 [rA]=r0 00010102
debug> 
r0=1EFE1323
r1=1EFE1322
r2=00000034
rA=1EFE1301 [rA]=1EFE1323
rB=1EFE0FC8 [rB]=00210A0F
rC=00000000
1EFE10E4: 00010102 r1=r0 0021000F
debug> 
r0=1EFE1323
r1=00000034
r2=00000034
rA=1EFE1301 [rA]=1EFE1323
rB=1EFE0FC8 [rB]=00210A0F
rC=00000000
1EFE10E8: 0021000F r0= 00000023
debug> 
r0=00000023
r1=00000034
r2=00000034
rA=1EFE1301 [rA]=1EFE1323
rB=1EFE0FC8 [rB]=00210A0F
rC=00000000
1EFE10F0: 00030001 r0=r0-r1 000C3FFF
debug> 
r0=FFFFFFEF
r1=00000034
r2=00000034
rA=1EFE1301 [rA]=1EFE1323
rB=1EFE0FC8 [rB]=00210A0F
rC=00000000
1EFE10F4: 000C3FFF bz 00000014
debug> 
r0=FFFFFFEF
r1=00000034
r2=00000034
rA=1EFE1301 [rA]=1EFE1323
rB=1EFE0FC8 [rB]=00210A0F
rC=00000000
1EFE10FC: 0021000F r0= 00000031
debug> 
r0=00000031
r1=00000034
r2=00000034
rA=1EFE1301 [rA]=1EFE1323
rB=1EFE0FC8 [rB]=00210A0F
rC=00000000
1EFE1104: 00030001 r0=r0-r1 000C3FFF
debug> 
r0=FFFFFFFD
r1=00000034
r2=00000034
rA=1EFE1301 [rA]=1EFE1323
rB=1EFE0FC8 [rB]=00210A0F
rC=00000000
1EFE1108: 000C3FFF bz 00000018
debug> 
r0=FFFFFFFD
r1=00000034
r2=00000034
rA=1EFE1301 [rA]=1EFE1323
rB=1EFE0FC8 [rB]=00210A0F
rC=00000000
1EFE1110: 0021000F r0= 00000034
debug> 
r0=00000034
r1=00000034
r2=00000034
rA=1EFE1301 [rA]=1EFE1323
rB=1EFE0FC8 [rB]=00210A0F
rC=00000000
1EFE1118: 00030001 r0=r0-r1 000C3FFF
debug> 
r0=00000000
r1=00000034
r2=00000034
rA=1EFE1301 [rA]=1EFE1323
rB=1EFE0FC8 [rB]=00210A0F
rC=00000000
1EFE111C: 000C3FFF bz 00000025
debug> 
r0=00000000
r1=00000034
r2=00000034
rA=1EFE1301 [rA]=1EFE1323
rB=1EFE0FC8 [rB]=00210A0F
rC=00000000
1EFE11B8: 00210A0F rA= 1EFE1309
debug> 
r0=00000000
r1=00000034
r2=00000034
rA=1EFE1309 [rA]=00000000
rB=1EFE0FC8 [rB]=00210A0F
rC=00000000
1EFE11C0: 0001001A r0=[rA] 00010100
debug> 
r0=00000000
r1=00000034
r2=00000034
rA=1EFE1309 [rA]=00000000
rB=1EFE0FC8 [rB]=00210A0F
rC=00000000
1EFE11C4: 00010100 r1=r0 00020001
debug> 
r0=00000000
r1=00000000
r2=00000034
rA=1EFE1309 [rA]=00000000
rB=1EFE0FC8 [rB]=00210A0F
rC=00000000
1EFE11C8: 00020001 r0=r0+r1 00010100
debug> 
r0=00000000
r1=00000000
r2=00000034
rA=1EFE1309 [rA]=00000000
rB=1EFE0FC8 [rB]=00210A0F
rC=00000000
1EFE11CC: 00010100 r1=r0 00020001
debug> 
r0=00000000
r1=00000000
r2=00000034
rA=1EFE1309 [rA]=00000000
rB=1EFE0FC8 [rB]=00210A0F
rC=00000000
1EFE11D0: 00020001 r0=r0+r1 00010100
debug> 
r0=00000000
r1=00000000
r2=00000034
rA=1EFE1309 [rA]=00000000
rB=1EFE0FC8 [rB]=00210A0F
rC=00000000
1EFE11D4: 00010100 r1=r0 00020001
debug> 
r0=00000000
r1=00000000
r2=00000034
rA=1EFE1309 [rA]=00000000
rB=1EFE0FC8 [rB]=00210A0F
rC=00000000
1EFE11D8: 00020001 r0=r0+r1 00010100
debug> 
r0=00000000
r1=00000000
r2=00000034
rA=1EFE1309 [rA]=00000000
rB=1EFE0FC8 [rB]=00210A0F
rC=00000000
1EFE11DC: 00010100 r1=r0 00020001
debug> 
r0=00000000
r1=00000000
r2=00000034
rA=1EFE1309 [rA]=00000000
rB=1EFE0FC8 [rB]=00210A0F
rC=00000000
1EFE11E0: 00020001 r0=r0+r1 00010100
debug> 
r0=00000000
r1=00000000
r2=00000034
rA=1EFE1309 [rA]=00000000
rB=1EFE0FC8 [rB]=00210A0F
rC=00000000
1EFE11E4: 00010100 r1=r0 0021000F
debug> 
r0=00000000
r1=00000000
r2=00000034
rA=1EFE1309 [rA]=00000000
rB=1EFE0FC8 [rB]=00210A0F
rC=00000000
1EFE11E8: 0021000F r0= 00000004
debug> 
r0=00000004
r1=00000000
r2=00000034
rA=1EFE1309 [rA]=00000000
rB=1EFE0FC8 [rB]=00210A0F
rC=00000000
1EFE11F0: 00020001 r0=r0+r1 00011A00
debug> 
r0=00000004
r1=00000000
r2=00000034
rA=1EFE1309 [rA]=00000000
rB=1EFE0FC8 [rB]=00210A0F
rC=00000000
1EFE11F4: 00011A00 [rA]=r0 0021000F
debug> 
r0=00000004
r1=00000000
r2=00000034
rA=1EFE1309 [rA]=00000004
rB=1EFE0FC8 [rB]=00210A0F
rC=00000000
1EFE11F8: 0021000F r0= 00000000
debug> 
r0=00000000
r1=00000000
r2=00000034
rA=1EFE1309 [rA]=00000004
rB=1EFE0FC8 [rB]=00210A0F
rC=00000000
1EFE1200: 000C3FFF bz FFFFFFAB
debug> 
r0=00000000
r1=00000000
r2=00000034
rA=1EFE1309 [rA]=00000004
rB=1EFE0FC8 [rB]=00210A0F
rC=00000000
1EFE10B4: 00210A0F rA= 1EFE1301
debug> 
r0=00000000
r1=00000000
r2=00000034
rA=1EFE1301 [rA]=1EFE1323
rB=1EFE0FC8 [rB]=00210A0F
rC=00000000
1EFE10BC: 00010A1A rA=[rA] 0001002A
debug> 
r0=00000000
r1=00000000
r2=00000034
rA=1EFE1323 [rA]=0A515031
rB=1EFE0FC8 [rB]=00210A0F
rC=00000000
1EFE10C0: 0001002A r0=byte[rA] 00010200
debug> 
r0=00000031
r1=00000000
r2=00000034
rA=1EFE1323 [rA]=0A515031
rB=1EFE0FC8 [rB]=00210A0F
rC=00000000
1EFE10C4: 00010200 r2=r0 0021000F
debug> 
r0=00000031
r1=00000000
r2=00000031
rA=1EFE1323 [rA]=0A515031
rB=1EFE0FC8 [rB]=00210A0F
rC=00000000
1EFE10C8: 0021000F r0= 00000001
debug> 
r0=00000001
r1=00000000
r2=00000031
rA=1EFE1323 [rA]=0A515031
rB=1EFE0FC8 [rB]=00210A0F
rC=00000000
1EFE10D0: 0001010A r1=r0 00020001
debug> 
r0=00000001
r1=1EFE1323
r2=00000031
rA=1EFE1323 [rA]=0A515031
rB=1EFE0FC8 [rB]=00210A0F
rC=00000000
1EFE10D4: 00020001 r0=r0+r1 00210A0F
debug> 
r0=1EFE1324
r1=1EFE1323
r2=00000031
rA=1EFE1323 [rA]=0A515031
rB=1EFE0FC8 [rB]=00210A0F
rC=00000000
1EFE10D8: 00210A0F rA= 1EFE1301
debug> 
r0=1EFE1324
r1=1EFE1323
r2=00000031
rA=1EFE1301 [rA]=1EFE1323
rB=1EFE0FC8 [rB]=00210A0F
rC=00000000
1EFE10E0: 00011A00 [rA]=r0 00010102
debug> 
r0=1EFE1324
r1=1EFE1323
r2=00000031
rA=1EFE1301 [rA]=1EFE1324
rB=1EFE0FC8 [rB]=00210A0F
rC=00000000
1EFE10E4: 00010102 r1=r0 0021000F
debug> 
r0=1EFE1324
r1=00000031
r2=00000031
rA=1EFE1301 [rA]=1EFE1324
rB=1EFE0FC8 [rB]=00210A0F
rC=00000000
1EFE10E8: 0021000F r0= 00000023
debug> 
r0=00000023
r1=00000031
r2=00000031
rA=1EFE1301 [rA]=1EFE1324
rB=1EFE0FC8 [rB]=00210A0F
rC=00000000
1EFE10F0: 00030001 r0=r0-r1 000C3FFF
debug> 
r0=FFFFFFF2
r1=00000031
r2=00000031
rA=1EFE1301 [rA]=1EFE1324
rB=1EFE0FC8 [rB]=00210A0F
rC=00000000
1EFE10F4: 000C3FFF bz 00000014
debug> 
r0=FFFFFFF2
r1=00000031
r2=00000031
rA=1EFE1301 [rA]=1EFE1324
rB=1EFE0FC8 [rB]=00210A0F
rC=00000000
1EFE10FC: 0021000F r0= 00000031
debug> 
r0=00000031
r1=00000031
r2=00000031
rA=1EFE1301 [rA]=1EFE1324
rB=1EFE0FC8 [rB]=00210A0F
rC=00000000
1EFE1104: 00030001 r0=r0-r1 000C3FFF
debug> 
r0=00000000
r1=00000031
r2=00000031
rA=1EFE1301 [rA]=1EFE1324
rB=1EFE0FC8 [rB]=00210A0F
rC=00000000
1EFE1108: 000C3FFF bz 00000018
debug> 
r0=00000000
r1=00000031
r2=00000031
rA=1EFE1301 [rA]=1EFE1324
rB=1EFE0FC8 [rB]=00210A0F
rC=00000000
1EFE1170: 00210A0F rA= 1EFE1309
debug> 
r0=00000000
r1=00000031
r2=00000031
rA=1EFE1309 [rA]=00000004
rB=1EFE0FC8 [rB]=00210A0F
rC=00000000
1EFE1178: 0001001A r0=[rA] 00010100
debug> 
r0=00000004
r1=00000031
r2=00000031
rA=1EFE1309 [rA]=00000004
rB=1EFE0FC8 [rB]=00210A0F
rC=00000000
1EFE117C: 00010100 r1=r0 00020001
debug> 
r0=00000004
r1=00000004
r2=00000031
rA=1EFE1309 [rA]=00000004
rB=1EFE0FC8 [rB]=00210A0F
rC=00000000
1EFE1180: 00020001 r0=r0+r1 00010100
debug> 
r0=00000008
r1=00000004
r2=00000031
rA=1EFE1309 [rA]=00000004
rB=1EFE0FC8 [rB]=00210A0F
rC=00000000
1EFE1184: 00010100 r1=r0 00020001
debug> 
r0=00000008
r1=00000008
r2=00000031
rA=1EFE1309 [rA]=00000004
rB=1EFE0FC8 [rB]=00210A0F
rC=00000000
1EFE1188: 00020001 r0=r0+r1 00010100
debug> 
r0=00000010
r1=00000008
r2=00000031
rA=1EFE1309 [rA]=00000004
rB=1EFE0FC8 [rB]=00210A0F
rC=00000000
1EFE118C: 00010100 r1=r0 00020001
debug> 
r0=00000010
r1=00000010
r2=00000031
rA=1EFE1309 [rA]=00000004
rB=1EFE0FC8 [rB]=00210A0F
rC=00000000
1EFE1190: 00020001 r0=r0+r1 00010100
debug> 
r0=00000020
r1=00000010
r2=00000031
rA=1EFE1309 [rA]=00000004
rB=1EFE0FC8 [rB]=00210A0F
rC=00000000
1EFE1194: 00010100 r1=r0 00020001
debug> 
r0=00000020
r1=00000020
r2=00000031
rA=1EFE1309 [rA]=00000004
rB=1EFE0FC8 [rB]=00210A0F
rC=00000000
1EFE1198: 00020001 r0=r0+r1 00010100
debug> 
r0=00000040
r1=00000020
r2=00000031
rA=1EFE1309 [rA]=00000004
rB=1EFE0FC8 [rB]=00210A0F
rC=00000000
1EFE119C: 00010100 r1=r0 0021000F
debug> 
r0=00000040
r1=00000040
r2=00000031
rA=1EFE1309 [rA]=00000004
rB=1EFE0FC8 [rB]=00210A0F
rC=00000000
1EFE11A0: 0021000F r0= 00000001
debug> 
r0=00000001
r1=00000040
r2=00000031
rA=1EFE1309 [rA]=00000004
rB=1EFE0FC8 [rB]=00210A0F
rC=00000000
1EFE11A8: 00020001 r0=r0+r1 00011A00
debug> 
r0=00000041
r1=00000040
r2=00000031
rA=1EFE1309 [rA]=00000004
rB=1EFE0FC8 [rB]=00210A0F
rC=00000000
1EFE11AC: 00011A00 [rA]=r0 000C3FFF
debug> 
r0=00000041
r1=00000040
r2=00000031
rA=1EFE1309 [rA]=00000041
rB=1EFE0FC8 [rB]=00210A0F
rC=00000000
1EFE11B0: 000C3FFF bz FFFFFFBF
debug> 
r0=00000041
r1=00000040
r2=00000031
rA=1EFE1309 [rA]=00000041
rB=1EFE0FC8 [rB]=00210A0F
rC=00000000
1EFE11B8: 00210A0F rA= 1EFE1309
debug> 
r0=00000041
r1=00000040
r2=00000031
rA=1EFE1309 [rA]=00000041
rB=1EFE0FC8 [rB]=00210A0F
rC=00000000
1EFE11C0: 0001001A r0=[rA] 00010100
debug> 
r0=00000041
r1=00000040
r2=00000031
rA=1EFE1309 [rA]=00000041
rB=1EFE0FC8 [rB]=00210A0F
rC=00000000
1EFE11C4: 00010100 r1=r0 00020001
debug> 
r0=00000041
r1=00000041
r2=00000031
rA=1EFE1309 [rA]=00000041
rB=1EFE0FC8 [rB]=00210A0F
rC=00000000
1EFE11C8: 00020001 r0=r0+r1 00010100
debug> 
r0=00000082
r1=00000041
r2=00000031
rA=1EFE1309 [rA]=00000041
rB=1EFE0FC8 [rB]=00210A0F
rC=00000000
1EFE11CC: 00010100 r1=r0 00020001
debug> 
r0=00000082
r1=00000082
r2=00000031
rA=1EFE1309 [rA]=00000041
rB=1EFE0FC8 [rB]=00210A0F
rC=00000000
1EFE11D0: 00020001 r0=r0+r1 00010100
debug> 
r0=00000104
r1=00000082
r2=00000031
rA=1EFE1309 [rA]=00000041
rB=1EFE0FC8 [rB]=00210A0F
rC=00000000
1EFE11D4: 00010100 r1=r0 00020001
debug> 
r0=00000104
r1=00000104
r2=00000031
rA=1EFE1309 [rA]=00000041
rB=1EFE0FC8 [rB]=00210A0F
rC=00000000
1EFE11D8: 00020001 r0=r0+r1 00010100
debug> 
r0=00000208
r1=00000104
r2=00000031
rA=1EFE1309 [rA]=00000041
rB=1EFE0FC8 [rB]=00210A0F
rC=00000000
1EFE11DC: 00010100 r1=r0 00020001
debug> 
r0=00000208
r1=00000208
r2=00000031
rA=1EFE1309 [rA]=00000041
rB=1EFE0FC8 [rB]=00210A0F
rC=00000000
1EFE11E0: 00020001 r0=r0+r1 00010100
debug> 
r0=00000410
r1=00000208
r2=00000031
rA=1EFE1309 [rA]=00000041
rB=1EFE0FC8 [rB]=00210A0F
rC=00000000
1EFE11E4: 00010100 r1=r0 0021000F
debug> 
r0=00000410
r1=00000410
r2=00000031
rA=1EFE1309 [rA]=00000041
rB=1EFE0FC8 [rB]=00210A0F
rC=00000000
1EFE11E8: 0021000F r0= 00000004
debug> 
r0=00000004
r1=00000410
r2=00000031
rA=1EFE1309 [rA]=00000041
rB=1EFE0FC8 [rB]=00210A0F
rC=00000000
1EFE11F0: 00020001 r0=r0+r1 00011A00
debug> 
r0=00000414
r1=00000410
r2=00000031
rA=1EFE1309 [rA]=00000041
rB=1EFE0FC8 [rB]=00210A0F
rC=00000000
1EFE11F4: 00011A00 [rA]=r0 0021000F
debug> 
r0=00000414
r1=00000410
r2=00000031
rA=1EFE1309 [rA]=00000414
rB=1EFE0FC8 [rB]=00210A0F
rC=00000000
1EFE11F8: 0021000F r0= 00000000
debug> 
r0=00000000
r1=00000410
r2=00000031
rA=1EFE1309 [rA]=00000414
rB=1EFE0FC8 [rB]=00210A0F
rC=00000000
1EFE1200: 000C3FFF bz FFFFFFAB
debug> 
r0=00000000
r1=00000410
r2=00000031
rA=1EFE1309 [rA]=00000414
rB=1EFE0FC8 [rB]=00210A0F
rC=00000000
1EFE10B4: 00210A0F rA= 1EFE1301
debug> 
r0=00000000
r1=00000410
r2=00000031
rA=1EFE1301 [rA]=1EFE1324
rB=1EFE0FC8 [rB]=00210A0F
rC=00000000
1EFE10BC: 00010A1A rA=[rA] 0001002A
debug> 
r0=00000000
r1=00000410
r2=00000031
rA=1EFE1324 [rA]=000A5150
rB=1EFE0FC8 [rB]=00210A0F
rC=00000000
1EFE10C0: 0001002A r0=byte[rA] 00010200
debug> 
r0=00000050
r1=00000410
r2=00000031
rA=1EFE1324 [rA]=000A5150
rB=1EFE0FC8 [rB]=00210A0F
rC=00000000
1EFE10C4: 00010200 r2=r0 0021000F
debug> 
r0=00000050
r1=00000410
r2=00000050
rA=1EFE1324 [rA]=000A5150
rB=1EFE0FC8 [rB]=00210A0F
rC=00000000
1EFE10C8: 0021000F r0= 00000001
debug> 
r0=00000001
r1=00000410
r2=00000050
rA=1EFE1324 [rA]=000A5150
rB=1EFE0FC8 [rB]=00210A0F
rC=00000000
1EFE10D0: 0001010A r1=r0 00020001
debug> 
r0=00000001
r1=1EFE1324
r2=00000050
rA=1EFE1324 [rA]=000A5150
rB=1EFE0FC8 [rB]=00210A0F
rC=00000000
1EFE10D4: 00020001 r0=r0+r1 00210A0F
debug> 
r0=1EFE1325
r1=1EFE1324
r2=00000050
rA=1EFE1324 [rA]=000A5150
rB=1EFE0FC8 [rB]=00210A0F
rC=00000000
1EFE10D8: 00210A0F rA= 1EFE1301
debug> 
r0=1EFE1325
r1=1EFE1324
r2=00000050
rA=1EFE1301 [rA]=1EFE1324
rB=1EFE0FC8 [rB]=00210A0F
rC=00000000
1EFE10E0: 00011A00 [rA]=r0 00010102
debug> 
r0=1EFE1325
r1=1EFE1324
r2=00000050
rA=1EFE1301 [rA]=1EFE1325
rB=1EFE0FC8 [rB]=00210A0F
rC=00000000
1EFE10E4: 00010102 r1=r0 0021000F
debug> 
r0=1EFE1325
r1=00000050
r2=00000050
rA=1EFE1301 [rA]=1EFE1325
rB=1EFE0FC8 [rB]=00210A0F
rC=00000000
1EFE10E8: 0021000F r0= 00000023
debug> 
r0=00000023
r1=00000050
r2=00000050
rA=1EFE1301 [rA]=1EFE1325
rB=1EFE0FC8 [rB]=00210A0F
rC=00000000
1EFE10F0: 00030001 r0=r0-r1 000C3FFF
debug> 
r0=FFFFFFD3
r1=00000050
r2=00000050
rA=1EFE1301 [rA]=1EFE1325
rB=1EFE0FC8 [rB]=00210A0F
rC=00000000
1EFE10F4: 000C3FFF bz 00000014
debug> 
r0=FFFFFFD3
r1=00000050
r2=00000050
rA=1EFE1301 [rA]=1EFE1325
rB=1EFE0FC8 [rB]=00210A0F
rC=00000000
1EFE10FC: 0021000F r0= 00000031
debug> 
r0=00000031
r1=00000050
r2=00000050
rA=1EFE1301 [rA]=1EFE1325
rB=1EFE0FC8 [rB]=00210A0F
rC=00000000
1EFE1104: 00030001 r0=r0-r1 000C3FFF
debug> 
r0=FFFFFFE1
r1=00000050
r2=00000050
rA=1EFE1301 [rA]=1EFE1325
rB=1EFE0FC8 [rB]=00210A0F
rC=00000000
1EFE1108: 000C3FFF bz 00000018
debug> 
r0=FFFFFFE1
r1=00000050
r2=00000050
rA=1EFE1301 [rA]=1EFE1325
rB=1EFE0FC8 [rB]=00210A0F
rC=00000000
1EFE1110: 0021000F r0= 00000034
debug> 
r0=00000034
r1=00000050
r2=00000050
rA=1EFE1301 [rA]=1EFE1325
rB=1EFE0FC8 [rB]=00210A0F
rC=00000000
1EFE1118: 00030001 r0=r0-r1 000C3FFF
debug> 
r0=FFFFFFE4
r1=00000050
r2=00000050
rA=1EFE1301 [rA]=1EFE1325
rB=1EFE0FC8 [rB]=00210A0F
rC=00000000
1EFE111C: 000C3FFF bz 00000025
debug> 
r0=FFFFFFE4
r1=00000050
r2=00000050
rA=1EFE1301 [rA]=1EFE1325
rB=1EFE0FC8 [rB]=00210A0F
rC=00000000
1EFE1124: 0021000F r0= 00000050
debug> 
r0=00000050
r1=00000050
r2=00000050
rA=1EFE1301 [rA]=1EFE1325
rB=1EFE0FC8 [rB]=00210A0F
rC=00000000
1EFE112C: 00030001 r0=r0-r1 000C3FFF
debug> 
r0=00000000
r1=00000050
r2=00000050
rA=1EFE1301 [rA]=1EFE1325
rB=1EFE0FC8 [rB]=00210A0F
rC=00000000
1EFE1130: 000C3FFF bz 00000034
debug> 
r0=00000000
r1=00000050
r2=00000050
rA=1EFE1301 [rA]=1EFE1325
rB=1EFE0FC8 [rB]=00210A0F
rC=00000000
1EFE1208: 00210A0F rA= 1EFE1309
debug> 
r0=00000000
r1=00000050
r2=00000050
rA=1EFE1309 [rA]=00000414
rB=1EFE0FC8 [rB]=00210A0F
rC=00000000
1EFE1210: 0001001A r0=[rA] 0011FF00
debug> 
r0=00000414
r1=00000050
r2=00000050
rA=1EFE1309 [rA]=00000414
rB=1EFE0FC8 [rB]=00210A0F
rC=00000000
1EFE1214: 0011FF00 putchar 0021000F
debug> 
r0=00000414
r1=00000050
r2=00000050
rA=1EFE1309 [rA]=00000414
rB=1EFE0FC8 [rB]=00210A0F
rC=00000000
1EFE1218: 0021000F r0= 00000000
debug> 
r0=00000000
r1=00000050
r2=00000050
rA=1EFE1309 [rA]=00000414
rB=1EFE0FC8 [rB]=00210A0F
rC=00000000
1EFE1220: 000C3FFF bz FFFFFFA3
debug> 
r0=00000000
r1=00000050
r2=00000050
rA=1EFE1309 [rA]=00000414
rB=1EFE0FC8 [rB]=00210A0F
rC=00000000
1EFE10B4: 00210A0F rA= 1EFE1301
debug> 
r0=00000000
r1=00000050
r2=00000050
rA=1EFE1301 [rA]=1EFE1325
rB=1EFE0FC8 [rB]=00210A0F
rC=00000000
1EFE10BC: 00010A1A rA=[rA] 0001002A
debug> 
r0=00000000
r1=00000050
r2=00000050
rA=1EFE1325 [rA]=00000A51
rB=1EFE0FC8 [rB]=00210A0F
rC=00000000
1EFE10C0: 0001002A r0=byte[rA] 00010200
debug> 
r0=00000051
r1=00000050
r2=00000050
rA=1EFE1325 [rA]=00000A51
rB=1EFE0FC8 [rB]=00210A0F
rC=00000000
1EFE10C4: 00010200 r2=r0 0021000F
debug> 
r0=00000051
r1=00000050
r2=00000051
rA=1EFE1325 [rA]=00000A51
rB=1EFE0FC8 [rB]=00210A0F
rC=00000000
1EFE10C8: 0021000F r0= 00000001
debug> 
r0=00000001
r1=00000050
r2=00000051
rA=1EFE1325 [rA]=00000A51
rB=1EFE0FC8 [rB]=00210A0F
rC=00000000
1EFE10D0: 0001010A r1=r0 00020001
debug> 
r0=00000001
r1=1EFE1325
r2=00000051
rA=1EFE1325 [rA]=00000A51
rB=1EFE0FC8 [rB]=00210A0F
rC=00000000
1EFE10D4: 00020001 r0=r0+r1 00210A0F
debug> 
r0=1EFE1326
r1=1EFE1325
r2=00000051
rA=1EFE1325 [rA]=00000A51
rB=1EFE0FC8 [rB]=00210A0F
rC=00000000
1EFE10D8: 00210A0F rA= 1EFE1301
debug> 
r0=1EFE1326
r1=1EFE1325
r2=00000051
rA=1EFE1301 [rA]=1EFE1325
rB=1EFE0FC8 [rB]=00210A0F
rC=00000000
1EFE10E0: 00011A00 [rA]=r0 00010102
debug> 
r0=1EFE1326
r1=1EFE1325
r2=00000051
rA=1EFE1301 [rA]=1EFE1326
rB=1EFE0FC8 [rB]=00210A0F
rC=00000000
1EFE10E4: 00010102 r1=r0 0021000F
debug> 
r0=1EFE1326
r1=00000051
r2=00000051
rA=1EFE1301 [rA]=1EFE1326
rB=1EFE0FC8 [rB]=00210A0F
rC=00000000
1EFE10E8: 0021000F r0= 00000023
debug> 
r0=00000023
r1=00000051
r2=00000051
rA=1EFE1301 [rA]=1EFE1326
rB=1EFE0FC8 [rB]=00210A0F
rC=00000000
1EFE10F0: 00030001 r0=r0-r1 000C3FFF
debug> 
r0=FFFFFFD2
r1=00000051
r2=00000051
rA=1EFE1301 [rA]=1EFE1326
rB=1EFE0FC8 [rB]=00210A0F
rC=00000000
1EFE10F4: 000C3FFF bz 00000014
debug> 
r0=FFFFFFD2
r1=00000051
r2=00000051
rA=1EFE1301 [rA]=1EFE1326
rB=1EFE0FC8 [rB]=00210A0F
rC=00000000
1EFE10FC: 0021000F r0= 00000031
debug> 
r0=00000031
r1=00000051
r2=00000051
rA=1EFE1301 [rA]=1EFE1326
rB=1EFE0FC8 [rB]=00210A0F
rC=00000000
1EFE1104: 00030001 r0=r0-r1 000C3FFF
debug> 
r0=FFFFFFE0
r1=00000051
r2=00000051
rA=1EFE1301 [rA]=1EFE1326
rB=1EFE0FC8 [rB]=00210A0F
rC=00000000
1EFE1108: 000C3FFF bz 00000018
debug> 
r0=FFFFFFE0
r1=00000051
r2=00000051
rA=1EFE1301 [rA]=1EFE1326
rB=1EFE0FC8 [rB]=00210A0F
rC=00000000
1EFE1110: 0021000F r0= 00000034
debug> 
r0=00000034
r1=00000051
r2=00000051
rA=1EFE1301 [rA]=1EFE1326
rB=1EFE0FC8 [rB]=00210A0F
rC=00000000
1EFE1118: 00030001 r0=r0-r1 000C3FFF
debug> 
r0=FFFFFFE3
r1=00000051
r2=00000051
rA=1EFE1301 [rA]=1EFE1326
rB=1EFE0FC8 [rB]=00210A0F
rC=00000000
1EFE111C: 000C3FFF bz 00000025
debug> 
r0=FFFFFFE3
r1=00000051
r2=00000051
rA=1EFE1301 [rA]=1EFE1326
rB=1EFE0FC8 [rB]=00210A0F
rC=00000000
1EFE1124: 0021000F r0= 00000050
debug> 
r0=00000050
r1=00000051
r2=00000051
rA=1EFE1301 [rA]=1EFE1326
rB=1EFE0FC8 [rB]=00210A0F
rC=00000000
1EFE112C: 00030001 r0=r0-r1 000C3FFF
debug> 
r0=FFFFFFFF
r1=00000051
r2=00000051
rA=1EFE1301 [rA]=1EFE1326
rB=1EFE0FC8 [rB]=00210A0F
rC=00000000
1EFE1130: 000C3FFF bz 00000034
debug> 
r0=FFFFFFFF
r1=00000051
r2=00000051
rA=1EFE1301 [rA]=1EFE1326
rB=1EFE0FC8 [rB]=00210A0F
rC=00000000
1EFE1138: 0021000F r0= 00000051
debug> 
r0=00000051
r1=00000051
r2=00000051
rA=1EFE1301 [rA]=1EFE1326
rB=1EFE0FC8 [rB]=00210A0F
rC=00000000
1EFE1140: 00030001 r0=r0-r1 000C3FFF
debug> 
r0=00000000
r1=00000051
r2=00000051
rA=1EFE1301 [rA]=1EFE1326
rB=1EFE0FC8 [rB]=00210A0F
rC=00000000
1EFE1144: 000C3FFF bz 00000037
debug> 
r0=00000000
r1=00000051
r2=00000051
rA=1EFE1301 [rA]=1EFE1326
rB=1EFE0FC8 [rB]=00210A0F
rC=00000000
1EFE1228: 00FFFFFF exit 000E0001
debug> 